# GGADT v1.2.1
# =-=-=
# Total cross sections as a function of energy
# -----------------------------------
# Parameter values
# -----------------------------------
# a_eff:                               8.90000E-01 micron
# ephot_min:                           6.00000E-01kiloelectron-vo
# ephot_max:                           8.00000E-01kiloelectron-vo
# nephots:                                     200
# Material file:                                   hematite
# geometry:                                        ellipsoid
# angle_mode:                                      random
# ngrain:                                      128
# norientations:                                 1
# grain-axis-z:                        9.95633E-01 micron
# grain-axis-y:                        9.95633E-01 micron
# grain-axis-z:                        7.11167E-01 micron
# grid-width:                          1.99127E+00 micron
# axes-convention:                                 ddscat
# parameter_file_name:                             large_params_random.ini
# -----------------------------------
 # [ephot (kiloelectron-volt)] [Q_sca] [Q_abs] [Q_ext]
  6.0000E-01  9.5165E-01  8.6315E-01  1.8148E+00
  6.0100E-01  9.5194E-01  8.6292E-01  1.8149E+00
  6.0200E-01  9.5222E-01  8.6269E-01  1.8149E+00
  6.0300E-01  9.5251E-01  8.6245E-01  1.8150E+00
  6.0400E-01  9.5279E-01  8.6221E-01  1.8150E+00
  6.0500E-01  9.5308E-01  8.6197E-01  1.8150E+00
  6.0600E-01  9.5337E-01  8.6172E-01  1.8151E+00
  6.0700E-01  9.5365E-01  8.6146E-01  1.8151E+00
  6.0800E-01  9.5394E-01  8.6121E-01  1.8151E+00
  6.0900E-01  9.5417E-01  8.6097E-01  1.8151E+00
  6.1000E-01  9.5441E-01  8.6073E-01  1.8151E+00
  6.1100E-01  9.5464E-01  8.6049E-01  1.8151E+00
  6.1200E-01  9.5487E-01  8.6024E-01  1.8151E+00
  6.1300E-01  9.5510E-01  8.5999E-01  1.8151E+00
  6.1400E-01  9.5533E-01  8.5974E-01  1.8151E+00
  6.1500E-01  9.5556E-01  8.5948E-01  1.8150E+00
  6.1600E-01  9.5578E-01  8.5921E-01  1.8150E+00
  6.1700E-01  9.5601E-01  8.5895E-01  1.8150E+00
  6.1800E-01  9.5621E-01  8.5868E-01  1.8149E+00
  6.1900E-01  9.5638E-01  8.5843E-01  1.8148E+00
  6.2000E-01  9.5654E-01  8.5818E-01  1.8147E+00
  6.2100E-01  9.5670E-01  8.5792E-01  1.8146E+00
  6.2200E-01  9.5685E-01  8.5766E-01  1.8145E+00
  6.2300E-01  9.5700E-01  8.5739E-01  1.8144E+00
  6.2400E-01  9.5715E-01  8.5713E-01  1.8143E+00
  6.2500E-01  9.5729E-01  8.5685E-01  1.8141E+00
  6.2600E-01  9.5743E-01  8.5657E-01  1.8140E+00
  6.2700E-01  9.5757E-01  8.5629E-01  1.8139E+00
  6.2800E-01  9.5769E-01  8.5601E-01  1.8137E+00
  6.2900E-01  9.5777E-01  8.5574E-01  1.8135E+00
  6.3000E-01  9.5784E-01  8.5546E-01  1.8133E+00
  6.3100E-01  9.5791E-01  8.5519E-01  1.8131E+00
  6.3200E-01  9.5797E-01  8.5490E-01  1.8129E+00
  6.3300E-01  9.5803E-01  8.5462E-01  1.8126E+00
  6.3400E-01  9.5809E-01  8.5432E-01  1.8124E+00
  6.3500E-01  9.5814E-01  8.5403E-01  1.8122E+00
  6.3600E-01  9.5819E-01  8.5373E-01  1.8119E+00
  6.3700E-01  9.5823E-01  8.5342E-01  1.8117E+00
  6.3800E-01  9.5826E-01  8.5311E-01  1.8114E+00
  6.3900E-01  9.5824E-01  8.5282E-01  1.8111E+00
  6.4000E-01  9.5821E-01  8.5251E-01  1.8107E+00
  6.4100E-01  9.5819E-01  8.5221E-01  1.8104E+00
  6.4200E-01  9.5815E-01  8.5190E-01  1.8101E+00
  6.4300E-01  9.5812E-01  8.5158E-01  1.8097E+00
  6.4400E-01  9.5809E-01  8.5126E-01  1.8094E+00
  6.4500E-01  9.5806E-01  8.5094E-01  1.8090E+00
  6.4600E-01  9.5803E-01  8.5061E-01  1.8086E+00
  6.4700E-01  9.5800E-01  8.5028E-01  1.8083E+00
  6.4800E-01  9.5797E-01  8.4994E-01  1.8079E+00
  6.4900E-01  9.5788E-01  8.4961E-01  1.8075E+00
  6.5000E-01  9.5779E-01  8.4929E-01  1.8071E+00
  6.5100E-01  9.5771E-01  8.4896E-01  1.8067E+00
  6.5200E-01  9.5763E-01  8.4862E-01  1.8063E+00
  6.5300E-01  9.5757E-01  8.4828E-01  1.8059E+00
  6.5400E-01  9.5753E-01  8.4794E-01  1.8055E+00
  6.5500E-01  9.5750E-01  8.4759E-01  1.8051E+00
  6.5600E-01  9.5749E-01  8.4723E-01  1.8047E+00
  6.5700E-01  9.5751E-01  8.4687E-01  1.8044E+00
  6.5800E-01  9.5754E-01  8.4651E-01  1.8041E+00
  6.5900E-01  9.5759E-01  8.4615E-01  1.8037E+00
  6.6000E-01  9.5763E-01  8.4581E-01  1.8034E+00
  6.6100E-01  9.5771E-01  8.4546E-01  1.8032E+00
  6.6200E-01  9.5786E-01  8.4511E-01  1.8030E+00
  6.6300E-01  9.5806E-01  8.4475E-01  1.8028E+00
  6.6400E-01  9.5832E-01  8.4439E-01  1.8027E+00
  6.6500E-01  9.5865E-01  8.4403E-01  1.8027E+00
  6.6600E-01  9.5905E-01  8.4366E-01  1.8027E+00
  6.6700E-01  9.5953E-01  8.4328E-01  1.8028E+00
  6.6800E-01  9.6009E-01  8.4290E-01  1.8030E+00
  6.6900E-01  9.6073E-01  8.4251E-01  1.8032E+00
  6.7000E-01  9.6156E-01  8.4216E-01  1.8037E+00
  6.7100E-01  9.6260E-01  8.4182E-01  1.8044E+00
  6.7200E-01  9.6381E-01  8.4148E-01  1.8053E+00
  6.7300E-01  9.6520E-01  8.4113E-01  1.8063E+00
  6.7400E-01  9.6677E-01  8.4078E-01  1.8076E+00
  6.7500E-01  9.6853E-01  8.4043E-01  1.8090E+00
  6.7600E-01  9.7048E-01  8.4007E-01  1.8106E+00
  6.7700E-01  9.7263E-01  8.3971E-01  1.8123E+00
  6.7800E-01  9.7498E-01  8.3934E-01  1.8143E+00
  6.7900E-01  9.7752E-01  8.3896E-01  1.8165E+00
  6.8000E-01  9.8027E-01  8.3858E-01  1.8189E+00
  6.8100E-01  9.8420E-01  8.3824E-01  1.8224E+00
  6.8200E-01  9.8871E-01  8.3791E-01  1.8266E+00
  6.8300E-01  9.9356E-01  8.3757E-01  1.8311E+00
  6.8400E-01  9.9871E-01  8.3723E-01  1.8359E+00
  6.8500E-01  1.0041E+00  8.3688E-01  1.8410E+00
  6.8600E-01  1.0098E+00  8.3653E-01  1.8463E+00
  6.8700E-01  1.0156E+00  8.3618E-01  1.8518E+00
  6.8800E-01  1.0215E+00  8.3581E-01  1.8573E+00
  6.8900E-01  1.0275E+00  8.3545E-01  1.8629E+00
  6.9000E-01  1.0334E+00  8.3508E-01  1.8685E+00
  6.9100E-01  1.0507E+00  8.3157E-01  1.8823E+00
  6.9200E-01  1.0550E+00  8.3330E-01  1.8883E+00
  6.9300E-01  1.0689E+00  8.3096E-01  1.8998E+00
  6.9400E-01  1.0709E+00  8.3143E-01  1.9023E+00
  6.9500E-01  1.0659E+00  8.3333E-01  1.8992E+00
  6.9600E-01  1.0677E+00  8.3131E-01  1.8990E+00
  6.9700E-01  1.0517E+00  8.3179E-01  1.8835E+00
  6.9800E-01  1.0268E+00  8.3104E-01  1.8578E+00
  6.9900E-01  9.7508E-01  8.3158E-01  1.8067E+00
  7.0000E-01  8.9705E-01  8.3021E-01  1.7273E+00
  7.0100E-01  7.8228E-01  8.3396E-01  1.6162E+00
  7.0200E-01  6.4643E-01  8.3263E-01  1.4791E+00
  7.0300E-01  5.9610E-01  8.3772E-01  1.4338E+00
  7.0400E-01  7.7794E-01  8.4484E-01  1.6228E+00
  7.0500E-01  9.7389E-01  8.6108E-01  1.8350E+00
  7.0600E-01  9.0137E-01  8.9007E-01  1.7914E+00
  7.0700E-01  8.8553E-01  8.9275E-01  1.7783E+00
  7.0800E-01  8.9207E-01  8.9472E-01  1.7868E+00
  7.0900E-01  8.9386E-01  8.9402E-01  1.7879E+00
  7.1000E-01  8.9752E-01  8.9228E-01  1.7898E+00
  7.1100E-01  9.0006E-01  8.9090E-01  1.7910E+00
  7.1200E-01  9.0381E-01  8.8931E-01  1.7931E+00
  7.1300E-01  9.0971E-01  8.8661E-01  1.7963E+00
  7.1400E-01  9.1335E-01  8.8478E-01  1.7981E+00
  7.1500E-01  9.1520E-01  8.8366E-01  1.7989E+00
  7.1600E-01  9.1883E-01  8.8153E-01  1.8004E+00
  7.1700E-01  9.2133E-01  8.7946E-01  1.8008E+00
  7.1800E-01  9.1148E-01  8.8126E-01  1.7927E+00
  7.1900E-01  8.7418E-01  8.8796E-01  1.7621E+00
  7.2000E-01  8.9141E-01  8.9034E-01  1.7818E+00
  7.2100E-01  8.9049E-01  8.9148E-01  1.7820E+00
  7.2200E-01  8.9824E-01  8.9073E-01  1.7890E+00
  7.2300E-01  9.0549E-01  8.8843E-01  1.7939E+00
  7.2400E-01  9.1224E-01  8.8543E-01  1.7977E+00
  7.2500E-01  9.1716E-01  8.8309E-01  1.8002E+00
  7.2600E-01  9.1972E-01  8.8168E-01  1.8014E+00
  7.2700E-01  9.2033E-01  8.8117E-01  1.8015E+00
  7.2800E-01  9.2058E-01  8.8085E-01  1.8014E+00
  7.2900E-01  9.2139E-01  8.8024E-01  1.8016E+00
  7.3000E-01  9.2227E-01  8.7956E-01  1.8018E+00
  7.3100E-01  9.2123E-01  8.7984E-01  1.8011E+00
  7.3200E-01  9.2018E-01  8.8012E-01  1.8003E+00
  7.3300E-01  9.1759E-01  8.8119E-01  1.7988E+00
  7.3400E-01  9.1565E-01  8.8186E-01  1.7975E+00
  7.3500E-01  9.1395E-01  8.8248E-01  1.7964E+00
  7.3600E-01  9.1228E-01  8.8307E-01  1.7953E+00
  7.3700E-01  9.1093E-01  8.8352E-01  1.7944E+00
  7.3800E-01  9.0937E-01  8.8407E-01  1.7934E+00
  7.3900E-01  9.0833E-01  8.8446E-01  1.7928E+00
  7.4000E-01  9.0717E-01  8.8489E-01  1.7921E+00
  7.4100E-01  9.0651E-01  8.8521E-01  1.7917E+00
  7.4200E-01  9.0601E-01  8.8546E-01  1.7915E+00
  7.4300E-01  9.0539E-01  8.8579E-01  1.7912E+00
  7.4400E-01  9.0504E-01  8.8599E-01  1.7910E+00
  7.4500E-01  9.0514E-01  8.8610E-01  1.7912E+00
  7.4600E-01  9.0522E-01  8.8619E-01  1.7914E+00
  7.4700E-01  9.0528E-01  8.8626E-01  1.7915E+00
  7.4800E-01  9.0569E-01  8.8624E-01  1.7919E+00
  7.4900E-01  9.0576E-01  8.8628E-01  1.7920E+00
  7.5000E-01  9.0619E-01  8.8620E-01  1.7924E+00
  7.5100E-01  9.0645E-01  8.8615E-01  1.7926E+00
  7.5200E-01  9.0671E-01  8.8610E-01  1.7928E+00
  7.5300E-01  9.0697E-01  8.8605E-01  1.7930E+00
  7.5400E-01  9.0723E-01  8.8599E-01  1.7932E+00
  7.5500E-01  9.0749E-01  8.8594E-01  1.7934E+00
  7.5600E-01  9.0774E-01  8.8588E-01  1.7936E+00
  7.5700E-01  9.0800E-01  8.8583E-01  1.7938E+00
  7.5800E-01  9.0826E-01  8.8577E-01  1.7940E+00
  7.5900E-01  9.0851E-01  8.8571E-01  1.7942E+00
  7.6000E-01  9.0876E-01  8.8566E-01  1.7944E+00
  7.6100E-01  9.0902E-01  8.8560E-01  1.7946E+00
  7.6200E-01  9.0921E-01  8.8554E-01  1.7947E+00
  7.6300E-01  9.0940E-01  8.8549E-01  1.7949E+00
  7.6400E-01  9.0959E-01  8.8543E-01  1.7950E+00
  7.6500E-01  9.0978E-01  8.8537E-01  1.7952E+00
  7.6600E-01  9.0997E-01  8.8532E-01  1.7953E+00
  7.6700E-01  9.1017E-01  8.8526E-01  1.7954E+00
  7.6800E-01  9.1036E-01  8.8520E-01  1.7956E+00
  7.6900E-01  9.1055E-01  8.8514E-01  1.7957E+00
  7.7000E-01  9.1075E-01  8.8508E-01  1.7958E+00
  7.7100E-01  9.1094E-01  8.8502E-01  1.7960E+00
  7.7200E-01  9.1114E-01  8.8496E-01  1.7961E+00
  7.7300E-01  9.1134E-01  8.8489E-01  1.7962E+00
  7.7400E-01  9.1152E-01  8.8483E-01  1.7964E+00
  7.7500E-01  9.1168E-01  8.8478E-01  1.7965E+00
  7.7600E-01  9.1185E-01  8.8472E-01  1.7966E+00
  7.7700E-01  9.1202E-01  8.8466E-01  1.7967E+00
  7.7800E-01  9.1218E-01  8.8460E-01  1.7968E+00
  7.7900E-01  9.1235E-01  8.8454E-01  1.7969E+00
  7.8000E-01  9.1253E-01  8.8448E-01  1.7970E+00
  7.8100E-01  9.1270E-01  8.8441E-01  1.7971E+00
  7.8200E-01  9.1287E-01  8.8435E-01  1.7972E+00
  7.8300E-01  9.1305E-01  8.8429E-01  1.7973E+00
  7.8400E-01  9.1322E-01  8.8422E-01  1.7974E+00
  7.8500E-01  9.1340E-01  8.8415E-01  1.7976E+00
  7.8600E-01  9.1357E-01  8.8409E-01  1.7977E+00
  7.8700E-01  9.1372E-01  8.8403E-01  1.7977E+00
  7.8800E-01  9.1387E-01  8.8397E-01  1.7978E+00
  7.8900E-01  9.1401E-01  8.8391E-01  1.7979E+00
  7.9000E-01  9.1417E-01  8.8385E-01  1.7980E+00
  7.9100E-01  9.1432E-01  8.8378E-01  1.7981E+00
  7.9200E-01  9.1447E-01  8.8372E-01  1.7982E+00
  7.9300E-01  9.1462E-01  8.8366E-01  1.7983E+00
  7.9400E-01  9.1478E-01  8.8359E-01  1.7984E+00
  7.9500E-01  9.1493E-01  8.8353E-01  1.7985E+00
  7.9600E-01  9.1509E-01  8.8346E-01  1.7986E+00
  7.9700E-01  9.1525E-01  8.8339E-01  1.7986E+00
  7.9800E-01  9.1541E-01  8.8332E-01  1.7987E+00
  7.9900E-01  9.1553E-01  8.8327E-01  1.7988E+00
