# GGADT v1.2.1
# =-=-=
# Total cross sections as a function of energy
# -----------------------------------
# Parameter values
# -----------------------------------
# a_eff:                               2.30000E-01 micron
# ephot_min:                           6.00000E-01kiloelectron-vo
# ephot_max:                           8.00000E-01kiloelectron-vo
# nephots:                                     200
# Material file:                                   hematite
# geometry:                                        ellipsoid
# angle_mode:                                      random
# ngrain:                                      128
# norientations:                                 1
# grain-axis-z:                        2.30000E-01 micron
# grain-axis-y:                        2.30000E-01 micron
# grain-axis-z:                        2.30000E-01 micron
# grid-width:                          4.60000E-01 micron
# axes-convention:                                 ddscat
# parameter_file_name:                             small_params.ini
# -----------------------------------
 # [ephot (kiloelectron-volt)] [Q_sca] [Q_abs] [Q_ext]
  6.0000E-01  1.2279E+00  6.5804E-01  1.8859E+00
  6.0100E-01  1.2270E+00  6.5679E-01  1.8838E+00
  6.0200E-01  1.2261E+00  6.5553E-01  1.8816E+00
  6.0300E-01  1.2252E+00  6.5427E-01  1.8794E+00
  6.0400E-01  1.2242E+00  6.5299E-01  1.8772E+00
  6.0500E-01  1.2233E+00  6.5170E-01  1.8750E+00
  6.0600E-01  1.2223E+00  6.5039E-01  1.8727E+00
  6.0700E-01  1.2213E+00  6.4908E-01  1.8704E+00
  6.0800E-01  1.2203E+00  6.4776E-01  1.8681E+00
  6.0900E-01  1.2187E+00  6.4654E-01  1.8653E+00
  6.1000E-01  1.2171E+00  6.4532E-01  1.8624E+00
  6.1100E-01  1.2155E+00  6.4408E-01  1.8596E+00
  6.1200E-01  1.2139E+00  6.4284E-01  1.8567E+00
  6.1300E-01  1.2122E+00  6.4158E-01  1.8538E+00
  6.1400E-01  1.2105E+00  6.4031E-01  1.8508E+00
  6.1500E-01  1.2088E+00  6.3903E-01  1.8478E+00
  6.1600E-01  1.2071E+00  6.3774E-01  1.8448E+00
  6.1700E-01  1.2053E+00  6.3643E-01  1.8417E+00
  6.1800E-01  1.2034E+00  6.3515E-01  1.8386E+00
  6.1900E-01  1.2011E+00  6.3394E-01  1.8350E+00
  6.2000E-01  1.1987E+00  6.3273E-01  1.8315E+00
  6.2100E-01  1.1963E+00  6.3150E-01  1.8278E+00
  6.2200E-01  1.1939E+00  6.3027E-01  1.8242E+00
  6.2300E-01  1.1915E+00  6.2902E-01  1.8205E+00
  6.2400E-01  1.1890E+00  6.2776E-01  1.8168E+00
  6.2500E-01  1.1865E+00  6.2650E-01  1.8130E+00
  6.2600E-01  1.1840E+00  6.2522E-01  1.8092E+00
  6.2700E-01  1.1815E+00  6.2393E-01  1.8054E+00
  6.2800E-01  1.1788E+00  6.2265E-01  1.8014E+00
  6.2900E-01  1.1756E+00  6.2142E-01  1.7971E+00
  6.3000E-01  1.1724E+00  6.2019E-01  1.7926E+00
  6.3100E-01  1.1692E+00  6.1894E-01  1.7882E+00
  6.3200E-01  1.1660E+00  6.1769E-01  1.7837E+00
  6.3300E-01  1.1627E+00  6.1642E-01  1.7791E+00
  6.3400E-01  1.1594E+00  6.1515E-01  1.7745E+00
  6.3500E-01  1.1560E+00  6.1386E-01  1.7699E+00
  6.3600E-01  1.1527E+00  6.1256E-01  1.7652E+00
  6.3700E-01  1.1492E+00  6.1125E-01  1.7605E+00
  6.3800E-01  1.1457E+00  6.0994E-01  1.7557E+00
  6.3900E-01  1.1415E+00  6.0868E-01  1.7502E+00
  6.4000E-01  1.1373E+00  6.0742E-01  1.7447E+00
  6.4100E-01  1.1330E+00  6.0614E-01  1.7391E+00
  6.4200E-01  1.1286E+00  6.0485E-01  1.7335E+00
  6.4300E-01  1.1243E+00  6.0355E-01  1.7278E+00
  6.4400E-01  1.1199E+00  6.0225E-01  1.7221E+00
  6.4500E-01  1.1154E+00  6.0093E-01  1.7163E+00
  6.4600E-01  1.1109E+00  5.9959E-01  1.7105E+00
  6.4700E-01  1.1064E+00  5.9825E-01  1.7046E+00
  6.4800E-01  1.1018E+00  5.9690E-01  1.6987E+00
  6.4900E-01  1.0963E+00  5.9561E-01  1.6919E+00
  6.5000E-01  1.0906E+00  5.9434E-01  1.6849E+00
  6.5100E-01  1.0847E+00  5.9305E-01  1.6778E+00
  6.5200E-01  1.0789E+00  5.9175E-01  1.6706E+00
  6.5300E-01  1.0730E+00  5.9044E-01  1.6634E+00
  6.5400E-01  1.0670E+00  5.8913E-01  1.6561E+00
  6.5500E-01  1.0610E+00  5.8780E-01  1.6488E+00
  6.5600E-01  1.0550E+00  5.8646E-01  1.6414E+00
  6.5700E-01  1.0488E+00  5.8511E-01  1.6340E+00
  6.5800E-01  1.0427E+00  5.8374E-01  1.6264E+00
  6.5900E-01  1.0360E+00  5.8241E-01  1.6184E+00
  6.6000E-01  1.0279E+00  5.8116E-01  1.6091E+00
  6.6100E-01  1.0198E+00  5.7990E-01  1.5997E+00
  6.6200E-01  1.0116E+00  5.7863E-01  1.5903E+00
  6.6300E-01  1.0034E+00  5.7735E-01  1.5807E+00
  6.6400E-01  9.9511E-01  5.7606E-01  1.5712E+00
  6.6500E-01  9.8677E-01  5.7476E-01  1.5615E+00
  6.6600E-01  9.7838E-01  5.7345E-01  1.5518E+00
  6.6700E-01  9.6993E-01  5.7213E-01  1.5421E+00
  6.6800E-01  9.6144E-01  5.7080E-01  1.5322E+00
  6.6900E-01  9.5289E-01  5.6946E-01  1.5223E+00
  6.7000E-01  9.4215E-01  5.6824E-01  1.5104E+00
  6.7100E-01  9.3013E-01  5.6710E-01  1.4972E+00
  6.7200E-01  9.1806E-01  5.6594E-01  1.4840E+00
  6.7300E-01  9.0593E-01  5.6478E-01  1.4707E+00
  6.7400E-01  8.9376E-01  5.6360E-01  1.4574E+00
  6.7500E-01  8.8154E-01  5.6242E-01  1.4440E+00
  6.7600E-01  8.6928E-01  5.6123E-01  1.4305E+00
  6.7700E-01  8.5697E-01  5.6003E-01  1.4170E+00
  6.7800E-01  8.4463E-01  5.5883E-01  1.4035E+00
  6.7900E-01  8.3225E-01  5.5761E-01  1.3899E+00
  6.8000E-01  8.1983E-01  5.5638E-01  1.3762E+00
  6.8100E-01  8.0237E-01  5.5529E-01  1.3577E+00
  6.8200E-01  7.8373E-01  5.5422E-01  1.3380E+00
  6.8300E-01  7.6511E-01  5.5315E-01  1.3183E+00
  6.8400E-01  7.4651E-01  5.5207E-01  1.2986E+00
  6.8500E-01  7.2795E-01  5.5098E-01  1.2789E+00
  6.8600E-01  7.0944E-01  5.4988E-01  1.2593E+00
  6.8700E-01  6.9098E-01  5.4878E-01  1.2398E+00
  6.8800E-01  6.7258E-01  5.4766E-01  1.2202E+00
  6.8900E-01  6.5426E-01  5.4654E-01  1.2008E+00
  6.9000E-01  6.3602E-01  5.4542E-01  1.1814E+00
  6.9100E-01  6.0399E-01  5.3501E-01  1.1390E+00
  6.9200E-01  5.6932E-01  5.4008E-01  1.1094E+00
  6.9300E-01  5.3207E-01  5.3327E-01  1.0653E+00
  6.9400E-01  5.0637E-01  5.3460E-01  1.0410E+00
  6.9500E-01  4.6667E-01  5.4017E-01  1.0068E+00
  6.9600E-01  4.2639E-01  5.3427E-01  9.6066E-01
  6.9700E-01  3.8342E-01  5.3564E-01  9.1906E-01
  6.9800E-01  3.3833E-01  5.3350E-01  8.7183E-01
  6.9900E-01  2.8841E-01  5.3505E-01  8.2346E-01
  7.0000E-01  2.3398E-01  5.3113E-01  7.6511E-01
  7.0100E-01  1.8651E-01  5.4205E-01  7.2856E-01
  7.0200E-01  1.3763E-01  5.3811E-01  6.7574E-01
  7.0300E-01  1.2666E-01  5.5362E-01  6.8028E-01
  7.0400E-01  2.0075E-01  5.7766E-01  7.7841E-01
  7.0500E-01  5.4495E-01  6.4708E-01  1.1920E+00
  7.0600E-01  1.0480E+00  9.1063E-01  1.9587E+00
  7.0700E-01  8.1187E-01  9.5779E-01  1.7697E+00
  7.0800E-01  9.4723E-01  9.9154E-01  1.9388E+00
  7.0900E-01  9.8746E-01  9.8008E-01  1.9675E+00
  7.1000E-01  1.0608E+00  9.4934E-01  2.0102E+00
  7.1100E-01  1.0709E+00  9.2489E-01  1.9958E+00
  7.1200E-01  1.1085E+00  8.9803E-01  2.0066E+00
  7.1300E-01  1.1234E+00  8.5757E-01  1.9810E+00
  7.1400E-01  1.0660E+00  8.3346E-01  1.8995E+00
  7.1500E-01  1.0157E+00  8.1980E-01  1.8355E+00
  7.1600E-01  9.6477E-01  7.9586E-01  1.7606E+00
  7.1700E-01  8.4883E-01  7.7490E-01  1.6237E+00
  7.1800E-01  6.7220E-01  7.9299E-01  1.4652E+00
  7.1900E-01  5.9110E-01  8.7704E-01  1.4681E+00
  7.2000E-01  8.0629E-01  9.1519E-01  1.7215E+00
  7.2100E-01  8.4000E-01  9.3500E-01  1.7750E+00
  7.2200E-01  9.7549E-01  9.2188E-01  1.8974E+00
  7.2300E-01  1.0868E+00  8.8418E-01  1.9710E+00
  7.2400E-01  1.1211E+00  8.4177E-01  1.9629E+00
  7.2500E-01  1.1043E+00  8.1313E-01  1.9174E+00
  7.2600E-01  1.0605E+00  7.9751E-01  1.8580E+00
  7.2700E-01  1.0246E+00  7.9210E-01  1.8167E+00
  7.2800E-01  9.9628E-01  7.8879E-01  1.7851E+00
  7.2900E-01  9.7183E-01  7.8262E-01  1.7545E+00
  7.3000E-01  9.4357E-01  7.7588E-01  1.7194E+00
  7.3100E-01  9.0345E-01  7.7862E-01  1.6821E+00
  7.3200E-01  8.6565E-01  7.8136E-01  1.6470E+00
  7.3300E-01  8.4668E-01  7.9229E-01  1.6390E+00
  7.3400E-01  8.2689E-01  7.9944E-01  1.6263E+00
  7.3500E-01  8.1770E-01  8.0618E-01  1.6239E+00
  7.3600E-01  8.1087E-01  8.1288E-01  1.6238E+00
  7.3700E-01  8.0511E-01  8.1814E-01  1.6233E+00
  7.3800E-01  8.0244E-01  8.2472E-01  1.6272E+00
  7.3900E-01  8.0200E-01  8.2937E-01  1.6314E+00
  7.4000E-01  8.0281E-01  8.3482E-01  1.6376E+00
  7.4100E-01  8.0816E-01  8.3889E-01  1.6470E+00
  7.4200E-01  8.1266E-01  8.4210E-01  1.6548E+00
  7.4300E-01  8.1952E-01  8.4642E-01  1.6659E+00
  7.4400E-01  8.2423E-01  8.4909E-01  1.6733E+00
  7.4500E-01  8.3416E-01  8.5063E-01  1.6848E+00
  7.4600E-01  8.4247E-01  8.5183E-01  1.6943E+00
  7.4700E-01  8.4842E-01  8.5272E-01  1.7011E+00
  7.4800E-01  8.5839E-01  8.5249E-01  1.7109E+00
  7.4900E-01  8.6350E-01  8.5305E-01  1.7166E+00
  7.5000E-01  8.7010E-01  8.5203E-01  1.7221E+00
  7.5100E-01  8.7398E-01  8.5132E-01  1.7253E+00
  7.5200E-01  8.7789E-01  8.5061E-01  1.7285E+00
  7.5300E-01  8.8185E-01  8.4990E-01  1.7318E+00
  7.5400E-01  8.8586E-01  8.4917E-01  1.7350E+00
  7.5500E-01  8.8990E-01  8.4844E-01  1.7383E+00
  7.5600E-01  8.9399E-01  8.4770E-01  1.7417E+00
  7.5700E-01  8.9812E-01  8.4696E-01  1.7451E+00
  7.5800E-01  9.0229E-01  8.4620E-01  1.7485E+00
  7.5900E-01  9.0650E-01  8.4544E-01  1.7519E+00
  7.6000E-01  9.1076E-01  8.4467E-01  1.7554E+00
  7.6100E-01  9.1506E-01  8.4389E-01  1.7590E+00
  7.6200E-01  9.1750E-01  8.4318E-01  1.7607E+00
  7.6300E-01  9.1988E-01  8.4246E-01  1.7623E+00
  7.6400E-01  9.2228E-01  8.4173E-01  1.7640E+00
  7.6500E-01  9.2470E-01  8.4100E-01  1.7657E+00
  7.6600E-01  9.2714E-01  8.4026E-01  1.7674E+00
  7.6700E-01  9.2961E-01  8.3951E-01  1.7691E+00
  7.6800E-01  9.3209E-01  8.3875E-01  1.7708E+00
  7.6900E-01  9.3460E-01  8.3799E-01  1.7726E+00
  7.7000E-01  9.3714E-01  8.3722E-01  1.7744E+00
  7.7100E-01  9.3970E-01  8.3644E-01  1.7761E+00
  7.7200E-01  9.4228E-01  8.3565E-01  1.7779E+00
  7.7300E-01  9.4489E-01  8.3486E-01  1.7797E+00
  7.7400E-01  9.4690E-01  8.3411E-01  1.7810E+00
  7.7500E-01  9.4859E-01  8.3338E-01  1.7820E+00
  7.7600E-01  9.5029E-01  8.3264E-01  1.7829E+00
  7.7700E-01  9.5201E-01  8.3190E-01  1.7839E+00
  7.7800E-01  9.5374E-01  8.3115E-01  1.7849E+00
  7.7900E-01  9.5549E-01  8.3039E-01  1.7859E+00
  7.8000E-01  9.5726E-01  8.2962E-01  1.7869E+00
  7.8100E-01  9.5903E-01  8.2885E-01  1.7879E+00
  7.8200E-01  9.6083E-01  8.2807E-01  1.7889E+00
  7.8300E-01  9.6263E-01  8.2728E-01  1.7899E+00
  7.8400E-01  9.6446E-01  8.2649E-01  1.7909E+00
  7.8500E-01  9.6630E-01  8.2569E-01  1.7920E+00
  7.8600E-01  9.6803E-01  8.2489E-01  1.7929E+00
  7.8700E-01  9.6902E-01  8.2417E-01  1.7932E+00
  7.8800E-01  9.7002E-01  8.2345E-01  1.7935E+00
  7.8900E-01  9.7102E-01  8.2271E-01  1.7937E+00
  7.9000E-01  9.7203E-01  8.2197E-01  1.7940E+00
  7.9100E-01  9.7305E-01  8.2123E-01  1.7943E+00
  7.9200E-01  9.7408E-01  8.2048E-01  1.7946E+00
  7.9300E-01  9.7511E-01  8.1972E-01  1.7948E+00
  7.9400E-01  9.7615E-01  8.1895E-01  1.7951E+00
  7.9500E-01  9.7720E-01  8.1818E-01  1.7954E+00
  7.9600E-01  9.7826E-01  8.1740E-01  1.7957E+00
  7.9700E-01  9.7932E-01  8.1661E-01  1.7959E+00
  7.9800E-01  9.8039E-01  8.1582E-01  1.7962E+00
  7.9900E-01  9.8121E-01  8.1522E-01  1.7964E+00
