# GGADT v1.2.1
# =-=-=
# Total cross sections as a function of energy
# -----------------------------------
# Parameter values
# -----------------------------------
# a_eff:                               1.00000E+00 micron
# ephot_min:                           6.00000E-01kiloelectron-vo
# ephot_max:                           8.00000E-01kiloelectron-vo
# nephots:                                     200
# Material file:                                   hematite
# geometry:                                        ellipsoid
# angle_mode:                                      random
# ngrain:                                      128
# norientations:                                 1
# grain-axis-z:                        1.11869E+00 micron
# grain-axis-y:                        1.11869E+00 micron
# grain-axis-z:                        7.99064E-01 micron
# grid-width:                          2.23738E+00 micron
# axes-convention:                                 ddscat
# parameter_file_name:                             large_params_random.ini
# -----------------------------------
 # [ephot (kiloelectron-volt)] [Q_sca] [Q_abs] [Q_ext]
  6.0000E-01  9.4979E-01  8.7590E-01  1.8257E+00
  6.0100E-01  9.5015E-01  8.7571E-01  1.8259E+00
  6.0200E-01  9.5052E-01  8.7552E-01  1.8260E+00
  6.0300E-01  9.5089E-01  8.7533E-01  1.8262E+00
  6.0400E-01  9.5127E-01  8.7513E-01  1.8264E+00
  6.0500E-01  9.5165E-01  8.7493E-01  1.8266E+00
  6.0600E-01  9.5203E-01  8.7472E-01  1.8268E+00
  6.0700E-01  9.5242E-01  8.7452E-01  1.8269E+00
  6.0800E-01  9.5281E-01  8.7431E-01  1.8271E+00
  6.0900E-01  9.5318E-01  8.7411E-01  1.8273E+00
  6.1000E-01  9.5355E-01  8.7392E-01  1.8275E+00
  6.1100E-01  9.5393E-01  8.7372E-01  1.8276E+00
  6.1200E-01  9.5431E-01  8.7351E-01  1.8278E+00
  6.1300E-01  9.5469E-01  8.7331E-01  1.8280E+00
  6.1400E-01  9.5507E-01  8.7310E-01  1.8282E+00
  6.1500E-01  9.5546E-01  8.7288E-01  1.8283E+00
  6.1600E-01  9.5585E-01  8.7267E-01  1.8285E+00
  6.1700E-01  9.5624E-01  8.7245E-01  1.8287E+00
  6.1800E-01  9.5663E-01  8.7223E-01  1.8289E+00
  6.1900E-01  9.5699E-01  8.7203E-01  1.8290E+00
  6.2000E-01  9.5735E-01  8.7182E-01  1.8292E+00
  6.2100E-01  9.5771E-01  8.7160E-01  1.8293E+00
  6.2200E-01  9.5808E-01  8.7139E-01  1.8295E+00
  6.2300E-01  9.5844E-01  8.7117E-01  1.8296E+00
  6.2400E-01  9.5880E-01  8.7095E-01  1.8297E+00
  6.2500E-01  9.5916E-01  8.7072E-01  1.8299E+00
  6.2600E-01  9.5952E-01  8.7049E-01  1.8300E+00
  6.2700E-01  9.5988E-01  8.7026E-01  1.8301E+00
  6.2800E-01  9.6023E-01  8.7003E-01  1.8303E+00
  6.2900E-01  9.6056E-01  8.6981E-01  1.8304E+00
  6.3000E-01  9.6088E-01  8.6958E-01  1.8305E+00
  6.3100E-01  9.6119E-01  8.6935E-01  1.8305E+00
  6.3200E-01  9.6151E-01  8.6912E-01  1.8306E+00
  6.3300E-01  9.6182E-01  8.6888E-01  1.8307E+00
  6.3400E-01  9.6212E-01  8.6864E-01  1.8308E+00
  6.3500E-01  9.6242E-01  8.6839E-01  1.8308E+00
  6.3600E-01  9.6271E-01  8.6815E-01  1.8309E+00
  6.3700E-01  9.6300E-01  8.6789E-01  1.8309E+00
  6.3800E-01  9.6327E-01  8.6764E-01  1.8309E+00
  6.3900E-01  9.6350E-01  8.6739E-01  1.8309E+00
  6.4000E-01  9.6373E-01  8.6714E-01  1.8309E+00
  6.4100E-01  9.6394E-01  8.6689E-01  1.8308E+00
  6.4200E-01  9.6414E-01  8.6663E-01  1.8308E+00
  6.4300E-01  9.6433E-01  8.6637E-01  1.8307E+00
  6.4400E-01  9.6451E-01  8.6611E-01  1.8306E+00
  6.4500E-01  9.6468E-01  8.6584E-01  1.8305E+00
  6.4600E-01  9.6484E-01  8.6557E-01  1.8304E+00
  6.4700E-01  9.6499E-01  8.6529E-01  1.8303E+00
  6.4800E-01  9.6513E-01  8.6501E-01  1.8301E+00
  6.4900E-01  9.6519E-01  8.6474E-01  1.8299E+00
  6.5000E-01  9.6522E-01  8.6447E-01  1.8297E+00
  6.5100E-01  9.6524E-01  8.6420E-01  1.8294E+00
  6.5200E-01  9.6524E-01  8.6392E-01  1.8292E+00
  6.5300E-01  9.6522E-01  8.6364E-01  1.8289E+00
  6.5400E-01  9.6520E-01  8.6335E-01  1.8285E+00
  6.5500E-01  9.6516E-01  8.6306E-01  1.8282E+00
  6.5600E-01  9.6510E-01  8.6277E-01  1.8279E+00
  6.5700E-01  9.6504E-01  8.6247E-01  1.8275E+00
  6.5800E-01  9.6496E-01  8.6216E-01  1.8271E+00
  6.5900E-01  9.6484E-01  8.6186E-01  1.8267E+00
  6.6000E-01  9.6460E-01  8.6158E-01  1.8262E+00
  6.6100E-01  9.6436E-01  8.6129E-01  1.8256E+00
  6.6200E-01  9.6411E-01  8.6100E-01  1.8251E+00
  6.6300E-01  9.6386E-01  8.6070E-01  1.8246E+00
  6.6400E-01  9.6361E-01  8.6040E-01  1.8240E+00
  6.6500E-01  9.6337E-01  8.6010E-01  1.8235E+00
  6.6600E-01  9.6313E-01  8.5979E-01  1.8229E+00
  6.6700E-01  9.6291E-01  8.5947E-01  1.8224E+00
  6.6800E-01  9.6271E-01  8.5915E-01  1.8219E+00
  6.6900E-01  9.6253E-01  8.5883E-01  1.8214E+00
  6.7000E-01  9.6226E-01  8.5854E-01  1.8208E+00
  6.7100E-01  9.6198E-01  8.5825E-01  1.8202E+00
  6.7200E-01  9.6178E-01  8.5797E-01  1.8197E+00
  6.7300E-01  9.6167E-01  8.5768E-01  1.8193E+00
  6.7400E-01  9.6165E-01  8.5739E-01  1.8190E+00
  6.7500E-01  9.6175E-01  8.5709E-01  1.8188E+00
  6.7600E-01  9.6197E-01  8.5679E-01  1.8188E+00
  6.7700E-01  9.6231E-01  8.5649E-01  1.8188E+00
  6.7800E-01  9.6281E-01  8.5618E-01  1.8190E+00
  6.7900E-01  9.6345E-01  8.5586E-01  1.8193E+00
  6.8000E-01  9.6426E-01  8.5555E-01  1.8198E+00
  6.8100E-01  9.6555E-01  8.5526E-01  1.8208E+00
  6.8200E-01  9.6727E-01  8.5498E-01  1.8223E+00
  6.8300E-01  9.6939E-01  8.5470E-01  1.8241E+00
  6.8400E-01  9.7189E-01  8.5441E-01  1.8263E+00
  6.8500E-01  9.7479E-01  8.5412E-01  1.8289E+00
  6.8600E-01  9.7807E-01  8.5382E-01  1.8319E+00
  6.8700E-01  9.8172E-01  8.5353E-01  1.8352E+00
  6.8800E-01  9.8572E-01  8.5322E-01  1.8389E+00
  6.8900E-01  9.9003E-01  8.5292E-01  1.8429E+00
  6.9000E-01  9.9462E-01  8.5261E-01  1.8472E+00
  6.9100E-01  1.0077E+00  8.4965E-01  1.8573E+00
  6.9200E-01  1.0138E+00  8.5111E-01  1.8649E+00
  6.9300E-01  1.0275E+00  8.4913E-01  1.8767E+00
  6.9400E-01  1.0324E+00  8.4953E-01  1.8819E+00
  6.9500E-01  1.0344E+00  8.5114E-01  1.8855E+00
  6.9600E-01  1.0423E+00  8.4943E-01  1.8917E+00
  6.9700E-01  1.0370E+00  8.4983E-01  1.8868E+00
  6.9800E-01  1.0243E+00  8.4920E-01  1.8735E+00
  6.9900E-01  9.8797E-01  8.4966E-01  1.8376E+00
  7.0000E-01  9.2582E-01  8.4850E-01  1.7743E+00
  7.0100E-01  8.2213E-01  8.5167E-01  1.6738E+00
  7.0200E-01  6.9238E-01  8.5055E-01  1.5429E+00
  7.0300E-01  6.4128E-01  8.5482E-01  1.4961E+00
  7.0400E-01  8.1456E-01  8.6077E-01  1.6753E+00
  7.0500E-01  9.6010E-01  8.7420E-01  1.8343E+00
  7.0600E-01  9.0717E-01  8.9783E-01  1.8050E+00
  7.0700E-01  8.9422E-01  8.9996E-01  1.7942E+00
  7.0800E-01  8.9948E-01  9.0145E-01  1.8009E+00
  7.0900E-01  9.0107E-01  9.0093E-01  1.8020E+00
  7.1000E-01  9.0415E-01  8.9959E-01  1.8037E+00
  7.1100E-01  9.0617E-01  8.9850E-01  1.8047E+00
  7.1200E-01  9.0918E-01  8.9721E-01  1.8064E+00
  7.1300E-01  9.1380E-01  8.9502E-01  1.8088E+00
  7.1400E-01  9.1676E-01  8.9354E-01  1.8103E+00
  7.1500E-01  9.1848E-01  8.9263E-01  1.8111E+00
  7.1600E-01  9.2182E-01  8.9089E-01  1.8127E+00
  7.1700E-01  9.2363E-01  8.8921E-01  1.8128E+00
  7.1800E-01  9.1438E-01  8.9067E-01  1.8051E+00
  7.1900E-01  8.8492E-01  8.9612E-01  1.7810E+00
  7.2000E-01  8.9896E-01  8.9805E-01  1.7970E+00
  7.2100E-01  8.9824E-01  8.9896E-01  1.7972E+00
  7.2200E-01  9.0460E-01  8.9836E-01  1.8030E+00
  7.2300E-01  9.1047E-01  8.9650E-01  1.8070E+00
  7.2400E-01  9.1578E-01  8.9407E-01  1.8098E+00
  7.2500E-01  9.1976E-01  8.9216E-01  1.8119E+00
  7.2600E-01  9.2217E-01  8.9102E-01  1.8132E+00
  7.2700E-01  9.2293E-01  8.9060E-01  1.8135E+00
  7.2800E-01  9.2330E-01  8.9034E-01  1.8136E+00
  7.2900E-01  9.2411E-01  8.8985E-01  1.8140E+00
  7.3000E-01  9.2495E-01  8.8929E-01  1.8142E+00
  7.3100E-01  9.2391E-01  8.8952E-01  1.8134E+00
  7.3200E-01  9.2279E-01  8.8974E-01  1.8125E+00
  7.3300E-01  9.2048E-01  8.9062E-01  1.8111E+00
  7.3400E-01  9.1875E-01  8.9116E-01  1.8099E+00
  7.3500E-01  9.1730E-01  8.9166E-01  1.8090E+00
  7.3600E-01  9.1589E-01  8.9215E-01  1.8080E+00
  7.3700E-01  9.1477E-01  8.9251E-01  1.8073E+00
  7.3800E-01  9.1349E-01  8.9296E-01  1.8065E+00
  7.3900E-01  9.1264E-01  8.9327E-01  1.8059E+00
  7.4000E-01  9.1170E-01  8.9363E-01  1.8053E+00
  7.4100E-01  9.1119E-01  8.9389E-01  1.8051E+00
  7.4200E-01  9.1079E-01  8.9409E-01  1.8049E+00
  7.4300E-01  9.1031E-01  8.9436E-01  1.8047E+00
  7.4400E-01  9.1003E-01  8.9452E-01  1.8045E+00
  7.4500E-01  9.1013E-01  8.9461E-01  1.8047E+00
  7.4600E-01  9.1021E-01  8.9468E-01  1.8049E+00
  7.4700E-01  9.1026E-01  8.9474E-01  1.8050E+00
  7.4800E-01  9.1061E-01  8.9472E-01  1.8053E+00
  7.4900E-01  9.1068E-01  8.9476E-01  1.8054E+00
  7.5000E-01  9.1104E-01  8.9470E-01  1.8057E+00
  7.5100E-01  9.1126E-01  8.9465E-01  1.8059E+00
  7.5200E-01  9.1147E-01  8.9461E-01  1.8061E+00
  7.5300E-01  9.1169E-01  8.9457E-01  1.8063E+00
  7.5400E-01  9.1191E-01  8.9452E-01  1.8064E+00
  7.5500E-01  9.1213E-01  8.9448E-01  1.8066E+00
  7.5600E-01  9.1234E-01  8.9443E-01  1.8068E+00
  7.5700E-01  9.1256E-01  8.9439E-01  1.8069E+00
  7.5800E-01  9.1277E-01  8.9434E-01  1.8071E+00
  7.5900E-01  9.1298E-01  8.9430E-01  1.8073E+00
  7.6000E-01  9.1320E-01  8.9425E-01  1.8074E+00
  7.6100E-01  9.1341E-01  8.9420E-01  1.8076E+00
  7.6200E-01  9.1357E-01  8.9416E-01  1.8077E+00
  7.6300E-01  9.1373E-01  8.9411E-01  1.8078E+00
  7.6400E-01  9.1389E-01  8.9407E-01  1.8080E+00
  7.6500E-01  9.1405E-01  8.9402E-01  1.8081E+00
  7.6600E-01  9.1421E-01  8.9397E-01  1.8082E+00
  7.6700E-01  9.1437E-01  8.9393E-01  1.8083E+00
  7.6800E-01  9.1453E-01  8.9388E-01  1.8084E+00
  7.6900E-01  9.1469E-01  8.9383E-01  1.8085E+00
  7.7000E-01  9.1485E-01  8.9378E-01  1.8086E+00
  7.7100E-01  9.1502E-01  8.9373E-01  1.8087E+00
  7.7200E-01  9.1518E-01  8.9368E-01  1.8089E+00
  7.7300E-01  9.1535E-01  8.9363E-01  1.8090E+00
  7.7400E-01  9.1549E-01  8.9358E-01  1.8091E+00
  7.7500E-01  9.1563E-01  8.9353E-01  1.8092E+00
  7.7600E-01  9.1577E-01  8.9349E-01  1.8093E+00
  7.7700E-01  9.1591E-01  8.9344E-01  1.8094E+00
  7.7800E-01  9.1605E-01  8.9339E-01  1.8094E+00
  7.7900E-01  9.1620E-01  8.9334E-01  1.8095E+00
  7.8000E-01  9.1634E-01  8.9329E-01  1.8096E+00
  7.8100E-01  9.1648E-01  8.9324E-01  1.8097E+00
  7.8200E-01  9.1663E-01  8.9319E-01  1.8098E+00
  7.8300E-01  9.1677E-01  8.9313E-01  1.8099E+00
  7.8400E-01  9.1692E-01  8.9308E-01  1.8100E+00
  7.8500E-01  9.1707E-01  8.9303E-01  1.8101E+00
  7.8600E-01  9.1721E-01  8.9297E-01  1.8102E+00
  7.8700E-01  9.1734E-01  8.9293E-01  1.8103E+00
  7.8800E-01  9.1746E-01  8.9288E-01  1.8103E+00
  7.8900E-01  9.1759E-01  8.9283E-01  1.8104E+00
  7.9000E-01  9.1772E-01  8.9278E-01  1.8105E+00
  7.9100E-01  9.1784E-01  8.9273E-01  1.8106E+00
  7.9200E-01  9.1797E-01  8.9267E-01  1.8106E+00
  7.9300E-01  9.1810E-01  8.9262E-01  1.8107E+00
  7.9400E-01  9.1824E-01  8.9257E-01  1.8108E+00
  7.9500E-01  9.1837E-01  8.9252E-01  1.8109E+00
  7.9600E-01  9.1850E-01  8.9246E-01  1.8110E+00
  7.9700E-01  9.1864E-01  8.9241E-01  1.8110E+00
  7.9800E-01  9.1877E-01  8.9235E-01  1.8111E+00
  7.9900E-01  9.1888E-01  8.9231E-01  1.8112E+00
