# GGADT v1.2.1
# =-=-=
# Total cross sections as a function of energy
# -----------------------------------
# Parameter values
# -----------------------------------
# a_eff:                               7.80000E-01 micron
# ephot_min:                           6.00000E-01kiloelectron-vo
# ephot_max:                           8.00000E-01kiloelectron-vo
# nephots:                                     200
# Material file:                                   hematite
# geometry:                                        ellipsoid
# angle_mode:                                      file
# angle_file:                                      angles
# ngrain:                                      128
# norientations:                                 1
# grain-axis-z:                        8.72577E-01 micron
# grain-axis-y:                        8.72577E-01 micron
# grain-axis-z:                        6.23270E-01 micron
# grid-width:                          1.74515E+00 micron
# axes-convention:                                 ddscat
# parameter_file_name:                             large_params_set.ini
# -----------------------------------
 # [ephot (kiloelectron-volt)] [Q_sca] [Q_abs] [Q_ext]
  6.0000E-01  1.4526E+00  1.1449E+00  2.5975E+00
  6.0100E-01  1.4546E+00  1.1442E+00  2.5987E+00
  6.0200E-01  1.4565E+00  1.1434E+00  2.6000E+00
  6.0300E-01  1.4585E+00  1.1427E+00  2.6013E+00
  6.0400E-01  1.4606E+00  1.1420E+00  2.6026E+00
  6.0500E-01  1.4627E+00  1.1412E+00  2.6039E+00
  6.0600E-01  1.4648E+00  1.1405E+00  2.6053E+00
  6.0700E-01  1.4670E+00  1.1397E+00  2.6067E+00
  6.0800E-01  1.4692E+00  1.1389E+00  2.6081E+00
  6.0900E-01  1.4715E+00  1.1382E+00  2.6097E+00
  6.1000E-01  1.4739E+00  1.1375E+00  2.6113E+00
  6.1100E-01  1.4763E+00  1.1367E+00  2.6130E+00
  6.1200E-01  1.4787E+00  1.1360E+00  2.6147E+00
  6.1300E-01  1.4812E+00  1.1352E+00  2.6164E+00
  6.1400E-01  1.4837E+00  1.1345E+00  2.6182E+00
  6.1500E-01  1.4863E+00  1.1337E+00  2.6200E+00
  6.1600E-01  1.4889E+00  1.1329E+00  2.6218E+00
  6.1700E-01  1.4916E+00  1.1321E+00  2.6237E+00
  6.1800E-01  1.4943E+00  1.1313E+00  2.6256E+00
  6.1900E-01  1.4971E+00  1.1305E+00  2.6277E+00
  6.2000E-01  1.5000E+00  1.1298E+00  2.6298E+00
  6.2100E-01  1.5029E+00  1.1290E+00  2.6320E+00
  6.2200E-01  1.5059E+00  1.1282E+00  2.6342E+00
  6.2300E-01  1.5089E+00  1.1275E+00  2.6364E+00
  6.2400E-01  1.5120E+00  1.1267E+00  2.6387E+00
  6.2500E-01  1.5151E+00  1.1258E+00  2.6410E+00
  6.2600E-01  1.5183E+00  1.1250E+00  2.6433E+00
  6.2700E-01  1.5215E+00  1.1242E+00  2.6457E+00
  6.2800E-01  1.5248E+00  1.1234E+00  2.6482E+00
  6.2900E-01  1.5283E+00  1.1226E+00  2.6509E+00
  6.3000E-01  1.5318E+00  1.1218E+00  2.6536E+00
  6.3100E-01  1.5353E+00  1.1210E+00  2.6563E+00
  6.3200E-01  1.5390E+00  1.1201E+00  2.6591E+00
  6.3300E-01  1.5426E+00  1.1193E+00  2.6619E+00
  6.3400E-01  1.5464E+00  1.1184E+00  2.6648E+00
  6.3500E-01  1.5501E+00  1.1176E+00  2.6677E+00
  6.3600E-01  1.5540E+00  1.1167E+00  2.6707E+00
  6.3700E-01  1.5578E+00  1.1158E+00  2.6737E+00
  6.3800E-01  1.5618E+00  1.1149E+00  2.6767E+00
  6.3900E-01  1.5660E+00  1.1141E+00  2.6801E+00
  6.4000E-01  1.5703E+00  1.1132E+00  2.6835E+00
  6.4100E-01  1.5746E+00  1.1123E+00  2.6870E+00
  6.4200E-01  1.5790E+00  1.1114E+00  2.6905E+00
  6.4300E-01  1.5835E+00  1.1105E+00  2.6940E+00
  6.4400E-01  1.5880E+00  1.1096E+00  2.6976E+00
  6.4500E-01  1.5925E+00  1.1087E+00  2.7012E+00
  6.4600E-01  1.5971E+00  1.1078E+00  2.7049E+00
  6.4700E-01  1.6018E+00  1.1068E+00  2.7086E+00
  6.4800E-01  1.6065E+00  1.1059E+00  2.7123E+00
  6.4900E-01  1.6115E+00  1.1049E+00  2.7164E+00
  6.5000E-01  1.6166E+00  1.1040E+00  2.7206E+00
  6.5100E-01  1.6218E+00  1.1031E+00  2.7249E+00
  6.5200E-01  1.6270E+00  1.1022E+00  2.7291E+00
  6.5300E-01  1.6322E+00  1.1012E+00  2.7334E+00
  6.5400E-01  1.6375E+00  1.1003E+00  2.7377E+00
  6.5500E-01  1.6428E+00  1.0993E+00  2.7420E+00
  6.5600E-01  1.6481E+00  1.0983E+00  2.7464E+00
  6.5700E-01  1.6534E+00  1.0973E+00  2.7507E+00
  6.5800E-01  1.6588E+00  1.0963E+00  2.7551E+00
  6.5900E-01  1.6643E+00  1.0953E+00  2.7596E+00
  6.6000E-01  1.6702E+00  1.0943E+00  2.7645E+00
  6.6100E-01  1.6760E+00  1.0934E+00  2.7694E+00
  6.6200E-01  1.6818E+00  1.0924E+00  2.7743E+00
  6.6300E-01  1.6876E+00  1.0915E+00  2.7791E+00
  6.6400E-01  1.6933E+00  1.0905E+00  2.7838E+00
  6.6500E-01  1.6990E+00  1.0895E+00  2.7884E+00
  6.6600E-01  1.7046E+00  1.0885E+00  2.7930E+00
  6.6700E-01  1.7101E+00  1.0874E+00  2.7975E+00
  6.6800E-01  1.7155E+00  1.0864E+00  2.8019E+00
  6.6900E-01  1.7209E+00  1.0854E+00  2.8063E+00
  6.7000E-01  1.7264E+00  1.0844E+00  2.8108E+00
  6.7100E-01  1.7318E+00  1.0835E+00  2.8153E+00
  6.7200E-01  1.7370E+00  1.0826E+00  2.8196E+00
  6.7300E-01  1.7418E+00  1.0817E+00  2.8235E+00
  6.7400E-01  1.7463E+00  1.0807E+00  2.8270E+00
  6.7500E-01  1.7505E+00  1.0798E+00  2.8303E+00
  6.7600E-01  1.7543E+00  1.0788E+00  2.8331E+00
  6.7700E-01  1.7578E+00  1.0778E+00  2.8356E+00
  6.7800E-01  1.7608E+00  1.0769E+00  2.8377E+00
  6.7900E-01  1.7634E+00  1.0759E+00  2.8393E+00
  6.8000E-01  1.7656E+00  1.0749E+00  2.8405E+00
  6.8100E-01  1.7664E+00  1.0740E+00  2.8403E+00
  6.8200E-01  1.7659E+00  1.0731E+00  2.8390E+00
  6.8300E-01  1.7642E+00  1.0722E+00  2.8364E+00
  6.8400E-01  1.7613E+00  1.0713E+00  2.8326E+00
  6.8500E-01  1.7572E+00  1.0704E+00  2.8276E+00
  6.8600E-01  1.7517E+00  1.0695E+00  2.8212E+00
  6.8700E-01  1.7450E+00  1.0686E+00  2.8135E+00
  6.8800E-01  1.7368E+00  1.0676E+00  2.8044E+00
  6.8900E-01  1.7273E+00  1.0667E+00  2.7939E+00
  6.9000E-01  1.7163E+00  1.0657E+00  2.7820E+00
  6.9100E-01  1.7116E+00  1.0567E+00  2.7683E+00
  6.9200E-01  1.6652E+00  1.0611E+00  2.7263E+00
  6.9300E-01  1.6344E+00  1.0552E+00  2.6896E+00
  6.9400E-01  1.5962E+00  1.0563E+00  2.6526E+00
  6.9500E-01  1.5238E+00  1.0612E+00  2.5850E+00
  6.9600E-01  1.4628E+00  1.0561E+00  2.5189E+00
  6.9700E-01  1.3727E+00  1.0573E+00  2.4300E+00
  6.9800E-01  1.2713E+00  1.0554E+00  2.3266E+00
  6.9900E-01  1.1369E+00  1.0567E+00  2.1937E+00
  7.0000E-01  9.7731E-01  1.0533E+00  2.0306E+00
  7.0100E-01  8.0520E-01  1.0628E+00  1.8680E+00
  7.0200E-01  6.2512E-01  1.0594E+00  1.6845E+00
  7.0300E-01  5.7114E-01  1.0726E+00  1.6437E+00
  7.0400E-01  8.2074E-01  1.0917E+00  1.9124E+00
  7.0500E-01  1.4360E+00  1.1385E+00  2.5745E+00
  7.0600E-01  1.2766E+00  1.2345E+00  2.5111E+00
  7.0700E-01  1.2203E+00  1.2432E+00  2.4634E+00
  7.0800E-01  1.2417E+00  1.2484E+00  2.4901E+00
  7.0900E-01  1.2489E+00  1.2468E+00  2.4957E+00
  7.1000E-01  1.2631E+00  1.2417E+00  2.5048E+00
  7.1100E-01  1.2721E+00  1.2373E+00  2.5094E+00
  7.1200E-01  1.2846E+00  1.2320E+00  2.5165E+00
  7.1300E-01  1.3036E+00  1.2227E+00  2.5263E+00
  7.1400E-01  1.3204E+00  1.2164E+00  2.5368E+00
  7.1500E-01  1.3338E+00  1.2125E+00  2.5463E+00
  7.1600E-01  1.3588E+00  1.2051E+00  2.5640E+00
  7.1700E-01  1.3823E+00  1.1980E+00  2.5803E+00
  7.1800E-01  1.3128E+00  1.2042E+00  2.5170E+00
  7.1900E-01  1.1743E+00  1.2274E+00  2.4016E+00
  7.2000E-01  1.2422E+00  1.2354E+00  2.4776E+00
  7.2100E-01  1.2385E+00  1.2392E+00  2.4776E+00
  7.2200E-01  1.2661E+00  1.2367E+00  2.5028E+00
  7.2300E-01  1.2903E+00  1.2290E+00  2.5192E+00
  7.2400E-01  1.3123E+00  1.2186E+00  2.5309E+00
  7.2500E-01  1.3320E+00  1.2105E+00  2.5425E+00
  7.2600E-01  1.3489E+00  1.2057E+00  2.5545E+00
  7.2700E-01  1.3577E+00  1.2039E+00  2.5616E+00
  7.2800E-01  1.3637E+00  1.2028E+00  2.5665E+00
  7.2900E-01  1.3721E+00  1.2007E+00  2.5728E+00
  7.3000E-01  1.3815E+00  1.1984E+00  2.5799E+00
  7.3100E-01  1.3797E+00  1.1993E+00  2.5790E+00
  7.3200E-01  1.3756E+00  1.2003E+00  2.5758E+00
  7.3300E-01  1.3613E+00  1.2040E+00  2.5653E+00
  7.3400E-01  1.3508E+00  1.2063E+00  2.5571E+00
  7.3500E-01  1.3419E+00  1.2084E+00  2.5503E+00
  7.3600E-01  1.3333E+00  1.2104E+00  2.5438E+00
  7.3700E-01  1.3266E+00  1.2120E+00  2.5386E+00
  7.3800E-01  1.3190E+00  1.2139E+00  2.5330E+00
  7.3900E-01  1.3141E+00  1.2152E+00  2.5293E+00
  7.4000E-01  1.3087E+00  1.2168E+00  2.5255E+00
  7.4100E-01  1.3057E+00  1.2179E+00  2.5236E+00
  7.4200E-01  1.3034E+00  1.2187E+00  2.5221E+00
  7.4300E-01  1.3006E+00  1.2199E+00  2.5204E+00
  7.4400E-01  1.2989E+00  1.2206E+00  2.5195E+00
  7.4500E-01  1.2992E+00  1.2209E+00  2.5201E+00
  7.4600E-01  1.2994E+00  1.2213E+00  2.5207E+00
  7.4700E-01  1.2995E+00  1.2215E+00  2.5210E+00
  7.4800E-01  1.3011E+00  1.2214E+00  2.5225E+00
  7.4900E-01  1.3012E+00  1.2216E+00  2.5228E+00
  7.5000E-01  1.3029E+00  1.2213E+00  2.5242E+00
  7.5100E-01  1.3040E+00  1.2211E+00  2.5251E+00
  7.5200E-01  1.3050E+00  1.2209E+00  2.5260E+00
  7.5300E-01  1.3060E+00  1.2208E+00  2.5268E+00
  7.5400E-01  1.3071E+00  1.2206E+00  2.5276E+00
  7.5500E-01  1.3081E+00  1.2204E+00  2.5284E+00
  7.5600E-01  1.3090E+00  1.2202E+00  2.5292E+00
  7.5700E-01  1.3100E+00  1.2200E+00  2.5300E+00
  7.5800E-01  1.3110E+00  1.2198E+00  2.5308E+00
  7.5900E-01  1.3119E+00  1.2196E+00  2.5315E+00
  7.6000E-01  1.3129E+00  1.2194E+00  2.5323E+00
  7.6100E-01  1.3138E+00  1.2192E+00  2.5330E+00
  7.6200E-01  1.3145E+00  1.2190E+00  2.5335E+00
  7.6300E-01  1.3153E+00  1.2188E+00  2.5341E+00
  7.6400E-01  1.3160E+00  1.2186E+00  2.5346E+00
  7.6500E-01  1.3167E+00  1.2184E+00  2.5352E+00
  7.6600E-01  1.3175E+00  1.2182E+00  2.5357E+00
  7.6700E-01  1.3182E+00  1.2180E+00  2.5362E+00
  7.6800E-01  1.3189E+00  1.2178E+00  2.5368E+00
  7.6900E-01  1.3197E+00  1.2176E+00  2.5373E+00
  7.7000E-01  1.3204E+00  1.2174E+00  2.5378E+00
  7.7100E-01  1.3211E+00  1.2172E+00  2.5383E+00
  7.7200E-01  1.3219E+00  1.2170E+00  2.5389E+00
  7.7300E-01  1.3226E+00  1.2168E+00  2.5394E+00
  7.7400E-01  1.3233E+00  1.2166E+00  2.5398E+00
  7.7500E-01  1.3239E+00  1.2164E+00  2.5403E+00
  7.7600E-01  1.3246E+00  1.2162E+00  2.5407E+00
  7.7700E-01  1.3252E+00  1.2159E+00  2.5412E+00
  7.7800E-01  1.3259E+00  1.2157E+00  2.5416E+00
  7.7900E-01  1.3266E+00  1.2155E+00  2.5421E+00
  7.8000E-01  1.3272E+00  1.2153E+00  2.5425E+00
  7.8100E-01  1.3279E+00  1.2151E+00  2.5430E+00
  7.8200E-01  1.3286E+00  1.2149E+00  2.5434E+00
  7.8300E-01  1.3292E+00  1.2147E+00  2.5439E+00
  7.8400E-01  1.3299E+00  1.2144E+00  2.5443E+00
  7.8500E-01  1.3306E+00  1.2142E+00  2.5448E+00
  7.8600E-01  1.3313E+00  1.2140E+00  2.5452E+00
  7.8700E-01  1.3319E+00  1.2138E+00  2.5456E+00
  7.8800E-01  1.3325E+00  1.2136E+00  2.5461E+00
  7.8900E-01  1.3331E+00  1.2133E+00  2.5465E+00
  7.9000E-01  1.3338E+00  1.2131E+00  2.5469E+00
  7.9100E-01  1.3344E+00  1.2129E+00  2.5473E+00
  7.9200E-01  1.3350E+00  1.2127E+00  2.5477E+00
  7.9300E-01  1.3357E+00  1.2125E+00  2.5481E+00
  7.9400E-01  1.3363E+00  1.2123E+00  2.5486E+00
  7.9500E-01  1.3370E+00  1.2120E+00  2.5490E+00
  7.9600E-01  1.3376E+00  1.2118E+00  2.5494E+00
  7.9700E-01  1.3383E+00  1.2116E+00  2.5499E+00
  7.9800E-01  1.3390E+00  1.2113E+00  2.5503E+00
  7.9900E-01  1.3395E+00  1.2111E+00  2.5506E+00
