# GGADT v1.2.1
# =-=-=
# Total cross sections as a function of energy
# -----------------------------------
# Parameter values
# -----------------------------------
# a_eff:                               1.20000E-01 micron
# ephot_min:                           6.00000E-01kiloelectron-vo
# ephot_max:                           8.00000E-01kiloelectron-vo
# nephots:                                     200
# Material file:                                   hematite
# geometry:                                        ellipsoid
# angle_mode:                                      random
# ngrain:                                      128
# norientations:                                 1
# grain-axis-z:                        1.20000E-01 micron
# grain-axis-y:                        1.20000E-01 micron
# grain-axis-z:                        1.20000E-01 micron
# grid-width:                          2.40000E-01 micron
# axes-convention:                                 ddscat
# parameter_file_name:                             small_params.ini
# -----------------------------------
 # [ephot (kiloelectron-volt)] [Q_sca] [Q_abs] [Q_ext]
  6.0000E-01  5.5173E-01  4.4183E-01  9.9356E-01
  6.0100E-01  5.5048E-01  4.4067E-01  9.9115E-01
  6.0200E-01  5.4922E-01  4.3951E-01  9.8873E-01
  6.0300E-01  5.4795E-01  4.3833E-01  9.8628E-01
  6.0400E-01  5.4667E-01  4.3715E-01  9.8382E-01
  6.0500E-01  5.4539E-01  4.3595E-01  9.8134E-01
  6.0600E-01  5.4409E-01  4.3475E-01  9.7884E-01
  6.0700E-01  5.4279E-01  4.3354E-01  9.7633E-01
  6.0800E-01  5.4145E-01  4.3233E-01  9.7378E-01
  6.0900E-01  5.3986E-01  4.3122E-01  9.7108E-01
  6.1000E-01  5.3826E-01  4.3010E-01  9.6836E-01
  6.1100E-01  5.3665E-01  4.2897E-01  9.6562E-01
  6.1200E-01  5.3503E-01  4.2784E-01  9.6286E-01
  6.1300E-01  5.3339E-01  4.2669E-01  9.6009E-01
  6.1400E-01  5.3175E-01  4.2554E-01  9.5729E-01
  6.1500E-01  5.3010E-01  4.2438E-01  9.5448E-01
  6.1600E-01  5.2844E-01  4.2321E-01  9.5165E-01
  6.1700E-01  5.2677E-01  4.2204E-01  9.4881E-01
  6.1800E-01  5.2503E-01  4.2088E-01  9.4591E-01
  6.1900E-01  5.2309E-01  4.1980E-01  9.4289E-01
  6.2000E-01  5.2115E-01  4.1871E-01  9.3985E-01
  6.2100E-01  5.1919E-01  4.1761E-01  9.3680E-01
  6.2200E-01  5.1722E-01  4.1650E-01  9.3373E-01
  6.2300E-01  5.1525E-01  4.1539E-01  9.3064E-01
  6.2400E-01  5.1326E-01  4.1427E-01  9.2753E-01
  6.2500E-01  5.1126E-01  4.1314E-01  9.2441E-01
  6.2600E-01  5.0925E-01  4.1201E-01  9.2126E-01
  6.2700E-01  5.0723E-01  4.1087E-01  9.1810E-01
  6.2800E-01  5.0514E-01  4.0973E-01  9.1487E-01
  6.2900E-01  5.0284E-01  4.0865E-01  9.1149E-01
  6.3000E-01  5.0052E-01  4.0757E-01  9.0809E-01
  6.3100E-01  4.9820E-01  4.0647E-01  9.0467E-01
  6.3200E-01  4.9587E-01  4.0537E-01  9.0124E-01
  6.3300E-01  4.9352E-01  4.0426E-01  8.9778E-01
  6.3400E-01  4.9117E-01  4.0314E-01  8.9431E-01
  6.3500E-01  4.8880E-01  4.0202E-01  8.9082E-01
  6.3600E-01  4.8643E-01  4.0089E-01  8.8731E-01
  6.3700E-01  4.8404E-01  3.9975E-01  8.8379E-01
  6.3800E-01  4.8161E-01  3.9861E-01  8.8022E-01
  6.3900E-01  4.7885E-01  3.9752E-01  8.7637E-01
  6.4000E-01  4.7607E-01  3.9642E-01  8.7250E-01
  6.4100E-01  4.7329E-01  3.9532E-01  8.6861E-01
  6.4200E-01  4.7049E-01  3.9421E-01  8.6470E-01
  6.4300E-01  4.6769E-01  3.9309E-01  8.6078E-01
  6.4400E-01  4.6488E-01  3.9197E-01  8.5684E-01
  6.4500E-01  4.6205E-01  3.9084E-01  8.5289E-01
  6.4600E-01  4.5922E-01  3.8970E-01  8.4892E-01
  6.4700E-01  4.5638E-01  3.8855E-01  8.4493E-01
  6.4800E-01  4.5353E-01  3.8739E-01  8.4092E-01
  6.4900E-01  4.5026E-01  3.8630E-01  8.3655E-01
  6.5000E-01  4.4686E-01  3.8521E-01  8.3207E-01
  6.5100E-01  4.4345E-01  3.8412E-01  8.2757E-01
  6.5200E-01  4.4004E-01  3.8302E-01  8.2306E-01
  6.5300E-01  4.3662E-01  3.8192E-01  8.1853E-01
  6.5400E-01  4.3319E-01  3.8080E-01  8.1399E-01
  6.5500E-01  4.2975E-01  3.7968E-01  8.0943E-01
  6.5600E-01  4.2631E-01  3.7855E-01  8.0486E-01
  6.5700E-01  4.2285E-01  3.7742E-01  8.0027E-01
  6.5800E-01  4.1940E-01  3.7628E-01  7.9567E-01
  6.5900E-01  4.1569E-01  3.7516E-01  7.9085E-01
  6.6000E-01  4.1138E-01  3.7412E-01  7.8550E-01
  6.6100E-01  4.0707E-01  3.7307E-01  7.8013E-01
  6.6200E-01  4.0275E-01  3.7201E-01  7.7476E-01
  6.6300E-01  3.9844E-01  3.7094E-01  7.6938E-01
  6.6400E-01  3.9412E-01  3.6987E-01  7.6399E-01
  6.6500E-01  3.8980E-01  3.6880E-01  7.5859E-01
  6.6600E-01  3.8548E-01  3.6771E-01  7.5319E-01
  6.6700E-01  3.8115E-01  3.6662E-01  7.4778E-01
  6.6800E-01  3.7683E-01  3.6552E-01  7.4236E-01
  6.6900E-01  3.7251E-01  3.6442E-01  7.3693E-01
  6.7000E-01  3.6724E-01  3.6342E-01  7.3067E-01
  6.7100E-01  3.6144E-01  3.6248E-01  7.2392E-01
  6.7200E-01  3.5566E-01  3.6153E-01  7.1719E-01
  6.7300E-01  3.4989E-01  3.6058E-01  7.1047E-01
  6.7400E-01  3.4414E-01  3.5962E-01  7.0376E-01
  6.7500E-01  3.3841E-01  3.5866E-01  6.9707E-01
  6.7600E-01  3.3269E-01  3.5769E-01  6.9038E-01
  6.7700E-01  3.2700E-01  3.5671E-01  6.8371E-01
  6.7800E-01  3.2132E-01  3.5573E-01  6.7705E-01
  6.7900E-01  3.1567E-01  3.5474E-01  6.7041E-01
  6.8000E-01  3.1004E-01  3.5375E-01  6.6379E-01
  6.8100E-01  3.0230E-01  3.5287E-01  6.5517E-01
  6.8200E-01  2.9414E-01  3.5201E-01  6.4615E-01
  6.8300E-01  2.8605E-01  3.5114E-01  6.3720E-01
  6.8400E-01  2.7805E-01  3.5027E-01  6.2832E-01
  6.8500E-01  2.7012E-01  3.4939E-01  6.1951E-01
  6.8600E-01  2.6228E-01  3.4851E-01  6.1079E-01
  6.8700E-01  2.5452E-01  3.4762E-01  6.0214E-01
  6.8800E-01  2.4684E-01  3.4673E-01  5.9358E-01
  6.8900E-01  2.3926E-01  3.4584E-01  5.8510E-01
  6.9000E-01  2.3177E-01  3.4493E-01  5.7671E-01
  6.9100E-01  2.1766E-01  3.3668E-01  5.5433E-01
  6.9200E-01  2.0471E-01  3.4068E-01  5.4540E-01
  6.9300E-01  1.8951E-01  3.3530E-01  5.2481E-01
  6.9400E-01  1.7983E-01  3.3635E-01  5.1618E-01
  6.9500E-01  1.6532E-01  3.4076E-01  5.0608E-01
  6.9600E-01  1.4969E-01  3.3609E-01  4.8578E-01
  6.9700E-01  1.3391E-01  3.3717E-01  4.7108E-01
  6.9800E-01  1.1730E-01  3.3548E-01  4.5279E-01
  6.9900E-01  9.9419E-02  3.3671E-01  4.3613E-01
  7.0000E-01  7.9920E-02  3.3362E-01  4.1354E-01
  7.0100E-01  6.3689E-02  3.4225E-01  4.0594E-01
  7.0200E-01  4.6611E-02  3.3912E-01  3.8574E-01
  7.0300E-01  4.3190E-02  3.5152E-01  3.9471E-01
  7.0400E-01  7.0041E-02  3.7120E-01  4.4124E-01
  7.0500E-01  2.0930E-01  4.3171E-01  6.4101E-01
  7.0600E-01  6.7565E-01  7.5993E-01  1.4356E+00
  7.0700E-01  5.2593E-01  8.6453E-01  1.3905E+00
  7.0800E-01  8.2225E-01  9.7150E-01  1.7937E+00
  7.0900E-01  8.5828E-01  9.3083E-01  1.7891E+00
  7.1000E-01  8.2671E-01  8.4293E-01  1.6696E+00
  7.1100E-01  7.4213E-01  7.8806E-01  1.5302E+00
  7.1200E-01  7.1668E-01  7.3689E-01  1.4536E+00
  7.1300E-01  6.5517E-01  6.7139E-01  1.3266E+00
  7.1400E-01  5.7500E-01  6.3695E-01  1.2120E+00
  7.1500E-01  5.2433E-01  6.1861E-01  1.1429E+00
  7.1600E-01  4.7198E-01  5.8817E-01  1.0601E+00
  7.1700E-01  3.9068E-01  5.6305E-01  9.5373E-01
  7.1800E-01  3.0197E-01  5.8465E-01  8.8662E-01
  7.1900E-01  2.9058E-01  7.0152E-01  9.9210E-01
  7.2000E-01  4.6023E-01  7.6867E-01  1.2289E+00
  7.2100E-01  5.1369E-01  8.0959E-01  1.3233E+00
  7.2200E-01  6.2080E-01  7.8193E-01  1.4027E+00
  7.2300E-01  6.6382E-01  7.1317E-01  1.3770E+00
  7.2400E-01  6.3055E-01  6.4850E-01  1.2791E+00
  7.2500E-01  5.8383E-01  6.0992E-01  1.1938E+00
  7.2600E-01  5.3744E-01  5.9021E-01  1.1276E+00
  7.2700E-01  5.0858E-01  5.8357E-01  1.0922E+00
  7.2800E-01  4.8759E-01  5.7955E-01  1.0671E+00
  7.2900E-01  4.6800E-01  5.7215E-01  1.0402E+00
  7.3000E-01  4.4660E-01  5.6419E-01  1.0108E+00
  7.3100E-01  4.2409E-01  5.6741E-01  9.9150E-01
  7.3200E-01  4.0339E-01  5.7065E-01  9.7404E-01
  7.3300E-01  3.9782E-01  5.8380E-01  9.8161E-01
  7.3400E-01  3.8987E-01  5.9259E-01  9.8246E-01
  7.3500E-01  3.8790E-01  6.0105E-01  9.8895E-01
  7.3600E-01  3.8731E-01  6.0960E-01  9.9691E-01
  7.3700E-01  3.8665E-01  6.1643E-01  1.0031E+00
  7.3800E-01  3.8858E-01  6.2513E-01  1.0137E+00
  7.3900E-01  3.9088E-01  6.3138E-01  1.0223E+00
  7.4000E-01  3.9447E-01  6.3883E-01  1.0333E+00
  7.4100E-01  4.0017E-01  6.4447E-01  1.0446E+00
  7.4200E-01  4.0494E-01  6.4897E-01  1.0539E+00
  7.4300E-01  4.1202E-01  6.5512E-01  1.0671E+00
  7.4400E-01  4.1679E-01  6.5896E-01  1.0757E+00
  7.4500E-01  4.2427E-01  6.6118E-01  1.0854E+00
  7.4600E-01  4.3057E-01  6.6294E-01  1.0935E+00
  7.4700E-01  4.3513E-01  6.6423E-01  1.0994E+00
  7.4800E-01  4.4161E-01  6.6389E-01  1.1055E+00
  7.4900E-01  4.4547E-01  6.6472E-01  1.1102E+00
  7.5000E-01  4.4915E-01  6.6322E-01  1.1124E+00
  7.5100E-01  4.5124E-01  6.6219E-01  1.1134E+00
  7.5200E-01  4.5336E-01  6.6116E-01  1.1145E+00
  7.5300E-01  4.5550E-01  6.6012E-01  1.1156E+00
  7.5400E-01  4.5766E-01  6.5907E-01  1.1167E+00
  7.5500E-01  4.5986E-01  6.5802E-01  1.1179E+00
  7.5600E-01  4.6207E-01  6.5695E-01  1.1190E+00
  7.5700E-01  4.6432E-01  6.5588E-01  1.1202E+00
  7.5800E-01  4.6659E-01  6.5480E-01  1.1214E+00
  7.5900E-01  4.6888E-01  6.5371E-01  1.1226E+00
  7.6000E-01  4.7121E-01  6.5262E-01  1.1238E+00
  7.6100E-01  4.7356E-01  6.5151E-01  1.1251E+00
  7.6200E-01  4.7467E-01  6.5050E-01  1.1252E+00
  7.6300E-01  4.7574E-01  6.4948E-01  1.1252E+00
  7.6400E-01  4.7681E-01  6.4845E-01  1.1253E+00
  7.6500E-01  4.7790E-01  6.4742E-01  1.1253E+00
  7.6600E-01  4.7900E-01  6.4638E-01  1.1254E+00
  7.6700E-01  4.8011E-01  6.4533E-01  1.1254E+00
  7.6800E-01  4.8122E-01  6.4427E-01  1.1255E+00
  7.6900E-01  4.8235E-01  6.4321E-01  1.1256E+00
  7.7000E-01  4.8349E-01  6.4214E-01  1.1256E+00
  7.7100E-01  4.8464E-01  6.4106E-01  1.1257E+00
  7.7200E-01  4.8580E-01  6.3997E-01  1.1258E+00
  7.7300E-01  4.8697E-01  6.3888E-01  1.1258E+00
  7.7400E-01  4.8776E-01  6.3784E-01  1.1256E+00
  7.7500E-01  4.8835E-01  6.3684E-01  1.1252E+00
  7.7600E-01  4.8894E-01  6.3583E-01  1.1248E+00
  7.7700E-01  4.8954E-01  6.3482E-01  1.1244E+00
  7.7800E-01  4.9014E-01  6.3379E-01  1.1239E+00
  7.7900E-01  4.9074E-01  6.3276E-01  1.1235E+00
  7.8000E-01  4.9135E-01  6.3172E-01  1.1231E+00
  7.8100E-01  4.9197E-01  6.3068E-01  1.1226E+00
  7.8200E-01  4.9259E-01  6.2963E-01  1.1222E+00
  7.8300E-01  4.9321E-01  6.2857E-01  1.1218E+00
  7.8400E-01  4.9384E-01  6.2750E-01  1.1213E+00
  7.8500E-01  4.9448E-01  6.2642E-01  1.1209E+00
  7.8600E-01  4.9504E-01  6.2536E-01  1.1204E+00
  7.8700E-01  4.9516E-01  6.2440E-01  1.1196E+00
  7.8800E-01  4.9527E-01  6.2343E-01  1.1187E+00
  7.8900E-01  4.9539E-01  6.2246E-01  1.1179E+00
  7.9000E-01  4.9551E-01  6.2148E-01  1.1170E+00
  7.9100E-01  4.9562E-01  6.2049E-01  1.1161E+00
  7.9200E-01  4.9574E-01  6.1950E-01  1.1152E+00
  7.9300E-01  4.9586E-01  6.1850E-01  1.1144E+00
  7.9400E-01  4.9598E-01  6.1750E-01  1.1135E+00
  7.9500E-01  4.9610E-01  6.1648E-01  1.1126E+00
  7.9600E-01  4.9622E-01  6.1546E-01  1.1117E+00
  7.9700E-01  4.9634E-01  6.1444E-01  1.1108E+00
  7.9800E-01  4.9646E-01  6.1340E-01  1.1099E+00
  7.9900E-01  4.9656E-01  6.1262E-01  1.1092E+00
