# GGADT v1.2.1
# =-=-=
# Total cross sections as a function of energy
# -----------------------------------
# Parameter values
# -----------------------------------
# a_eff:                               1.00000E+00 micron
# ephot_min:                           6.00000E-01kiloelectron-vo
# ephot_max:                           8.00000E-01kiloelectron-vo
# nephots:                                     200
# Material file:                                   hematite
# geometry:                                        ellipsoid
# angle_mode:                                      file
# angle_file:                                      angles
# ngrain:                                      128
# norientations:                                 1
# grain-axis-z:                        1.11869E+00 micron
# grain-axis-y:                        1.11869E+00 micron
# grain-axis-z:                        7.99064E-01 micron
# grid-width:                          2.23738E+00 micron
# axes-convention:                                 ddscat
# parameter_file_name:                             large_params_set.ini
# -----------------------------------
 # [ephot (kiloelectron-volt)] [Q_sca] [Q_abs] [Q_ext]
  6.0000E-01  1.3394E+00  1.1841E+00  2.5234E+00
  6.0100E-01  1.3397E+00  1.1836E+00  2.5233E+00
  6.0200E-01  1.3401E+00  1.1831E+00  2.5231E+00
  6.0300E-01  1.3404E+00  1.1826E+00  2.5230E+00
  6.0400E-01  1.3408E+00  1.1821E+00  2.5229E+00
  6.0500E-01  1.3411E+00  1.1816E+00  2.5227E+00
  6.0600E-01  1.3415E+00  1.1811E+00  2.5226E+00
  6.0700E-01  1.3419E+00  1.1806E+00  2.5225E+00
  6.0800E-01  1.3423E+00  1.1800E+00  2.5223E+00
  6.0900E-01  1.3427E+00  1.1795E+00  2.5222E+00
  6.1000E-01  1.3431E+00  1.1791E+00  2.5221E+00
  6.1100E-01  1.3435E+00  1.1786E+00  2.5221E+00
  6.1200E-01  1.3439E+00  1.1780E+00  2.5220E+00
  6.1300E-01  1.3444E+00  1.1775E+00  2.5219E+00
  6.1400E-01  1.3449E+00  1.1770E+00  2.5219E+00
  6.1500E-01  1.3453E+00  1.1765E+00  2.5218E+00
  6.1600E-01  1.3458E+00  1.1759E+00  2.5218E+00
  6.1700E-01  1.3463E+00  1.1754E+00  2.5217E+00
  6.1800E-01  1.3469E+00  1.1748E+00  2.5217E+00
  6.1900E-01  1.3474E+00  1.1743E+00  2.5217E+00
  6.2000E-01  1.3480E+00  1.1738E+00  2.5218E+00
  6.2100E-01  1.3486E+00  1.1733E+00  2.5218E+00
  6.2200E-01  1.3492E+00  1.1727E+00  2.5219E+00
  6.2300E-01  1.3498E+00  1.1722E+00  2.5220E+00
  6.2400E-01  1.3505E+00  1.1716E+00  2.5221E+00
  6.2500E-01  1.3512E+00  1.1711E+00  2.5223E+00
  6.2600E-01  1.3519E+00  1.1705E+00  2.5224E+00
  6.2700E-01  1.3526E+00  1.1699E+00  2.5226E+00
  6.2800E-01  1.3534E+00  1.1694E+00  2.5228E+00
  6.2900E-01  1.3542E+00  1.1688E+00  2.5231E+00
  6.3000E-01  1.3551E+00  1.1683E+00  2.5234E+00
  6.3100E-01  1.3560E+00  1.1677E+00  2.5237E+00
  6.3200E-01  1.3570E+00  1.1671E+00  2.5241E+00
  6.3300E-01  1.3579E+00  1.1665E+00  2.5245E+00
  6.3400E-01  1.3590E+00  1.1659E+00  2.5249E+00
  6.3500E-01  1.3600E+00  1.1653E+00  2.5254E+00
  6.3600E-01  1.3612E+00  1.1647E+00  2.5259E+00
  6.3700E-01  1.3623E+00  1.1641E+00  2.5264E+00
  6.3800E-01  1.3635E+00  1.1635E+00  2.5270E+00
  6.3900E-01  1.3649E+00  1.1629E+00  2.5278E+00
  6.4000E-01  1.3663E+00  1.1623E+00  2.5286E+00
  6.4100E-01  1.3678E+00  1.1617E+00  2.5295E+00
  6.4200E-01  1.3693E+00  1.1610E+00  2.5304E+00
  6.4300E-01  1.3709E+00  1.1604E+00  2.5313E+00
  6.4400E-01  1.3726E+00  1.1598E+00  2.5324E+00
  6.4500E-01  1.3743E+00  1.1591E+00  2.5334E+00
  6.4600E-01  1.3761E+00  1.1585E+00  2.5346E+00
  6.4700E-01  1.3780E+00  1.1578E+00  2.5358E+00
  6.4800E-01  1.3800E+00  1.1571E+00  2.5371E+00
  6.4900E-01  1.3822E+00  1.1564E+00  2.5386E+00
  6.5000E-01  1.3845E+00  1.1558E+00  2.5403E+00
  6.5100E-01  1.3870E+00  1.1551E+00  2.5421E+00
  6.5200E-01  1.3895E+00  1.1545E+00  2.5440E+00
  6.5300E-01  1.3922E+00  1.1538E+00  2.5460E+00
  6.5400E-01  1.3950E+00  1.1531E+00  2.5481E+00
  6.5500E-01  1.3978E+00  1.1524E+00  2.5502E+00
  6.5600E-01  1.4008E+00  1.1517E+00  2.5525E+00
  6.5700E-01  1.4039E+00  1.1510E+00  2.5548E+00
  6.5800E-01  1.4070E+00  1.1503E+00  2.5573E+00
  6.5900E-01  1.4105E+00  1.1495E+00  2.5600E+00
  6.6000E-01  1.4145E+00  1.1489E+00  2.5634E+00
  6.6100E-01  1.4186E+00  1.1482E+00  2.5668E+00
  6.6200E-01  1.4229E+00  1.1475E+00  2.5704E+00
  6.6300E-01  1.4273E+00  1.1468E+00  2.5741E+00
  6.6400E-01  1.4319E+00  1.1461E+00  2.5779E+00
  6.6500E-01  1.4366E+00  1.1453E+00  2.5819E+00
  6.6600E-01  1.4414E+00  1.1446E+00  2.5860E+00
  6.6700E-01  1.4464E+00  1.1439E+00  2.5903E+00
  6.6800E-01  1.4515E+00  1.1431E+00  2.5946E+00
  6.6900E-01  1.4568E+00  1.1423E+00  2.5991E+00
  6.7000E-01  1.4630E+00  1.1417E+00  2.6047E+00
  6.7100E-01  1.4699E+00  1.1410E+00  2.6108E+00
  6.7200E-01  1.4768E+00  1.1403E+00  2.6172E+00
  6.7300E-01  1.4840E+00  1.1396E+00  2.6236E+00
  6.7400E-01  1.4912E+00  1.1390E+00  2.6302E+00
  6.7500E-01  1.4985E+00  1.1383E+00  2.6368E+00
  6.7600E-01  1.5059E+00  1.1376E+00  2.6435E+00
  6.7700E-01  1.5134E+00  1.1368E+00  2.6502E+00
  6.7800E-01  1.5209E+00  1.1361E+00  2.6570E+00
  6.7900E-01  1.5284E+00  1.1354E+00  2.6638E+00
  6.8000E-01  1.5359E+00  1.1347E+00  2.6706E+00
  6.8100E-01  1.5454E+00  1.1340E+00  2.6794E+00
  6.8200E-01  1.5550E+00  1.1333E+00  2.6884E+00
  6.8300E-01  1.5643E+00  1.1327E+00  2.6970E+00
  6.8400E-01  1.5731E+00  1.1320E+00  2.7051E+00
  6.8500E-01  1.5813E+00  1.1313E+00  2.7127E+00
  6.8600E-01  1.5889E+00  1.1307E+00  2.7196E+00
  6.8700E-01  1.5957E+00  1.1300E+00  2.7257E+00
  6.8800E-01  1.6017E+00  1.1293E+00  2.7310E+00
  6.8900E-01  1.6067E+00  1.1286E+00  2.7353E+00
  6.9000E-01  1.6107E+00  1.1279E+00  2.7385E+00
  6.9100E-01  1.6316E+00  1.1211E+00  2.7527E+00
  6.9200E-01  1.6169E+00  1.1244E+00  2.7414E+00
  6.9300E-01  1.6195E+00  1.1199E+00  2.7394E+00
  6.9400E-01  1.6044E+00  1.1208E+00  2.7252E+00
  6.9500E-01  1.5657E+00  1.1245E+00  2.6902E+00
  6.9600E-01  1.5387E+00  1.1206E+00  2.6593E+00
  6.9700E-01  1.4799E+00  1.1215E+00  2.6015E+00
  6.9800E-01  1.4074E+00  1.1201E+00  2.5275E+00
  6.9900E-01  1.2957E+00  1.1211E+00  2.4168E+00
  7.0000E-01  1.1506E+00  1.1185E+00  2.2691E+00
  7.0100E-01  9.7253E-01  1.1257E+00  2.0982E+00
  7.0200E-01  7.7728E-01  1.1231E+00  1.9004E+00
  7.0300E-01  7.1238E-01  1.1330E+00  1.8454E+00
  7.0400E-01  9.7712E-01  1.1469E+00  2.1241E+00
  7.0500E-01  1.4237E+00  1.1798E+00  2.6035E+00
  7.0600E-01  1.2669E+00  1.2407E+00  2.5075E+00
  7.0700E-01  1.2323E+00  1.2458E+00  2.4781E+00
  7.0800E-01  1.2450E+00  1.2488E+00  2.4938E+00
  7.0900E-01  1.2494E+00  1.2479E+00  2.4973E+00
  7.1000E-01  1.2582E+00  1.2449E+00  2.5031E+00
  7.1100E-01  1.2640E+00  1.2423E+00  2.5063E+00
  7.1200E-01  1.2723E+00  1.2391E+00  2.5115E+00
  7.1300E-01  1.2844E+00  1.2335E+00  2.5179E+00
  7.1400E-01  1.2904E+00  1.2297E+00  2.5201E+00
  7.1500E-01  1.2942E+00  1.2273E+00  2.5216E+00
  7.1600E-01  1.3035E+00  1.2228E+00  2.5263E+00
  7.1700E-01  1.3170E+00  1.2184E+00  2.5354E+00
  7.1800E-01  1.2938E+00  1.2222E+00  2.5161E+00
  7.1900E-01  1.2070E+00  1.2363E+00  2.4434E+00
  7.2000E-01  1.2454E+00  1.2412E+00  2.4866E+00
  7.2100E-01  1.2432E+00  1.2434E+00  2.4866E+00
  7.2200E-01  1.2600E+00  1.2420E+00  2.5020E+00
  7.2300E-01  1.2757E+00  1.2373E+00  2.5130E+00
  7.2400E-01  1.2890E+00  1.2311E+00  2.5201E+00
  7.2500E-01  1.2972E+00  1.2261E+00  2.5233E+00
  7.2600E-01  1.3018E+00  1.2231E+00  2.5249E+00
  7.2700E-01  1.3039E+00  1.2220E+00  2.5259E+00
  7.2800E-01  1.3056E+00  1.2214E+00  2.5270E+00
  7.2900E-01  1.3088E+00  1.2201E+00  2.5289E+00
  7.3000E-01  1.3128E+00  1.2186E+00  2.5314E+00
  7.3100E-01  1.3131E+00  1.2192E+00  2.5323E+00
  7.3200E-01  1.3129E+00  1.2198E+00  2.5327E+00
  7.3300E-01  1.3070E+00  1.2221E+00  2.5291E+00
  7.3400E-01  1.3028E+00  1.2235E+00  2.5263E+00
  7.3500E-01  1.2987E+00  1.2248E+00  2.5235E+00
  7.3600E-01  1.2946E+00  1.2261E+00  2.5207E+00
  7.3700E-01  1.2914E+00  1.2270E+00  2.5184E+00
  7.3800E-01  1.2875E+00  1.2282E+00  2.5157E+00
  7.3900E-01  1.2849E+00  1.2290E+00  2.5139E+00
  7.4000E-01  1.2820E+00  1.2299E+00  2.5120E+00
  7.4100E-01  1.2803E+00  1.2306E+00  2.5109E+00
  7.4200E-01  1.2790E+00  1.2311E+00  2.5101E+00
  7.4300E-01  1.2773E+00  1.2318E+00  2.5092E+00
  7.4400E-01  1.2764E+00  1.2322E+00  2.5086E+00
  7.4500E-01  1.2764E+00  1.2325E+00  2.5089E+00
  7.4600E-01  1.2764E+00  1.2327E+00  2.5091E+00
  7.4700E-01  1.2764E+00  1.2328E+00  2.5092E+00
  7.4800E-01  1.2772E+00  1.2328E+00  2.5099E+00
  7.4900E-01  1.2772E+00  1.2328E+00  2.5101E+00
  7.5000E-01  1.2781E+00  1.2327E+00  2.5108E+00
  7.5100E-01  1.2786E+00  1.2326E+00  2.5112E+00
  7.5200E-01  1.2791E+00  1.2325E+00  2.5116E+00
  7.5300E-01  1.2796E+00  1.2324E+00  2.5120E+00
  7.5400E-01  1.2801E+00  1.2322E+00  2.5124E+00
  7.5500E-01  1.2806E+00  1.2321E+00  2.5127E+00
  7.5600E-01  1.2811E+00  1.2320E+00  2.5131E+00
  7.5700E-01  1.2816E+00  1.2319E+00  2.5135E+00
  7.5800E-01  1.2821E+00  1.2318E+00  2.5138E+00
  7.5900E-01  1.2825E+00  1.2317E+00  2.5142E+00
  7.6000E-01  1.2830E+00  1.2315E+00  2.5145E+00
  7.6100E-01  1.2835E+00  1.2314E+00  2.5149E+00
  7.6200E-01  1.2838E+00  1.2313E+00  2.5151E+00
  7.6300E-01  1.2842E+00  1.2312E+00  2.5154E+00
  7.6400E-01  1.2846E+00  1.2311E+00  2.5156E+00
  7.6500E-01  1.2849E+00  1.2309E+00  2.5159E+00
  7.6600E-01  1.2853E+00  1.2308E+00  2.5161E+00
  7.6700E-01  1.2857E+00  1.2307E+00  2.5164E+00
  7.6800E-01  1.2860E+00  1.2306E+00  2.5166E+00
  7.6900E-01  1.2864E+00  1.2305E+00  2.5169E+00
  7.7000E-01  1.2868E+00  1.2303E+00  2.5171E+00
  7.7100E-01  1.2871E+00  1.2302E+00  2.5173E+00
  7.7200E-01  1.2875E+00  1.2301E+00  2.5176E+00
  7.7300E-01  1.2879E+00  1.2299E+00  2.5178E+00
  7.7400E-01  1.2882E+00  1.2298E+00  2.5180E+00
  7.7500E-01  1.2885E+00  1.2297E+00  2.5182E+00
  7.7600E-01  1.2888E+00  1.2296E+00  2.5184E+00
  7.7700E-01  1.2891E+00  1.2294E+00  2.5186E+00
  7.7800E-01  1.2895E+00  1.2293E+00  2.5188E+00
  7.7900E-01  1.2898E+00  1.2292E+00  2.5190E+00
  7.8000E-01  1.2901E+00  1.2290E+00  2.5191E+00
  7.8100E-01  1.2904E+00  1.2289E+00  2.5193E+00
  7.8200E-01  1.2907E+00  1.2288E+00  2.5195E+00
  7.8300E-01  1.2911E+00  1.2286E+00  2.5197E+00
  7.8400E-01  1.2914E+00  1.2285E+00  2.5199E+00
  7.8500E-01  1.2917E+00  1.2284E+00  2.5201E+00
  7.8600E-01  1.2920E+00  1.2282E+00  2.5203E+00
  7.8700E-01  1.2923E+00  1.2281E+00  2.5204E+00
  7.8800E-01  1.2926E+00  1.2280E+00  2.5206E+00
  7.8900E-01  1.2929E+00  1.2278E+00  2.5207E+00
  7.9000E-01  1.2932E+00  1.2277E+00  2.5209E+00
  7.9100E-01  1.2934E+00  1.2276E+00  2.5210E+00
  7.9200E-01  1.2937E+00  1.2275E+00  2.5212E+00
  7.9300E-01  1.2940E+00  1.2273E+00  2.5213E+00
  7.9400E-01  1.2943E+00  1.2272E+00  2.5215E+00
  7.9500E-01  1.2946E+00  1.2270E+00  2.5217E+00
  7.9600E-01  1.2949E+00  1.2269E+00  2.5218E+00
  7.9700E-01  1.2952E+00  1.2268E+00  2.5220E+00
  7.9800E-01  1.2955E+00  1.2266E+00  2.5221E+00
  7.9900E-01  1.2957E+00  1.2265E+00  2.5222E+00
