# GGADT v1.2.1
# =-=-=
# Total cross sections as a function of energy
# -----------------------------------
# Parameter values
# -----------------------------------
# a_eff:                               5.60000E-01 micron
# ephot_min:                           6.00000E-01kiloelectron-vo
# ephot_max:                           8.00000E-01kiloelectron-vo
# nephots:                                     200
# Material file:                                   hematite
# geometry:                                        ellipsoid
# angle_mode:                                      file
# angle_file:                                      angles
# ngrain:                                      128
# norientations:                                 1
# grain-axis-z:                        6.26466E-01 micron
# grain-axis-y:                        6.26466E-01 micron
# grain-axis-z:                        4.47476E-01 micron
# grid-width:                          1.25293E+00 micron
# axes-convention:                                 ddscat
# parameter_file_name:                             large_params_set.ini
# -----------------------------------
 # [ephot (kiloelectron-volt)] [Q_sca] [Q_abs] [Q_ext]
  6.0000E-01  1.7905E+00  1.0661E+00  2.8566E+00
  6.0100E-01  1.7935E+00  1.0651E+00  2.8585E+00
  6.0200E-01  1.7966E+00  1.0640E+00  2.8605E+00
  6.0300E-01  1.7996E+00  1.0629E+00  2.8625E+00
  6.0400E-01  1.8027E+00  1.0618E+00  2.8645E+00
  6.0500E-01  1.8059E+00  1.0607E+00  2.8665E+00
  6.0600E-01  1.8090E+00  1.0595E+00  2.8686E+00
  6.0700E-01  1.8122E+00  1.0584E+00  2.8706E+00
  6.0800E-01  1.8154E+00  1.0572E+00  2.8726E+00
  6.0900E-01  1.8184E+00  1.0562E+00  2.8745E+00
  6.1000E-01  1.8213E+00  1.0551E+00  2.8764E+00
  6.1100E-01  1.8243E+00  1.0540E+00  2.8783E+00
  6.1200E-01  1.8273E+00  1.0529E+00  2.8802E+00
  6.1300E-01  1.8303E+00  1.0518E+00  2.8821E+00
  6.1400E-01  1.8334E+00  1.0506E+00  2.8840E+00
  6.1500E-01  1.8364E+00  1.0495E+00  2.8859E+00
  6.1600E-01  1.8395E+00  1.0483E+00  2.8878E+00
  6.1700E-01  1.8426E+00  1.0472E+00  2.8897E+00
  6.1800E-01  1.8456E+00  1.0460E+00  2.8916E+00
  6.1900E-01  1.8484E+00  1.0449E+00  2.8933E+00
  6.2000E-01  1.8512E+00  1.0438E+00  2.8950E+00
  6.2100E-01  1.8540E+00  1.0427E+00  2.8967E+00
  6.2200E-01  1.8568E+00  1.0416E+00  2.8984E+00
  6.2300E-01  1.8596E+00  1.0404E+00  2.9000E+00
  6.2400E-01  1.8625E+00  1.0393E+00  2.9017E+00
  6.2500E-01  1.8653E+00  1.0381E+00  2.9034E+00
  6.2600E-01  1.8681E+00  1.0369E+00  2.9050E+00
  6.2700E-01  1.8709E+00  1.0357E+00  2.9067E+00
  6.2800E-01  1.8737E+00  1.0345E+00  2.9082E+00
  6.2900E-01  1.8763E+00  1.0334E+00  2.9096E+00
  6.3000E-01  1.8788E+00  1.0322E+00  2.9110E+00
  6.3100E-01  1.8813E+00  1.0311E+00  2.9124E+00
  6.3200E-01  1.8838E+00  1.0299E+00  2.9137E+00
  6.3300E-01  1.8863E+00  1.0287E+00  2.9150E+00
  6.3400E-01  1.8888E+00  1.0275E+00  2.9163E+00
  6.3500E-01  1.8913E+00  1.0263E+00  2.9175E+00
  6.3600E-01  1.8937E+00  1.0250E+00  2.9187E+00
  6.3700E-01  1.8961E+00  1.0238E+00  2.9199E+00
  6.3800E-01  1.8985E+00  1.0225E+00  2.9210E+00
  6.3900E-01  1.9005E+00  1.0213E+00  2.9219E+00
  6.4000E-01  1.9025E+00  1.0201E+00  2.9226E+00
  6.4100E-01  1.9045E+00  1.0189E+00  2.9234E+00
  6.4200E-01  1.9064E+00  1.0176E+00  2.9240E+00
  6.4300E-01  1.9083E+00  1.0164E+00  2.9246E+00
  6.4400E-01  1.9101E+00  1.0151E+00  2.9252E+00
  6.4500E-01  1.9119E+00  1.0138E+00  2.9257E+00
  6.4600E-01  1.9136E+00  1.0125E+00  2.9261E+00
  6.4700E-01  1.9153E+00  1.0112E+00  2.9264E+00
  6.4800E-01  1.9169E+00  1.0098E+00  2.9267E+00
  6.4900E-01  1.9180E+00  1.0086E+00  2.9265E+00
  6.5000E-01  1.9188E+00  1.0073E+00  2.9261E+00
  6.5100E-01  1.9196E+00  1.0060E+00  2.9256E+00
  6.5200E-01  1.9202E+00  1.0047E+00  2.9249E+00
  6.5300E-01  1.9208E+00  1.0034E+00  2.9242E+00
  6.5400E-01  1.9212E+00  1.0021E+00  2.9233E+00
  6.5500E-01  1.9215E+00  1.0008E+00  2.9223E+00
  6.5600E-01  1.9218E+00  9.9941E-01  2.9212E+00
  6.5700E-01  1.9219E+00  9.9804E-01  2.9199E+00
  6.5800E-01  1.9219E+00  9.9666E-01  2.9185E+00
  6.5900E-01  1.9214E+00  9.9530E-01  2.9167E+00
  6.6000E-01  1.9198E+00  9.9403E-01  2.9139E+00
  6.6100E-01  1.9181E+00  9.9274E-01  2.9108E+00
  6.6200E-01  1.9162E+00  9.9143E-01  2.9076E+00
  6.6300E-01  1.9140E+00  9.9012E-01  2.9041E+00
  6.6400E-01  1.9116E+00  9.8879E-01  2.9004E+00
  6.6500E-01  1.9090E+00  9.8744E-01  2.8965E+00
  6.6600E-01  1.9062E+00  9.8608E-01  2.8923E+00
  6.6700E-01  1.9032E+00  9.8471E-01  2.8879E+00
  6.6800E-01  1.8999E+00  9.8332E-01  2.8832E+00
  6.6900E-01  1.8964E+00  9.8192E-01  2.8783E+00
  6.7000E-01  1.8907E+00  9.8064E-01  2.8713E+00
  6.7100E-01  1.8835E+00  9.7944E-01  2.8629E+00
  6.7200E-01  1.8758E+00  9.7822E-01  2.8541E+00
  6.7300E-01  1.8677E+00  9.7699E-01  2.8447E+00
  6.7400E-01  1.8592E+00  9.7575E-01  2.8349E+00
  6.7500E-01  1.8502E+00  9.7449E-01  2.8247E+00
  6.7600E-01  1.8408E+00  9.7323E-01  2.8140E+00
  6.7700E-01  1.8308E+00  9.7195E-01  2.8028E+00
  6.7800E-01  1.8205E+00  9.7065E-01  2.7911E+00
  6.7900E-01  1.8096E+00  9.6935E-01  2.7790E+00
  6.8000E-01  1.7983E+00  9.6803E-01  2.7664E+00
  6.8100E-01  1.7805E+00  9.6685E-01  2.7474E+00
  6.8200E-01  1.7604E+00  9.6570E-01  2.7261E+00
  6.8300E-01  1.7393E+00  9.6454E-01  2.7038E+00
  6.8400E-01  1.7173E+00  9.6336E-01  2.6807E+00
  6.8500E-01  1.6944E+00  9.6218E-01  2.6566E+00
  6.8600E-01  1.6706E+00  9.6098E-01  2.6316E+00
  6.8700E-01  1.6459E+00  9.5978E-01  2.6057E+00
  6.8800E-01  1.6204E+00  9.5856E-01  2.5789E+00
  6.8900E-01  1.5940E+00  9.5733E-01  2.5513E+00
  6.9000E-01  1.5668E+00  9.5609E-01  2.5229E+00
  6.9100E-01  1.5284E+00  9.4451E-01  2.4729E+00
  6.9200E-01  1.4607E+00  9.5017E-01  2.4108E+00
  6.9300E-01  1.4003E+00  9.4254E-01  2.3429E+00
  6.9400E-01  1.3488E+00  9.4404E-01  2.2928E+00
  6.9500E-01  1.2622E+00  9.5028E-01  2.2125E+00
  6.9600E-01  1.1826E+00  9.4367E-01  2.1263E+00
  6.9700E-01  1.0847E+00  9.4521E-01  2.0299E+00
  6.9800E-01  9.7981E-01  9.4280E-01  1.9226E+00
  6.9900E-01  8.5401E-01  9.4455E-01  1.7986E+00
  7.0000E-01  7.1262E-01  9.4012E-01  1.6527E+00
  7.0100E-01  5.7546E-01  9.5237E-01  1.5278E+00
  7.0200E-01  4.3528E-01  9.4798E-01  1.3833E+00
  7.0300E-01  3.9782E-01  9.6505E-01  1.3629E+00
  7.0400E-01  5.9856E-01  9.9044E-01  1.5890E+00
  7.0500E-01  1.2844E+00  1.0566E+00  2.3410E+00
  7.0600E-01  1.3106E+00  1.2196E+00  2.5303E+00
  7.0700E-01  1.1904E+00  1.2366E+00  2.4271E+00
  7.0800E-01  1.2335E+00  1.2474E+00  2.4809E+00
  7.0900E-01  1.2474E+00  1.2439E+00  2.4913E+00
  7.1000E-01  1.2750E+00  1.2338E+00  2.5087E+00
  7.1100E-01  1.2968E+00  1.2251E+00  2.5219E+00
  7.1200E-01  1.3294E+00  1.2146E+00  2.5440E+00
  7.1300E-01  1.3877E+00  1.1969E+00  2.5846E+00
  7.1400E-01  1.4251E+00  1.1851E+00  2.6102E+00
  7.1500E-01  1.4404E+00  1.1779E+00  2.6183E+00
  7.1600E-01  1.4668E+00  1.1646E+00  2.6314E+00
  7.1700E-01  1.4441E+00  1.1520E+00  2.5962E+00
  7.1800E-01  1.2701E+00  1.1629E+00  2.4330E+00
  7.1900E-01  1.0879E+00  1.2058E+00  2.2937E+00
  7.2000E-01  1.2263E+00  1.2214E+00  2.4477E+00
  7.2100E-01  1.2239E+00  1.2288E+00  2.4527E+00
  7.2200E-01  1.2857E+00  1.2239E+00  2.5097E+00
  7.2300E-01  1.3476E+00  1.2089E+00  2.5565E+00
  7.2400E-01  1.4135E+00  1.1893E+00  2.6027E+00
  7.2500E-01  1.4631E+00  1.1743E+00  2.6374E+00
  7.2600E-01  1.4874E+00  1.1655E+00  2.6529E+00
  7.2700E-01  1.4905E+00  1.1624E+00  2.6529E+00
  7.2800E-01  1.4891E+00  1.1604E+00  2.6496E+00
  7.2900E-01  1.4922E+00  1.1567E+00  2.6489E+00
  7.3000E-01  1.4930E+00  1.1526E+00  2.6456E+00
  7.3100E-01  1.4696E+00  1.1543E+00  2.6239E+00
  7.3200E-01  1.4442E+00  1.1560E+00  2.6002E+00
  7.3300E-01  1.4154E+00  1.1625E+00  2.5779E+00
  7.3400E-01  1.3918E+00  1.1666E+00  2.5584E+00
  7.3500E-01  1.3756E+00  1.1705E+00  2.5460E+00
  7.3600E-01  1.3612E+00  1.1742E+00  2.5353E+00
  7.3700E-01  1.3497E+00  1.1770E+00  2.5267E+00
  7.3800E-01  1.3385E+00  1.1805E+00  2.5190E+00
  7.3900E-01  1.3316E+00  1.1830E+00  2.5146E+00
  7.4000E-01  1.3246E+00  1.1858E+00  2.5103E+00
  7.4100E-01  1.3224E+00  1.1878E+00  2.5102E+00
  7.4200E-01  1.3209E+00  1.1894E+00  2.5103E+00
  7.4300E-01  1.3192E+00  1.1916E+00  2.5107E+00
  7.4400E-01  1.3183E+00  1.1929E+00  2.5112E+00
  7.4500E-01  1.3220E+00  1.1936E+00  2.5156E+00
  7.4600E-01  1.3250E+00  1.1942E+00  2.5192E+00
  7.4700E-01  1.3270E+00  1.1946E+00  2.5216E+00
  7.4800E-01  1.3326E+00  1.1945E+00  2.5271E+00
  7.4900E-01  1.3344E+00  1.1948E+00  2.5292E+00
  7.5000E-01  1.3392E+00  1.1943E+00  2.5334E+00
  7.5100E-01  1.3421E+00  1.1939E+00  2.5360E+00
  7.5200E-01  1.3450E+00  1.1936E+00  2.5385E+00
  7.5300E-01  1.3479E+00  1.1932E+00  2.5411E+00
  7.5400E-01  1.3508E+00  1.1929E+00  2.5436E+00
  7.5500E-01  1.3537E+00  1.1925E+00  2.5462E+00
  7.5600E-01  1.3566E+00  1.1922E+00  2.5487E+00
  7.5700E-01  1.3595E+00  1.1918E+00  2.5513E+00
  7.5800E-01  1.3624E+00  1.1915E+00  2.5538E+00
  7.5900E-01  1.3653E+00  1.1911E+00  2.5564E+00
  7.6000E-01  1.3682E+00  1.1907E+00  2.5589E+00
  7.6100E-01  1.3711E+00  1.1903E+00  2.5614E+00
  7.6200E-01  1.3731E+00  1.1900E+00  2.5631E+00
  7.6300E-01  1.3752E+00  1.1896E+00  2.5648E+00
  7.6400E-01  1.3772E+00  1.1892E+00  2.5664E+00
  7.6500E-01  1.3792E+00  1.1889E+00  2.5681E+00
  7.6600E-01  1.3813E+00  1.1885E+00  2.5698E+00
  7.6700E-01  1.3834E+00  1.1881E+00  2.5715E+00
  7.6800E-01  1.3855E+00  1.1878E+00  2.5732E+00
  7.6900E-01  1.3876E+00  1.1874E+00  2.5749E+00
  7.7000E-01  1.3897E+00  1.1870E+00  2.5767E+00
  7.7100E-01  1.3918E+00  1.1866E+00  2.5784E+00
  7.7200E-01  1.3939E+00  1.1862E+00  2.5801E+00
  7.7300E-01  1.3961E+00  1.1858E+00  2.5819E+00
  7.7400E-01  1.3979E+00  1.1854E+00  2.5834E+00
  7.7500E-01  1.3997E+00  1.1850E+00  2.5847E+00
  7.7600E-01  1.4014E+00  1.1847E+00  2.5861E+00
  7.7700E-01  1.4032E+00  1.1843E+00  2.5874E+00
  7.7800E-01  1.4049E+00  1.1839E+00  2.5888E+00
  7.7900E-01  1.4067E+00  1.1835E+00  2.5902E+00
  7.8000E-01  1.4085E+00  1.1831E+00  2.5916E+00
  7.8100E-01  1.4103E+00  1.1827E+00  2.5930E+00
  7.8200E-01  1.4121E+00  1.1823E+00  2.5944E+00
  7.8300E-01  1.4140E+00  1.1819E+00  2.5959E+00
  7.8400E-01  1.4158E+00  1.1815E+00  2.5973E+00
  7.8500E-01  1.4177E+00  1.1810E+00  2.5987E+00
  7.8600E-01  1.4195E+00  1.1806E+00  2.6001E+00
  7.8700E-01  1.4210E+00  1.1802E+00  2.6012E+00
  7.8800E-01  1.4225E+00  1.1799E+00  2.6023E+00
  7.8900E-01  1.4240E+00  1.1795E+00  2.6035E+00
  7.9000E-01  1.4255E+00  1.1791E+00  2.6046E+00
  7.9100E-01  1.4270E+00  1.1787E+00  2.6057E+00
  7.9200E-01  1.4286E+00  1.1783E+00  2.6069E+00
  7.9300E-01  1.4301E+00  1.1779E+00  2.6080E+00
  7.9400E-01  1.4317E+00  1.1775E+00  2.6092E+00
  7.9500E-01  1.4333E+00  1.1770E+00  2.6103E+00
  7.9600E-01  1.4349E+00  1.1766E+00  2.6115E+00
  7.9700E-01  1.4365E+00  1.1762E+00  2.6127E+00
  7.9800E-01  1.4381E+00  1.1758E+00  2.6139E+00
  7.9900E-01  1.4394E+00  1.1754E+00  2.6148E+00
