# GGADT v1.2.1
# =-=-=
# Total cross sections as a function of energy
# -----------------------------------
# Parameter values
# -----------------------------------
# a_eff:                               4.50000E-01 micron
# ephot_min:                           6.00000E-01kiloelectron-vo
# ephot_max:                           8.00000E-01kiloelectron-vo
# nephots:                                     200
# Material file:                                   hematite
# geometry:                                        ellipsoid
# angle_mode:                                      random
# ngrain:                                      128
# norientations:                                 1
# grain-axis-z:                        5.03410E-01 micron
# grain-axis-y:                        5.03410E-01 micron
# grain-axis-z:                        3.59579E-01 micron
# grid-width:                          1.00682E+00 micron
# axes-convention:                                 ddscat
# parameter_file_name:                             large_params_random.ini
# -----------------------------------
 # [ephot (kiloelectron-volt)] [Q_sca] [Q_abs] [Q_ext]
  6.0000E-01  1.3180E+00  8.2105E-01  2.1390E+00
  6.0100E-01  1.3203E+00  8.2029E-01  2.1406E+00
  6.0200E-01  1.3227E+00  8.1952E-01  2.1422E+00
  6.0300E-01  1.3251E+00  8.1874E-01  2.1439E+00
  6.0400E-01  1.3276E+00  8.1795E-01  2.1455E+00
  6.0500E-01  1.3301E+00  8.1714E-01  2.1472E+00
  6.0600E-01  1.3325E+00  8.1633E-01  2.1489E+00
  6.0700E-01  1.3351E+00  8.1551E-01  2.1506E+00
  6.0800E-01  1.3376E+00  8.1468E-01  2.1523E+00
  6.0900E-01  1.3400E+00  8.1392E-01  2.1539E+00
  6.1000E-01  1.3424E+00  8.1315E-01  2.1556E+00
  6.1100E-01  1.3449E+00  8.1236E-01  2.1572E+00
  6.1200E-01  1.3473E+00  8.1157E-01  2.1589E+00
  6.1300E-01  1.3498E+00  8.1077E-01  2.1606E+00
  6.1400E-01  1.3523E+00  8.0996E-01  2.1623E+00
  6.1500E-01  1.3549E+00  8.0914E-01  2.1640E+00
  6.1600E-01  1.3574E+00  8.0830E-01  2.1657E+00
  6.1700E-01  1.3600E+00  8.0746E-01  2.1674E+00
  6.1800E-01  1.3625E+00  8.0663E-01  2.1691E+00
  6.1900E-01  1.3649E+00  8.0584E-01  2.1708E+00
  6.2000E-01  1.3674E+00  8.0505E-01  2.1724E+00
  6.2100E-01  1.3698E+00  8.0425E-01  2.1741E+00
  6.2200E-01  1.3723E+00  8.0344E-01  2.1757E+00
  6.2300E-01  1.3747E+00  8.0262E-01  2.1773E+00
  6.2400E-01  1.3772E+00  8.0179E-01  2.1790E+00
  6.2500E-01  1.3797E+00  8.0094E-01  2.1806E+00
  6.2600E-01  1.3822E+00  8.0009E-01  2.1823E+00
  6.2700E-01  1.3847E+00  7.9923E-01  2.1839E+00
  6.2800E-01  1.3872E+00  7.9837E-01  2.1856E+00
  6.2900E-01  1.3896E+00  7.9755E-01  2.1871E+00
  6.3000E-01  1.3919E+00  7.9672E-01  2.1887E+00
  6.3100E-01  1.3943E+00  7.9588E-01  2.1902E+00
  6.3200E-01  1.3967E+00  7.9503E-01  2.1917E+00
  6.3300E-01  1.3991E+00  7.9417E-01  2.1932E+00
  6.3400E-01  1.4015E+00  7.9329E-01  2.1947E+00
  6.3500E-01  1.4038E+00  7.9241E-01  2.1962E+00
  6.3600E-01  1.4062E+00  7.9152E-01  2.1977E+00
  6.3700E-01  1.4086E+00  7.9062E-01  2.1992E+00
  6.3800E-01  1.4109E+00  7.8971E-01  2.2006E+00
  6.3900E-01  1.4131E+00  7.8884E-01  2.2019E+00
  6.4000E-01  1.4152E+00  7.8796E-01  2.2032E+00
  6.4100E-01  1.4174E+00  7.8707E-01  2.2045E+00
  6.4200E-01  1.4195E+00  7.8616E-01  2.2057E+00
  6.4300E-01  1.4216E+00  7.8525E-01  2.2069E+00
  6.4400E-01  1.4237E+00  7.8433E-01  2.2080E+00
  6.4500E-01  1.4257E+00  7.8340E-01  2.2091E+00
  6.4600E-01  1.4277E+00  7.8245E-01  2.2102E+00
  6.4700E-01  1.4297E+00  7.8150E-01  2.2112E+00
  6.4800E-01  1.4317E+00  7.8053E-01  2.2122E+00
  6.4900E-01  1.4334E+00  7.7961E-01  2.2130E+00
  6.5000E-01  1.4349E+00  7.7869E-01  2.2136E+00
  6.5100E-01  1.4364E+00  7.7776E-01  2.2141E+00
  6.5200E-01  1.4378E+00  7.7682E-01  2.2146E+00
  6.5300E-01  1.4391E+00  7.7587E-01  2.2150E+00
  6.5400E-01  1.4404E+00  7.7491E-01  2.2153E+00
  6.5500E-01  1.4416E+00  7.7394E-01  2.2156E+00
  6.5600E-01  1.4428E+00  7.7296E-01  2.2157E+00
  6.5700E-01  1.4438E+00  7.7197E-01  2.2158E+00
  6.5800E-01  1.4448E+00  7.7097E-01  2.2158E+00
  6.5900E-01  1.4455E+00  7.6998E-01  2.2155E+00
  6.6000E-01  1.4456E+00  7.6905E-01  2.2147E+00
  6.6100E-01  1.4455E+00  7.6811E-01  2.2136E+00
  6.6200E-01  1.4453E+00  7.6717E-01  2.2125E+00
  6.6300E-01  1.4449E+00  7.6621E-01  2.2112E+00
  6.6400E-01  1.4444E+00  7.6524E-01  2.2097E+00
  6.6500E-01  1.4437E+00  7.6426E-01  2.2080E+00
  6.6600E-01  1.4429E+00  7.6327E-01  2.2062E+00
  6.6700E-01  1.4419E+00  7.6227E-01  2.2041E+00
  6.6800E-01  1.4407E+00  7.6126E-01  2.2019E+00
  6.6900E-01  1.4393E+00  7.6023E-01  2.1995E+00
  6.7000E-01  1.4365E+00  7.5930E-01  2.1959E+00
  6.7100E-01  1.4328E+00  7.5842E-01  2.1912E+00
  6.7200E-01  1.4287E+00  7.5753E-01  2.1862E+00
  6.7300E-01  1.4242E+00  7.5664E-01  2.1809E+00
  6.7400E-01  1.4194E+00  7.5573E-01  2.1752E+00
  6.7500E-01  1.4143E+00  7.5481E-01  2.1691E+00
  6.7600E-01  1.4088E+00  7.5389E-01  2.1626E+00
  6.7700E-01  1.4029E+00  7.5295E-01  2.1558E+00
  6.7800E-01  1.3966E+00  7.5201E-01  2.1486E+00
  6.7900E-01  1.3900E+00  7.5105E-01  2.1410E+00
  6.8000E-01  1.3829E+00  7.5009E-01  2.1330E+00
  6.8100E-01  1.3715E+00  7.4923E-01  2.1207E+00
  6.8200E-01  1.3583E+00  7.4838E-01  2.1067E+00
  6.8300E-01  1.3444E+00  7.4753E-01  2.0919E+00
  6.8400E-01  1.3296E+00  7.4667E-01  2.0763E+00
  6.8500E-01  1.3141E+00  7.4580E-01  2.0599E+00
  6.8600E-01  1.2978E+00  7.4493E-01  2.0427E+00
  6.8700E-01  1.2808E+00  7.4404E-01  2.0248E+00
  6.8800E-01  1.2629E+00  7.4315E-01  2.0061E+00
  6.8900E-01  1.2444E+00  7.4225E-01  1.9866E+00
  6.9000E-01  1.2251E+00  7.4134E-01  1.9665E+00
  6.9100E-01  1.1992E+00  7.3284E-01  1.9321E+00
  6.9200E-01  1.1489E+00  7.3700E-01  1.8859E+00
  6.9300E-01  1.1053E+00  7.3139E-01  1.8367E+00
  6.9400E-01  1.0667E+00  7.3250E-01  1.7992E+00
  6.9500E-01  1.0009E+00  7.3708E-01  1.7379E+00
  6.9600E-01  9.4105E-01  7.3223E-01  1.6733E+00
  6.9700E-01  8.6591E-01  7.3336E-01  1.5993E+00
  6.9800E-01  7.8490E-01  7.3159E-01  1.5165E+00
  6.9900E-01  6.8654E-01  7.3287E-01  1.4194E+00
  7.0000E-01  5.7527E-01  7.2962E-01  1.3049E+00
  7.0100E-01  4.6573E-01  7.3861E-01  1.2043E+00
  7.0200E-01  3.5357E-01  7.3539E-01  1.0890E+00
  7.0300E-01  3.2304E-01  7.4791E-01  1.0709E+00
  7.0400E-01  4.8276E-01  7.6644E-01  1.2492E+00
  7.0500E-01  1.0044E+00  8.1426E-01  1.8186E+00
  7.0600E-01  9.8793E-01  9.2811E-01  1.9160E+00
  7.0700E-01  9.0840E-01  9.3968E-01  1.8481E+00
  7.0800E-01  9.3748E-01  9.4711E-01  1.8846E+00
  7.0900E-01  9.4683E-01  9.4465E-01  1.8915E+00
  7.1000E-01  9.6514E-01  9.3772E-01  1.9029E+00
  7.1100E-01  9.7891E-01  9.3179E-01  1.9107E+00
  7.1200E-01  9.9951E-01  9.2469E-01  1.9242E+00
  7.1300E-01  1.0374E+00  9.1260E-01  1.9500E+00
  7.1400E-01  1.0654E+00  9.0449E-01  1.9699E+00
  7.1500E-01  1.0790E+00  8.9957E-01  1.9786E+00
  7.1600E-01  1.1018E+00  8.9036E-01  1.9921E+00
  7.1700E-01  1.0945E+00  8.8165E-01  1.9762E+00
  7.1800E-01  9.7590E-01  8.8920E-01  1.8651E+00
  7.1900E-01  8.4011E-01  9.1865E-01  1.7588E+00
  7.2000E-01  9.3413E-01  9.2931E-01  1.8634E+00
  7.2100E-01  9.3161E-01  9.3430E-01  1.8659E+00
  7.2200E-01  9.7218E-01  9.3103E-01  1.9032E+00
  7.2300E-01  1.0117E+00  9.2076E-01  1.9325E+00
  7.2400E-01  1.0549E+00  9.0737E-01  1.9623E+00
  7.2500E-01  1.0900E+00  8.9708E-01  1.9871E+00
  7.2600E-01  1.1100E+00  8.9102E-01  2.0010E+00
  7.2700E-01  1.1148E+00  8.8884E-01  2.0037E+00
  7.2800E-01  1.1159E+00  8.8749E-01  2.0034E+00
  7.2900E-01  1.1201E+00  8.8493E-01  2.0050E+00
  7.3000E-01  1.1231E+00  8.8207E-01  2.0052E+00
  7.3100E-01  1.1089E+00  8.8324E-01  1.9922E+00
  7.3200E-01  1.0930E+00  8.8440E-01  1.9774E+00
  7.3300E-01  1.0727E+00  8.8892E-01  1.9616E+00
  7.3400E-01  1.0563E+00  8.9178E-01  1.9481E+00
  7.3500E-01  1.0447E+00  8.9443E-01  1.9392E+00
  7.3600E-01  1.0343E+00  8.9699E-01  1.9313E+00
  7.3700E-01  1.0260E+00  8.9896E-01  1.9249E+00
  7.3800E-01  1.0177E+00  9.0137E-01  1.9191E+00
  7.3900E-01  1.0125E+00  9.0304E-01  1.9156E+00
  7.4000E-01  1.0071E+00  9.0497E-01  1.9121E+00
  7.4100E-01  1.0051E+00  9.0638E-01  1.9115E+00
  7.4200E-01  1.0037E+00  9.0748E-01  1.9111E+00
  7.4300E-01  1.0019E+00  9.0894E-01  1.9109E+00
  7.4400E-01  1.0010E+00  9.0983E-01  1.9109E+00
  7.4500E-01  1.0032E+00  9.1034E-01  1.9135E+00
  7.4600E-01  1.0049E+00  9.1074E-01  1.9156E+00
  7.4700E-01  1.0061E+00  9.1103E-01  1.9171E+00
  7.4800E-01  1.0096E+00  9.1095E-01  1.9205E+00
  7.4900E-01  1.0106E+00  9.1114E-01  1.9218E+00
  7.5000E-01  1.0138E+00  9.1080E-01  1.9246E+00
  7.5100E-01  1.0157E+00  9.1057E-01  1.9262E+00
  7.5200E-01  1.0176E+00  9.1033E-01  1.9279E+00
  7.5300E-01  1.0195E+00  9.1010E-01  1.9296E+00
  7.5400E-01  1.0214E+00  9.0986E-01  1.9312E+00
  7.5500E-01  1.0233E+00  9.0961E-01  1.9329E+00
  7.5600E-01  1.0252E+00  9.0937E-01  1.9345E+00
  7.5700E-01  1.0271E+00  9.0912E-01  1.9362E+00
  7.5800E-01  1.0290E+00  9.0887E-01  1.9378E+00
  7.5900E-01  1.0309E+00  9.0861E-01  1.9395E+00
  7.6000E-01  1.0327E+00  9.0835E-01  1.9411E+00
  7.6100E-01  1.0346E+00  9.0809E-01  1.9427E+00
  7.6200E-01  1.0360E+00  9.0785E-01  1.9438E+00
  7.6300E-01  1.0373E+00  9.0760E-01  1.9449E+00
  7.6400E-01  1.0387E+00  9.0735E-01  1.9460E+00
  7.6500E-01  1.0400E+00  9.0710E-01  1.9471E+00
  7.6600E-01  1.0414E+00  9.0685E-01  1.9482E+00
  7.6700E-01  1.0427E+00  9.0659E-01  1.9493E+00
  7.6800E-01  1.0441E+00  9.0633E-01  1.9505E+00
  7.6900E-01  1.0455E+00  9.0607E-01  1.9516E+00
  7.7000E-01  1.0469E+00  9.0580E-01  1.9527E+00
  7.7100E-01  1.0483E+00  9.0553E-01  1.9538E+00
  7.7200E-01  1.0497E+00  9.0526E-01  1.9550E+00
  7.7300E-01  1.0511E+00  9.0498E-01  1.9561E+00
  7.7400E-01  1.0524E+00  9.0472E-01  1.9571E+00
  7.7500E-01  1.0535E+00  9.0446E-01  1.9580E+00
  7.7600E-01  1.0547E+00  9.0420E-01  1.9589E+00
  7.7700E-01  1.0558E+00  9.0394E-01  1.9598E+00
  7.7800E-01  1.0570E+00  9.0367E-01  1.9607E+00
  7.7900E-01  1.0582E+00  9.0341E-01  1.9616E+00
  7.8000E-01  1.0594E+00  9.0313E-01  1.9626E+00
  7.8100E-01  1.0606E+00  9.0286E-01  1.9635E+00
  7.8200E-01  1.0619E+00  9.0258E-01  1.9644E+00
  7.8300E-01  1.0631E+00  9.0230E-01  1.9654E+00
  7.8400E-01  1.0643E+00  9.0201E-01  1.9663E+00
  7.8500E-01  1.0656E+00  9.0172E-01  1.9673E+00
  7.8600E-01  1.0668E+00  9.0143E-01  1.9682E+00
  7.8700E-01  1.0678E+00  9.0117E-01  1.9690E+00
  7.8800E-01  1.0688E+00  9.0091E-01  1.9697E+00
  7.8900E-01  1.0699E+00  9.0064E-01  1.9705E+00
  7.9000E-01  1.0709E+00  9.0037E-01  1.9713E+00
  7.9100E-01  1.0719E+00  9.0010E-01  1.9720E+00
  7.9200E-01  1.0730E+00  8.9982E-01  1.9728E+00
  7.9300E-01  1.0741E+00  8.9954E-01  1.9736E+00
  7.9400E-01  1.0752E+00  8.9926E-01  1.9744E+00
  7.9500E-01  1.0762E+00  8.9897E-01  1.9752E+00
  7.9600E-01  1.0774E+00  8.9868E-01  1.9760E+00
  7.9700E-01  1.0785E+00  8.9839E-01  1.9769E+00
  7.9800E-01  1.0796E+00  8.9809E-01  1.9777E+00
  7.9900E-01  1.0804E+00  8.9787E-01  1.9783E+00
