# GGADT v1.2.1
# =-=-=
# Total cross sections as a function of energy
# -----------------------------------
# Parameter values
# -----------------------------------
# a_eff:                               1.00000E+00 micron
# ephot_min:                           6.00000E-01kiloelectron-vo
# ephot_max:                           8.00000E-01kiloelectron-vo
# nephots:                                     200
# Material file:                                   fayalite
# geometry:                                        ellipsoid
# angle_mode:                                      file
# angle_file:                                      angles
# ngrain:                                      128
# norientations:                                 1
# grain-axis-z:                        1.58740E+00 micron
# grain-axis-y:                        7.93701E-01 micron
# grain-axis-z:                        7.93701E-01 micron
# grid-width:                          3.17480E+00 micron
# axes-convention:                                 ddscat
# parameter_file_name:                             params_prolate_set.ini
# -----------------------------------
 # [ephot (kiloelectron-volt)] [Q_sca] [Q_abs] [Q_ext]
  6.0000E-01  1.3698E+00  1.1767E+00  2.5465E+00
  6.0100E-01  1.3705E+00  1.1761E+00  2.5466E+00
  6.0200E-01  1.3713E+00  1.1755E+00  2.5468E+00
  6.0300E-01  1.3721E+00  1.1749E+00  2.5469E+00
  6.0400E-01  1.3728E+00  1.1743E+00  2.5471E+00
  6.0500E-01  1.3736E+00  1.1736E+00  2.5473E+00
  6.0600E-01  1.3745E+00  1.1730E+00  2.5475E+00
  6.0700E-01  1.3753E+00  1.1724E+00  2.5477E+00
  6.0800E-01  1.3762E+00  1.1717E+00  2.5479E+00
  6.0900E-01  1.3771E+00  1.1711E+00  2.5482E+00
  6.1000E-01  1.3780E+00  1.1705E+00  2.5485E+00
  6.1100E-01  1.3790E+00  1.1698E+00  2.5488E+00
  6.1200E-01  1.3800E+00  1.1692E+00  2.5492E+00
  6.1300E-01  1.3810E+00  1.1686E+00  2.5496E+00
  6.1400E-01  1.3821E+00  1.1679E+00  2.5500E+00
  6.1500E-01  1.3831E+00  1.1673E+00  2.5504E+00
  6.1600E-01  1.3842E+00  1.1666E+00  2.5508E+00
  6.1700E-01  1.3854E+00  1.1659E+00  2.5513E+00
  6.1800E-01  1.3865E+00  1.1653E+00  2.5518E+00
  6.1900E-01  1.3877E+00  1.1646E+00  2.5523E+00
  6.2000E-01  1.3890E+00  1.1640E+00  2.5530E+00
  6.2100E-01  1.3903E+00  1.1633E+00  2.5536E+00
  6.2200E-01  1.3916E+00  1.1627E+00  2.5543E+00
  6.2300E-01  1.3930E+00  1.1620E+00  2.5550E+00
  6.2400E-01  1.3944E+00  1.1613E+00  2.5557E+00
  6.2500E-01  1.3959E+00  1.1606E+00  2.5565E+00
  6.2600E-01  1.3973E+00  1.1599E+00  2.5573E+00
  6.2700E-01  1.3989E+00  1.1592E+00  2.5581E+00
  6.2800E-01  1.4004E+00  1.1585E+00  2.5590E+00
  6.2900E-01  1.4021E+00  1.1578E+00  2.5599E+00
  6.3000E-01  1.4038E+00  1.1571E+00  2.5609E+00
  6.3100E-01  1.4056E+00  1.1564E+00  2.5620E+00
  6.3200E-01  1.4074E+00  1.1557E+00  2.5632E+00
  6.3300E-01  1.4093E+00  1.1550E+00  2.5643E+00
  6.3400E-01  1.4113E+00  1.1543E+00  2.5656E+00
  6.3500E-01  1.4132E+00  1.1536E+00  2.5668E+00
  6.3600E-01  1.4153E+00  1.1528E+00  2.5681E+00
  6.3700E-01  1.4174E+00  1.1521E+00  2.5695E+00
  6.3800E-01  1.4195E+00  1.1513E+00  2.5709E+00
  6.3900E-01  1.4218E+00  1.1506E+00  2.5724E+00
  6.4000E-01  1.4243E+00  1.1498E+00  2.5741E+00
  6.4100E-01  1.4268E+00  1.1491E+00  2.5759E+00
  6.4200E-01  1.4294E+00  1.1483E+00  2.5777E+00
  6.4300E-01  1.4320E+00  1.1476E+00  2.5796E+00
  6.4400E-01  1.4348E+00  1.1468E+00  2.5815E+00
  6.4500E-01  1.4376E+00  1.1460E+00  2.5836E+00
  6.4600E-01  1.4404E+00  1.1452E+00  2.5856E+00
  6.4700E-01  1.4434E+00  1.1444E+00  2.5878E+00
  6.4800E-01  1.4464E+00  1.1436E+00  2.5900E+00
  6.4900E-01  1.4496E+00  1.1428E+00  2.5924E+00
  6.5000E-01  1.4530E+00  1.1420E+00  2.5950E+00
  6.5100E-01  1.4567E+00  1.1412E+00  2.5978E+00
  6.5200E-01  1.4604E+00  1.1404E+00  2.6008E+00
  6.5300E-01  1.4642E+00  1.1396E+00  2.6038E+00
  6.5400E-01  1.4681E+00  1.1387E+00  2.6069E+00
  6.5500E-01  1.4721E+00  1.1379E+00  2.6100E+00
  6.5600E-01  1.4763E+00  1.1371E+00  2.6133E+00
  6.5700E-01  1.4805E+00  1.1362E+00  2.6167E+00
  6.5800E-01  1.4848E+00  1.1353E+00  2.6201E+00
  6.5900E-01  1.4892E+00  1.1345E+00  2.6237E+00
  6.6000E-01  1.4940E+00  1.1336E+00  2.6276E+00
  6.6100E-01  1.4993E+00  1.1328E+00  2.6321E+00
  6.6200E-01  1.5047E+00  1.1320E+00  2.6367E+00
  6.6300E-01  1.5103E+00  1.1311E+00  2.6414E+00
  6.6400E-01  1.5160E+00  1.1303E+00  2.6463E+00
  6.6500E-01  1.5218E+00  1.1294E+00  2.6512E+00
  6.6600E-01  1.5276E+00  1.1286E+00  2.6562E+00
  6.6700E-01  1.5336E+00  1.1277E+00  2.6613E+00
  6.6800E-01  1.5397E+00  1.1268E+00  2.6665E+00
  6.6900E-01  1.5459E+00  1.1259E+00  2.6718E+00
  6.7000E-01  1.5525E+00  1.1250E+00  2.6776E+00
  6.7100E-01  1.5596E+00  1.1242E+00  2.6838E+00
  6.7200E-01  1.5676E+00  1.1234E+00  2.6910E+00
  6.7300E-01  1.5756E+00  1.1226E+00  2.6982E+00
  6.7400E-01  1.5837E+00  1.1218E+00  2.7055E+00
  6.7500E-01  1.5918E+00  1.1210E+00  2.7127E+00
  6.7600E-01  1.5998E+00  1.1201E+00  2.7200E+00
  6.7700E-01  1.6079E+00  1.1193E+00  2.7272E+00
  6.7800E-01  1.6159E+00  1.1184E+00  2.7343E+00
  6.7900E-01  1.6238E+00  1.1175E+00  2.7414E+00
  6.8000E-01  1.6317E+00  1.1167E+00  2.7484E+00
  6.8100E-01  1.6404E+00  1.1158E+00  2.7562E+00
  6.8200E-01  1.6496E+00  1.1150E+00  2.7646E+00
  6.8300E-01  1.6598E+00  1.1143E+00  2.7740E+00
  6.8400E-01  1.6691E+00  1.1135E+00  2.7826E+00
  6.8500E-01  1.6776E+00  1.1127E+00  2.7903E+00
  6.8600E-01  1.6851E+00  1.1118E+00  2.7970E+00
  6.8700E-01  1.6915E+00  1.1110E+00  2.8025E+00
  6.8800E-01  1.6966E+00  1.1102E+00  2.8068E+00
  6.8900E-01  1.7004E+00  1.1093E+00  2.8098E+00
  6.9000E-01  1.7028E+00  1.1085E+00  2.8113E+00
  6.9100E-01  1.7048E+00  1.1069E+00  2.8117E+00
  6.9200E-01  1.6987E+00  1.1068E+00  2.8055E+00
  6.9300E-01  1.6867E+00  1.1067E+00  2.7934E+00
  6.9400E-01  1.6689E+00  1.1062E+00  2.7751E+00
  6.9500E-01  1.6448E+00  1.1041E+00  2.7489E+00
  6.9600E-01  1.5999E+00  1.1044E+00  2.7044E+00
  6.9700E-01  1.5399E+00  1.1022E+00  2.6421E+00
  6.9800E-01  1.4475E+00  1.1019E+00  2.5494E+00
  6.9900E-01  1.3146E+00  1.1009E+00  2.4154E+00
  7.0000E-01  1.1316E+00  1.1011E+00  2.2328E+00
  7.0100E-01  8.9750E-01  1.1034E+00  2.0009E+00
  7.0200E-01  6.8653E-01  1.1095E+00  1.7961E+00
  7.0300E-01  7.3340E-01  1.1225E+00  1.8559E+00
  7.0400E-01  1.3553E+00  1.1783E+00  2.5336E+00
  7.0500E-01  1.2792E+00  1.2408E+00  2.5200E+00
  7.0600E-01  1.2519E+00  1.2566E+00  2.5085E+00
  7.0700E-01  1.2455E+00  1.2577E+00  2.5032E+00
  7.0800E-01  1.2484E+00  1.2579E+00  2.5064E+00
  7.0900E-01  1.2609E+00  1.2567E+00  2.5176E+00
  7.1000E-01  1.2749E+00  1.2515E+00  2.5264E+00
  7.1100E-01  1.2885E+00  1.2453E+00  2.5338E+00
  7.1200E-01  1.3021E+00  1.2383E+00  2.5404E+00
  7.1300E-01  1.3152E+00  1.2293E+00  2.5445E+00
  7.1400E-01  1.3224E+00  1.2230E+00  2.5455E+00
  7.1500E-01  1.3317E+00  1.2187E+00  2.5504E+00
  7.1600E-01  1.3541E+00  1.2127E+00  2.5668E+00
  7.1700E-01  1.3599E+00  1.2161E+00  2.5760E+00
  7.1800E-01  1.2666E+00  1.2390E+00  2.5056E+00
  7.1900E-01  1.2460E+00  1.2485E+00  2.4944E+00
  7.2000E-01  1.2679E+00  1.2497E+00  2.5176E+00
  7.2100E-01  1.2770E+00  1.2467E+00  2.5237E+00
  7.2200E-01  1.2836E+00  1.2462E+00  2.5298E+00
  7.2300E-01  1.3051E+00  1.2363E+00  2.5415E+00
  7.2400E-01  1.3215E+00  1.2247E+00  2.5462E+00
  7.2500E-01  1.3292E+00  1.2165E+00  2.5457E+00
  7.2600E-01  1.3339E+00  1.2123E+00  2.5462E+00
  7.2700E-01  1.3378E+00  1.2110E+00  2.5488E+00
  7.2800E-01  1.3414E+00  1.2105E+00  2.5519E+00
  7.2900E-01  1.3453E+00  1.2098E+00  2.5551E+00
  7.3000E-01  1.3494E+00  1.2094E+00  2.5588E+00
  7.3100E-01  1.3528E+00  1.2101E+00  2.5629E+00
  7.3200E-01  1.3536E+00  1.2116E+00  2.5652E+00
  7.3300E-01  1.3518E+00  1.2138E+00  2.5656E+00
  7.3400E-01  1.3495E+00  1.2156E+00  2.5651E+00
  7.3500E-01  1.3477E+00  1.2170E+00  2.5647E+00
  7.3600E-01  1.3448E+00  1.2186E+00  2.5633E+00
  7.3700E-01  1.3422E+00  1.2198E+00  2.5620E+00
  7.3800E-01  1.3404E+00  1.2207E+00  2.5611E+00
  7.3900E-01  1.3379E+00  1.2217E+00  2.5597E+00
  7.4000E-01  1.3368E+00  1.2221E+00  2.5589E+00
  7.4100E-01  1.3361E+00  1.2224E+00  2.5585E+00
  7.4200E-01  1.3348E+00  1.2229E+00  2.5578E+00
  7.4300E-01  1.3336E+00  1.2234E+00  2.5571E+00
  7.4400E-01  1.3328E+00  1.2237E+00  2.5565E+00
  7.4500E-01  1.3320E+00  1.2240E+00  2.5560E+00
  7.4600E-01  1.3309E+00  1.2244E+00  2.5553E+00
  7.4700E-01  1.3306E+00  1.2245E+00  2.5550E+00
  7.4800E-01  1.3298E+00  1.2247E+00  2.5545E+00
  7.4900E-01  1.3293E+00  1.2248E+00  2.5541E+00
  7.5000E-01  1.3293E+00  1.2247E+00  2.5540E+00
  7.5100E-01  1.3296E+00  1.2245E+00  2.5541E+00
  7.5200E-01  1.3300E+00  1.2243E+00  2.5543E+00
  7.5300E-01  1.3304E+00  1.2241E+00  2.5544E+00
  7.5400E-01  1.3307E+00  1.2238E+00  2.5545E+00
  7.5500E-01  1.3311E+00  1.2236E+00  2.5547E+00
  7.5600E-01  1.3314E+00  1.2234E+00  2.5548E+00
  7.5700E-01  1.3318E+00  1.2231E+00  2.5549E+00
  7.5800E-01  1.3321E+00  1.2229E+00  2.5550E+00
  7.5900E-01  1.3325E+00  1.2227E+00  2.5551E+00
  7.6000E-01  1.3328E+00  1.2224E+00  2.5552E+00
  7.6100E-01  1.3332E+00  1.2222E+00  2.5553E+00
  7.6200E-01  1.3335E+00  1.2219E+00  2.5555E+00
  7.6300E-01  1.3339E+00  1.2217E+00  2.5556E+00
  7.6400E-01  1.3343E+00  1.2215E+00  2.5558E+00
  7.6500E-01  1.3347E+00  1.2213E+00  2.5559E+00
  7.6600E-01  1.3350E+00  1.2210E+00  2.5561E+00
  7.6700E-01  1.3354E+00  1.2208E+00  2.5562E+00
  7.6800E-01  1.3358E+00  1.2205E+00  2.5564E+00
  7.6900E-01  1.3362E+00  1.2203E+00  2.5565E+00
  7.7000E-01  1.3366E+00  1.2200E+00  2.5566E+00
  7.7100E-01  1.3370E+00  1.2198E+00  2.5568E+00
  7.7200E-01  1.3374E+00  1.2195E+00  2.5569E+00
  7.7300E-01  1.3378E+00  1.2193E+00  2.5570E+00
  7.7400E-01  1.3382E+00  1.2190E+00  2.5572E+00
  7.7500E-01  1.3386E+00  1.2188E+00  2.5573E+00
  7.7600E-01  1.3390E+00  1.2185E+00  2.5575E+00
  7.7700E-01  1.3394E+00  1.2183E+00  2.5576E+00
  7.7800E-01  1.3398E+00  1.2180E+00  2.5578E+00
  7.7900E-01  1.3402E+00  1.2178E+00  2.5580E+00
  7.8000E-01  1.3406E+00  1.2175E+00  2.5581E+00
  7.8100E-01  1.3410E+00  1.2173E+00  2.5583E+00
  7.8200E-01  1.3414E+00  1.2170E+00  2.5584E+00
  7.8300E-01  1.3418E+00  1.2167E+00  2.5586E+00
  7.8400E-01  1.3423E+00  1.2165E+00  2.5587E+00
  7.8500E-01  1.3427E+00  1.2162E+00  2.5589E+00
  7.8600E-01  1.3431E+00  1.2159E+00  2.5590E+00
  7.8700E-01  1.3435E+00  1.2157E+00  2.5592E+00
  7.8800E-01  1.3440E+00  1.2154E+00  2.5594E+00
  7.8900E-01  1.3444E+00  1.2152E+00  2.5596E+00
  7.9000E-01  1.3448E+00  1.2149E+00  2.5598E+00
  7.9100E-01  1.3453E+00  1.2147E+00  2.5600E+00
  7.9200E-01  1.3458E+00  1.2144E+00  2.5602E+00
  7.9300E-01  1.3462E+00  1.2141E+00  2.5604E+00
  7.9400E-01  1.3467E+00  1.2139E+00  2.5606E+00
  7.9500E-01  1.3472E+00  1.2136E+00  2.5608E+00
  7.9600E-01  1.3476E+00  1.2133E+00  2.5610E+00
  7.9700E-01  1.3481E+00  1.2130E+00  2.5612E+00
  7.9800E-01  1.3486E+00  1.2128E+00  2.5614E+00
  7.9900E-01  1.3490E+00  1.2125E+00  2.5616E+00
