# GGADT v1.2.1
# =-=-=
# Total cross sections as a function of energy
# -----------------------------------
# Parameter values
# -----------------------------------
# a_eff:                               5.05000E-01 micron
# ephot_min:                           6.00000E-01kiloelectron-vo
# ephot_max:                           8.00000E-01kiloelectron-vo
# nephots:                                     200
# Material file:                                   fayalite
# geometry:                                        ellipsoid
# angle_mode:                                      file
# angle_file:                                      angles
# ngrain:                                      128
# norientations:                                 1
# grain-axis-z:                        8.01638E-01 micron
# grain-axis-y:                        4.00819E-01 micron
# grain-axis-z:                        4.00819E-01 micron
# grid-width:                          1.60328E+00 micron
# axes-convention:                                 ddscat
# parameter_file_name:                             params_prolate_set.ini
# -----------------------------------
 # [ephot (kiloelectron-volt)] [Q_sca] [Q_abs] [Q_ext]
  6.0000E-01  1.9153E+00  1.0055E+00  2.9208E+00
  6.0100E-01  1.9175E+00  1.0042E+00  2.9217E+00
  6.0200E-01  1.9198E+00  1.0028E+00  2.9226E+00
  6.0300E-01  1.9221E+00  1.0015E+00  2.9235E+00
  6.0400E-01  1.9243E+00  1.0001E+00  2.9245E+00
  6.0500E-01  1.9266E+00  9.9876E-01  2.9254E+00
  6.0600E-01  1.9289E+00  9.9737E-01  2.9263E+00
  6.0700E-01  1.9312E+00  9.9596E-01  2.9272E+00
  6.0800E-01  1.9335E+00  9.9454E-01  2.9281E+00
  6.0900E-01  1.9355E+00  9.9318E-01  2.9287E+00
  6.1000E-01  1.9373E+00  9.9185E-01  2.9292E+00
  6.1100E-01  1.9391E+00  9.9051E-01  2.9296E+00
  6.1200E-01  1.9409E+00  9.8917E-01  2.9300E+00
  6.1300E-01  1.9426E+00  9.8781E-01  2.9304E+00
  6.1400E-01  1.9444E+00  9.8643E-01  2.9308E+00
  6.1500E-01  1.9461E+00  9.8504E-01  2.9312E+00
  6.1600E-01  1.9479E+00  9.8363E-01  2.9315E+00
  6.1700E-01  1.9497E+00  9.8221E-01  2.9319E+00
  6.1800E-01  1.9513E+00  9.8079E-01  2.9321E+00
  6.1900E-01  1.9528E+00  9.7941E-01  2.9322E+00
  6.2000E-01  1.9540E+00  9.7807E-01  2.9321E+00
  6.2100E-01  1.9552E+00  9.7672E-01  2.9319E+00
  6.2200E-01  1.9563E+00  9.7536E-01  2.9317E+00
  6.2300E-01  1.9575E+00  9.7399E-01  2.9315E+00
  6.2400E-01  1.9586E+00  9.7259E-01  2.9312E+00
  6.2500E-01  1.9597E+00  9.7119E-01  2.9309E+00
  6.2600E-01  1.9608E+00  9.6977E-01  2.9306E+00
  6.2700E-01  1.9619E+00  9.6833E-01  2.9302E+00
  6.2800E-01  1.9629E+00  9.6689E-01  2.9298E+00
  6.2900E-01  1.9637E+00  9.6547E-01  2.9292E+00
  6.3000E-01  1.9642E+00  9.6409E-01  2.9283E+00
  6.3100E-01  1.9647E+00  9.6270E-01  2.9274E+00
  6.3200E-01  1.9651E+00  9.6130E-01  2.9264E+00
  6.3300E-01  1.9655E+00  9.5988E-01  2.9253E+00
  6.3400E-01  1.9658E+00  9.5845E-01  2.9243E+00
  6.3500E-01  1.9661E+00  9.5700E-01  2.9231E+00
  6.3600E-01  1.9664E+00  9.5553E-01  2.9219E+00
  6.3700E-01  1.9667E+00  9.5406E-01  2.9207E+00
  6.3800E-01  1.9669E+00  9.5256E-01  2.9194E+00
  6.3900E-01  1.9668E+00  9.5109E-01  2.9178E+00
  6.4000E-01  1.9663E+00  9.4964E-01  2.9160E+00
  6.4100E-01  1.9657E+00  9.4820E-01  2.9139E+00
  6.4200E-01  1.9650E+00  9.4674E-01  2.9118E+00
  6.4300E-01  1.9643E+00  9.4526E-01  2.9095E+00
  6.4400E-01  1.9635E+00  9.4378E-01  2.9073E+00
  6.4500E-01  1.9626E+00  9.4227E-01  2.9049E+00
  6.4600E-01  1.9617E+00  9.4075E-01  2.9025E+00
  6.4700E-01  1.9608E+00  9.3922E-01  2.9000E+00
  6.4800E-01  1.9597E+00  9.3767E-01  2.8974E+00
  6.4900E-01  1.9583E+00  9.3614E-01  2.8944E+00
  6.5000E-01  1.9564E+00  9.3464E-01  2.8910E+00
  6.5100E-01  1.9540E+00  9.3316E-01  2.8872E+00
  6.5200E-01  1.9515E+00  9.3167E-01  2.8832E+00
  6.5300E-01  1.9489E+00  9.3016E-01  2.8791E+00
  6.5400E-01  1.9463E+00  9.2864E-01  2.8749E+00
  6.5500E-01  1.9435E+00  9.2710E-01  2.8706E+00
  6.5600E-01  1.9406E+00  9.2555E-01  2.8662E+00
  6.5700E-01  1.9376E+00  9.2398E-01  2.8616E+00
  6.5800E-01  1.9345E+00  9.2240E-01  2.8569E+00
  6.5900E-01  1.9311E+00  9.2083E-01  2.8519E+00
  6.6000E-01  1.9268E+00  9.1931E-01  2.8461E+00
  6.6100E-01  1.9215E+00  9.1782E-01  2.8394E+00
  6.6200E-01  1.9159E+00  9.1633E-01  2.8322E+00
  6.6300E-01  1.9100E+00  9.1483E-01  2.8249E+00
  6.6400E-01  1.9040E+00  9.1332E-01  2.8173E+00
  6.6500E-01  1.8978E+00  9.1179E-01  2.8096E+00
  6.6600E-01  1.8914E+00  9.1024E-01  2.8017E+00
  6.6700E-01  1.8849E+00  9.0868E-01  2.7936E+00
  6.6800E-01  1.8782E+00  9.0710E-01  2.7853E+00
  6.6900E-01  1.8713E+00  9.0551E-01  2.7768E+00
  6.7000E-01  1.8629E+00  9.0402E-01  2.7670E+00
  6.7100E-01  1.8533E+00  9.0260E-01  2.7559E+00
  6.7200E-01  1.8413E+00  9.0121E-01  2.7425E+00
  6.7300E-01  1.8289E+00  8.9981E-01  2.7287E+00
  6.7400E-01  1.8161E+00  8.9839E-01  2.7145E+00
  6.7500E-01  1.8031E+00  8.9696E-01  2.7001E+00
  6.7600E-01  1.7897E+00  8.9552E-01  2.6853E+00
  6.7700E-01  1.7760E+00  8.9407E-01  2.6701E+00
  6.7800E-01  1.7620E+00  8.9261E-01  2.6546E+00
  6.7900E-01  1.7477E+00  8.9113E-01  2.6388E+00
  6.8000E-01  1.7330E+00  8.8963E-01  2.6227E+00
  6.8100E-01  1.7144E+00  8.8825E-01  2.6027E+00
  6.8200E-01  1.6923E+00  8.8690E-01  2.5792E+00
  6.8300E-01  1.6640E+00  8.8558E-01  2.5496E+00
  6.8400E-01  1.6350E+00  8.8425E-01  2.5193E+00
  6.8500E-01  1.6054E+00  8.8290E-01  2.4883E+00
  6.8600E-01  1.5751E+00  8.8154E-01  2.4567E+00
  6.8700E-01  1.5442E+00  8.8017E-01  2.4244E+00
  6.8800E-01  1.5127E+00  8.7879E-01  2.3915E+00
  6.8900E-01  1.4806E+00  8.7740E-01  2.3580E+00
  6.9000E-01  1.4480E+00  8.7600E-01  2.3240E+00
  6.9100E-01  1.4038E+00  8.7340E-01  2.2772E+00
  6.9200E-01  1.3532E+00  8.7324E-01  2.2265E+00
  6.9300E-01  1.2931E+00  8.7300E-01  2.1661E+00
  6.9400E-01  1.2287E+00  8.7222E-01  2.1009E+00
  6.9500E-01  1.1560E+00  8.6889E-01  2.0249E+00
  6.9600E-01  1.0717E+00  8.6942E-01  1.9412E+00
  6.9700E-01  9.7439E-01  8.6575E-01  1.8401E+00
  6.9800E-01  8.6359E-01  8.6535E-01  1.7289E+00
  6.9900E-01  7.3373E-01  8.6368E-01  1.5974E+00
  7.0000E-01  5.9001E-01  8.6410E-01  1.4541E+00
  7.0100E-01  4.3807E-01  8.6769E-01  1.3058E+00
  7.0200E-01  3.2076E-01  8.7775E-01  1.1985E+00
  7.0300E-01  3.5259E-01  8.9966E-01  1.2522E+00
  7.0400E-01  9.6231E-01  1.0091E+00  1.9714E+00
  7.0500E-01  1.2638E+00  1.1870E+00  2.4509E+00
  7.0600E-01  1.2292E+00  1.2471E+00  2.4763E+00
  7.0700E-01  1.2042E+00  1.2513E+00  2.4555E+00
  7.0800E-01  1.2154E+00  1.2523E+00  2.4678E+00
  7.0900E-01  1.2647E+00  1.2477E+00  2.5123E+00
  7.1000E-01  1.3256E+00  1.2273E+00  2.5529E+00
  7.1100E-01  1.3998E+00  1.2038E+00  2.6035E+00
  7.1200E-01  1.4865E+00  1.1782E+00  2.6647E+00
  7.1300E-01  1.5855E+00  1.1471E+00  2.7327E+00
  7.1400E-01  1.6257E+00  1.1270E+00  2.7526E+00
  7.1500E-01  1.6245E+00  1.1138E+00  2.7382E+00
  7.1600E-01  1.5865E+00  1.0962E+00  2.6827E+00
  7.1700E-01  1.3407E+00  1.1061E+00  2.4468E+00
  7.1800E-01  1.1732E+00  1.1806E+00  2.3538E+00
  7.1900E-01  1.1748E+00  1.2158E+00  2.3906E+00
  7.2000E-01  1.2934E+00  1.2204E+00  2.5138E+00
  7.2100E-01  1.3345E+00  1.2092E+00  2.5437E+00
  7.2200E-01  1.3809E+00  1.2071E+00  2.5880E+00
  7.2300E-01  1.5103E+00  1.1711E+00  2.6814E+00
  7.2400E-01  1.6322E+00  1.1321E+00  2.7643E+00
  7.2500E-01  1.6992E+00  1.1071E+00  2.8063E+00
  7.2600E-01  1.7171E+00  1.0950E+00  2.8121E+00
  7.2700E-01  1.7069E+00  1.0914E+00  2.7983E+00
  7.2800E-01  1.6926E+00  1.0899E+00  2.7825E+00
  7.2900E-01  1.6814E+00  1.0880E+00  2.7694E+00
  7.3000E-01  1.6658E+00  1.0868E+00  2.7526E+00
  7.3100E-01  1.6385E+00  1.0887E+00  2.7272E+00
  7.3200E-01  1.6098E+00  1.0930E+00  2.7028E+00
  7.3300E-01  1.5804E+00  1.0993E+00  2.6797E+00
  7.3400E-01  1.5583E+00  1.1047E+00  2.6629E+00
  7.3500E-01  1.5407E+00  1.1087E+00  2.6493E+00
  7.3600E-01  1.5250E+00  1.1134E+00  2.6383E+00
  7.3700E-01  1.5137E+00  1.1172E+00  2.6309E+00
  7.3800E-01  1.5056E+00  1.1197E+00  2.6254E+00
  7.3900E-01  1.4986E+00  1.1230E+00  2.6216E+00
  7.4000E-01  1.4976E+00  1.1242E+00  2.6219E+00
  7.4100E-01  1.4951E+00  1.1252E+00  2.6203E+00
  7.4200E-01  1.4925E+00  1.1267E+00  2.6192E+00
  7.4300E-01  1.4896E+00  1.1283E+00  2.6179E+00
  7.4400E-01  1.4888E+00  1.1293E+00  2.6180E+00
  7.4500E-01  1.4883E+00  1.1301E+00  2.6184E+00
  7.4600E-01  1.4880E+00  1.1314E+00  2.6193E+00
  7.4700E-01  1.4904E+00  1.1315E+00  2.6219E+00
  7.4800E-01  1.4914E+00  1.1324E+00  2.6237E+00
  7.4900E-01  1.4935E+00  1.1327E+00  2.6262E+00
  7.5000E-01  1.4979E+00  1.1323E+00  2.6302E+00
  7.5100E-01  1.5019E+00  1.1316E+00  2.6335E+00
  7.5200E-01  1.5051E+00  1.1309E+00  2.6360E+00
  7.5300E-01  1.5083E+00  1.1302E+00  2.6385E+00
  7.5400E-01  1.5116E+00  1.1295E+00  2.6411E+00
  7.5500E-01  1.5148E+00  1.1288E+00  2.6437E+00
  7.5600E-01  1.5181E+00  1.1281E+00  2.6462E+00
  7.5700E-01  1.5215E+00  1.1274E+00  2.6488E+00
  7.5800E-01  1.5248E+00  1.1266E+00  2.6514E+00
  7.5900E-01  1.5282E+00  1.1259E+00  2.6541E+00
  7.6000E-01  1.5316E+00  1.1252E+00  2.6567E+00
  7.6100E-01  1.5350E+00  1.1244E+00  2.6594E+00
  7.6200E-01  1.5378E+00  1.1237E+00  2.6614E+00
  7.6300E-01  1.5405E+00  1.1229E+00  2.6634E+00
  7.6400E-01  1.5429E+00  1.1222E+00  2.6652E+00
  7.6500E-01  1.5455E+00  1.1215E+00  2.6670E+00
  7.6600E-01  1.5480E+00  1.1208E+00  2.6688E+00
  7.6700E-01  1.5505E+00  1.1201E+00  2.6706E+00
  7.6800E-01  1.5531E+00  1.1193E+00  2.6724E+00
  7.6900E-01  1.5557E+00  1.1186E+00  2.6743E+00
  7.7000E-01  1.5583E+00  1.1178E+00  2.6761E+00
  7.7100E-01  1.5609E+00  1.1171E+00  2.6780E+00
  7.7200E-01  1.5636E+00  1.1163E+00  2.6799E+00
  7.7300E-01  1.5663E+00  1.1155E+00  2.6818E+00
  7.7400E-01  1.5688E+00  1.1147E+00  2.6835E+00
  7.7500E-01  1.5711E+00  1.1140E+00  2.6851E+00
  7.7600E-01  1.5733E+00  1.1133E+00  2.6866E+00
  7.7700E-01  1.5755E+00  1.1125E+00  2.6881E+00
  7.7800E-01  1.5778E+00  1.1118E+00  2.6895E+00
  7.7900E-01  1.5800E+00  1.1110E+00  2.6910E+00
  7.8000E-01  1.5822E+00  1.1103E+00  2.6925E+00
  7.8100E-01  1.5845E+00  1.1095E+00  2.6940E+00
  7.8200E-01  1.5868E+00  1.1087E+00  2.6955E+00
  7.8300E-01  1.5891E+00  1.1079E+00  2.6970E+00
  7.8400E-01  1.5914E+00  1.1071E+00  2.6986E+00
  7.8500E-01  1.5938E+00  1.1063E+00  2.7001E+00
  7.8600E-01  1.5961E+00  1.1055E+00  2.7016E+00
  7.8700E-01  1.5981E+00  1.1048E+00  2.7029E+00
  7.8800E-01  1.6001E+00  1.1040E+00  2.7041E+00
  7.8900E-01  1.6019E+00  1.1033E+00  2.7052E+00
  7.9000E-01  1.6036E+00  1.1026E+00  2.7062E+00
  7.9100E-01  1.6054E+00  1.1018E+00  2.7073E+00
  7.9200E-01  1.6073E+00  1.1010E+00  2.7083E+00
  7.9300E-01  1.6091E+00  1.1003E+00  2.7094E+00
  7.9400E-01  1.6109E+00  1.0995E+00  2.7104E+00
  7.9500E-01  1.6128E+00  1.0987E+00  2.7115E+00
  7.9600E-01  1.6147E+00  1.0979E+00  2.7126E+00
  7.9700E-01  1.6166E+00  1.0971E+00  2.7137E+00
  7.9800E-01  1.6185E+00  1.0963E+00  2.7148E+00
  7.9900E-01  1.6198E+00  1.0957E+00  2.7154E+00
