# GGADT v1.2.1
# =-=-=
# Total cross sections as a function of energy
# -----------------------------------
# Parameter values
# -----------------------------------
# a_eff:                               1.00000E+00 micron
# ephot_min:                           6.00000E-01kiloelectron-vo
# ephot_max:                           8.00000E-01kiloelectron-vo
# nephots:                                     200
# Material file:                                   lepidocrocite
# geometry:                                        ellipsoid
# angle_mode:                                      random
# ngrain:                                      128
# norientations:                                 1
# grain-axis-z:                        7.99064E-01 micron
# grain-axis-y:                        1.11869E+00 micron
# grain-axis-z:                        1.11869E+00 micron
# grid-width:                          2.23738E+00 micron
# axes-convention:                                 ddscat
# parameter_file_name:                             params_oblate_rand.ini
# -----------------------------------
 # [ephot (kiloelectron-volt)] [Q_sca] [Q_abs] [Q_ext]
  6.0000E-01  9.5640E-01  8.6363E-01  1.8200E+00
  6.0100E-01  9.5661E-01  8.6337E-01  1.8200E+00
  6.0200E-01  9.5681E-01  8.6310E-01  1.8199E+00
  6.0300E-01  9.5702E-01  8.6283E-01  1.8198E+00
  6.0400E-01  9.5722E-01  8.6255E-01  1.8198E+00
  6.0500E-01  9.5743E-01  8.6227E-01  1.8197E+00
  6.0600E-01  9.5764E-01  8.6198E-01  1.8196E+00
  6.0700E-01  9.5785E-01  8.6169E-01  1.8195E+00
  6.0800E-01  9.5805E-01  8.6140E-01  1.8195E+00
  6.0900E-01  9.5822E-01  8.6113E-01  1.8193E+00
  6.1000E-01  9.5838E-01  8.6085E-01  1.8192E+00
  6.1100E-01  9.5855E-01  8.6058E-01  1.8191E+00
  6.1200E-01  9.5871E-01  8.6029E-01  1.8190E+00
  6.1300E-01  9.5888E-01  8.6000E-01  1.8189E+00
  6.1400E-01  9.5905E-01  8.5971E-01  1.8188E+00
  6.1500E-01  9.5922E-01  8.5941E-01  1.8186E+00
  6.1600E-01  9.5938E-01  8.5911E-01  1.8185E+00
  6.1700E-01  9.5955E-01  8.5881E-01  1.8184E+00
  6.1800E-01  9.5971E-01  8.5850E-01  1.8182E+00
  6.1900E-01  9.5984E-01  8.5822E-01  1.8181E+00
  6.2000E-01  9.5997E-01  8.5793E-01  1.8179E+00
  6.2100E-01  9.6011E-01  8.5763E-01  1.8177E+00
  6.2200E-01  9.6024E-01  8.5733E-01  1.8176E+00
  6.2300E-01  9.6037E-01  8.5703E-01  1.8174E+00
  6.2400E-01  9.6051E-01  8.5672E-01  1.8172E+00
  6.2500E-01  9.6065E-01  8.5641E-01  1.8171E+00
  6.2600E-01  9.6079E-01  8.5609E-01  1.8169E+00
  6.2700E-01  9.6093E-01  8.5576E-01  1.8167E+00
  6.2800E-01  9.6107E-01  8.5544E-01  1.8165E+00
  6.2900E-01  9.6119E-01  8.5513E-01  1.8163E+00
  6.3000E-01  9.6131E-01  8.5482E-01  1.8161E+00
  6.3100E-01  9.6143E-01  8.5450E-01  1.8159E+00
  6.3200E-01  9.6156E-01  8.5417E-01  1.8157E+00
  6.3300E-01  9.6169E-01  8.5385E-01  1.8155E+00
  6.3400E-01  9.6183E-01  8.5351E-01  1.8153E+00
  6.3500E-01  9.6197E-01  8.5317E-01  1.8151E+00
  6.3600E-01  9.6212E-01  8.5283E-01  1.8150E+00
  6.3700E-01  9.6228E-01  8.5248E-01  1.8148E+00
  6.3800E-01  9.6244E-01  8.5213E-01  1.8146E+00
  6.3900E-01  9.6258E-01  8.5179E-01  1.8144E+00
  6.4000E-01  9.6274E-01  8.5145E-01  1.8142E+00
  6.4100E-01  9.6291E-01  8.5110E-01  1.8140E+00
  6.4200E-01  9.6309E-01  8.5074E-01  1.8138E+00
  6.4300E-01  9.6328E-01  8.5039E-01  1.8137E+00
  6.4400E-01  9.6348E-01  8.5002E-01  1.8135E+00
  6.4500E-01  9.6370E-01  8.4965E-01  1.8134E+00
  6.4600E-01  9.6394E-01  8.4928E-01  1.8132E+00
  6.4700E-01  9.6419E-01  8.4889E-01  1.8131E+00
  6.4800E-01  9.6445E-01  8.4851E-01  1.8130E+00
  6.4900E-01  9.6473E-01  8.4814E-01  1.8129E+00
  6.5000E-01  9.6504E-01  8.4777E-01  1.8128E+00
  6.5100E-01  9.6537E-01  8.4739E-01  1.8128E+00
  6.5200E-01  9.6574E-01  8.4701E-01  1.8127E+00
  6.5300E-01  9.6613E-01  8.4663E-01  1.8128E+00
  6.5400E-01  9.6655E-01  8.4623E-01  1.8128E+00
  6.5500E-01  9.6701E-01  8.4584E-01  1.8128E+00
  6.5600E-01  9.6750E-01  8.4543E-01  1.8129E+00
  6.5700E-01  9.6803E-01  8.4502E-01  1.8131E+00
  6.5800E-01  9.6860E-01  8.4461E-01  1.8132E+00
  6.5900E-01  9.6923E-01  8.4420E-01  1.8134E+00
  6.6000E-01  9.6997E-01  8.4381E-01  1.8138E+00
  6.6100E-01  9.7077E-01  8.4342E-01  1.8142E+00
  6.6200E-01  9.7163E-01  8.4302E-01  1.8147E+00
  6.6300E-01  9.7257E-01  8.4262E-01  1.8152E+00
  6.6400E-01  9.7358E-01  8.4221E-01  1.8158E+00
  6.6500E-01  9.7466E-01  8.4179E-01  1.8165E+00
  6.6600E-01  9.7581E-01  8.4137E-01  1.8172E+00
  6.6700E-01  9.7705E-01  8.4095E-01  1.8180E+00
  6.6800E-01  9.7836E-01  8.4051E-01  1.8189E+00
  6.6900E-01  9.7976E-01  8.4007E-01  1.8198E+00
  6.7000E-01  9.8150E-01  8.3967E-01  1.8212E+00
  6.7100E-01  9.8350E-01  8.3929E-01  1.8228E+00
  6.7200E-01  9.8565E-01  8.3890E-01  1.8246E+00
  6.7300E-01  9.8795E-01  8.3851E-01  1.8265E+00
  6.7400E-01  9.9039E-01  8.3812E-01  1.8285E+00
  6.7500E-01  9.9298E-01  8.3772E-01  1.8307E+00
  6.7600E-01  9.9571E-01  8.3731E-01  1.8330E+00
  6.7700E-01  9.9860E-01  8.3690E-01  1.8355E+00
  6.7800E-01  1.0016E+00  8.3648E-01  1.8381E+00
  6.7900E-01  1.0048E+00  8.3606E-01  1.8409E+00
  6.8000E-01  1.0081E+00  8.3563E-01  1.8437E+00
  6.8100E-01  1.0131E+00  8.3524E-01  1.8484E+00
  6.8200E-01  1.0187E+00  8.3486E-01  1.8536E+00
  6.8300E-01  1.0246E+00  8.3448E-01  1.8590E+00
  6.8400E-01  1.0306E+00  8.3409E-01  1.8647E+00
  6.8500E-01  1.0368E+00  8.3370E-01  1.8705E+00
  6.8600E-01  1.0431E+00  8.3330E-01  1.8764E+00
  6.8700E-01  1.0494E+00  8.3290E-01  1.8823E+00
  6.8800E-01  1.0557E+00  8.3249E-01  1.8882E+00
  6.8900E-01  1.0620E+00  8.3208E-01  1.8941E+00
  6.9000E-01  1.0681E+00  8.3166E-01  1.8998E+00
  6.9100E-01  1.0675E+00  8.3335E-01  1.9008E+00
  6.9200E-01  1.0823E+00  8.3004E-01  1.9123E+00
  6.9300E-01  1.0892E+00  8.3038E-01  1.9196E+00
  6.9400E-01  1.0879E+00  8.3213E-01  1.9200E+00
  6.9500E-01  1.0922E+00  8.3170E-01  1.9239E+00
  6.9600E-01  1.0876E+00  8.3296E-01  1.9206E+00
  6.9700E-01  1.0756E+00  8.3448E-01  1.9100E+00
  6.9800E-01  1.0642E+00  8.3363E-01  1.8978E+00
  6.9900E-01  1.0475E+00  8.3075E-01  1.8782E+00
  7.0000E-01  9.8390E-01  8.3426E-01  1.8182E+00
  7.0100E-01  9.0312E-01  8.3508E-01  1.7382E+00
  7.0200E-01  7.8691E-01  8.3870E-01  1.6256E+00
  7.0300E-01  6.5694E-01  8.4247E-01  1.4994E+00
  7.0400E-01  6.2634E-01  8.4815E-01  1.4745E+00
  7.0500E-01  8.8154E-01  8.6361E-01  1.7451E+00
  7.0600E-01  9.0552E-01  8.9326E-01  1.7988E+00
  7.0700E-01  8.8648E-01  8.9745E-01  1.7839E+00
  7.0800E-01  8.9422E-01  8.9837E-01  1.7926E+00
  7.0900E-01  8.9944E-01  8.9801E-01  1.7974E+00
  7.1000E-01  9.0591E-01  8.9575E-01  1.8017E+00
  7.1100E-01  9.1136E-01  8.9322E-01  1.8046E+00
  7.1200E-01  9.1539E-01  8.9142E-01  1.8068E+00
  7.1300E-01  9.2303E-01  8.8792E-01  1.8110E+00
  7.1400E-01  9.2759E-01  8.8519E-01  1.8128E+00
  7.1500E-01  9.2930E-01  8.8396E-01  1.8133E+00
  7.1600E-01  9.3465E-01  8.8040E-01  1.8151E+00
  7.1700E-01  9.4101E-01  8.7704E-01  1.8180E+00
  7.1800E-01  9.3344E-01  8.8055E-01  1.8140E+00
  7.1900E-01  8.8492E-01  8.8898E-01  1.7739E+00
  7.2000E-01  8.9728E-01  8.9446E-01  1.7917E+00
  7.2100E-01  8.9664E-01  8.9413E-01  1.7908E+00
  7.2200E-01  9.0609E-01  8.9431E-01  1.8004E+00
  7.2300E-01  9.1553E-01  8.9140E-01  1.8069E+00
  7.2400E-01  9.2882E-01  8.8518E-01  1.8140E+00
  7.2500E-01  9.3659E-01  8.8068E-01  1.8173E+00
  7.2600E-01  9.3788E-01  8.7909E-01  1.8170E+00
  7.2700E-01  9.3758E-01  8.7875E-01  1.8163E+00
  7.2800E-01  9.3668E-01  8.7915E-01  1.8158E+00
  7.2900E-01  9.3778E-01  8.7830E-01  1.8161E+00
  7.3000E-01  9.3895E-01  8.7747E-01  1.8164E+00
  7.3100E-01  9.3956E-01  8.7723E-01  1.8168E+00
  7.3200E-01  9.3813E-01  8.7837E-01  1.8165E+00
  7.3300E-01  9.3633E-01  8.7953E-01  1.8159E+00
  7.3400E-01  9.3399E-01  8.8080E-01  1.8148E+00
  7.3500E-01  9.3247E-01  8.8152E-01  1.8140E+00
  7.3600E-01  9.3146E-01  8.8199E-01  1.8134E+00
  7.3700E-01  9.3109E-01  8.8216E-01  1.8132E+00
  7.3800E-01  9.3000E-01  8.8263E-01  1.8126E+00
  7.3900E-01  9.2832E-01  8.8331E-01  1.8116E+00
  7.4000E-01  9.2485E-01  8.8465E-01  1.8095E+00
  7.4100E-01  9.2520E-01  8.8456E-01  1.8098E+00
  7.4200E-01  9.2282E-01  8.8546E-01  1.8083E+00
  7.4300E-01  9.2219E-01  8.8583E-01  1.8080E+00
  7.4400E-01  9.2184E-01  8.8605E-01  1.8079E+00
  7.4500E-01  9.2043E-01  8.8663E-01  1.8071E+00
  7.4600E-01  9.2171E-01  8.8628E-01  1.8080E+00
  7.4700E-01  9.2081E-01  8.8670E-01  1.8075E+00
  7.4800E-01  9.2165E-01  8.8642E-01  1.8081E+00
  7.4900E-01  9.2129E-01  8.8660E-01  1.8079E+00
  7.5000E-01  9.2082E-01  8.8677E-01  1.8076E+00
  7.5100E-01  9.2112E-01  8.8669E-01  1.8078E+00
  7.5200E-01  9.2142E-01  8.8661E-01  1.8080E+00
  7.5300E-01  9.2171E-01  8.8653E-01  1.8082E+00
  7.5400E-01  9.2201E-01  8.8645E-01  1.8085E+00
  7.5500E-01  9.2230E-01  8.8637E-01  1.8087E+00
  7.5600E-01  9.2259E-01  8.8628E-01  1.8089E+00
  7.5700E-01  9.2287E-01  8.8620E-01  1.8091E+00
  7.5800E-01  9.2316E-01  8.8611E-01  1.8093E+00
  7.5900E-01  9.2344E-01  8.8602E-01  1.8095E+00
  7.6000E-01  9.2372E-01  8.8594E-01  1.8097E+00
  7.6100E-01  9.2400E-01  8.8585E-01  1.8098E+00
  7.6200E-01  9.2422E-01  8.8576E-01  1.8100E+00
  7.6300E-01  9.2443E-01  8.8568E-01  1.8101E+00
  7.6400E-01  9.2464E-01  8.8560E-01  1.8102E+00
  7.6500E-01  9.2485E-01  8.8551E-01  1.8104E+00
  7.6600E-01  9.2507E-01  8.8542E-01  1.8105E+00
  7.6700E-01  9.2528E-01  8.8534E-01  1.8106E+00
  7.6800E-01  9.2550E-01  8.8525E-01  1.8107E+00
  7.6900E-01  9.2572E-01  8.8516E-01  1.8109E+00
  7.7000E-01  9.2593E-01  8.8506E-01  1.8110E+00
  7.7100E-01  9.2615E-01  8.8497E-01  1.8111E+00
  7.7200E-01  9.2637E-01  8.8488E-01  1.8112E+00
  7.7300E-01  9.2659E-01  8.8478E-01  1.8114E+00
  7.7400E-01  9.2679E-01  8.8469E-01  1.8115E+00
  7.7500E-01  9.2698E-01  8.8460E-01  1.8116E+00
  7.7600E-01  9.2717E-01  8.8451E-01  1.8117E+00
  7.7700E-01  9.2736E-01  8.8442E-01  1.8118E+00
  7.7800E-01  9.2756E-01  8.8433E-01  1.8119E+00
  7.7900E-01  9.2775E-01  8.8424E-01  1.8120E+00
  7.8000E-01  9.2795E-01  8.8415E-01  1.8121E+00
  7.8100E-01  9.2815E-01  8.8405E-01  1.8122E+00
  7.8200E-01  9.2834E-01  8.8395E-01  1.8123E+00
  7.8300E-01  9.2854E-01  8.8386E-01  1.8124E+00
  7.8400E-01  9.2874E-01  8.8376E-01  1.8125E+00
  7.8500E-01  9.2895E-01  8.8366E-01  1.8126E+00
  7.8600E-01  9.2914E-01  8.8356E-01  1.8127E+00
  7.8700E-01  9.2932E-01  8.8347E-01  1.8128E+00
  7.8800E-01  9.2949E-01  8.8337E-01  1.8129E+00
  7.8900E-01  9.2967E-01  8.8328E-01  1.8129E+00
  7.9000E-01  9.2984E-01  8.8319E-01  1.8130E+00
  7.9100E-01  9.3002E-01  8.8309E-01  1.8131E+00
  7.9200E-01  9.3020E-01  8.8299E-01  1.8132E+00
  7.9300E-01  9.3038E-01  8.8290E-01  1.8133E+00
  7.9400E-01  9.3056E-01  8.8280E-01  1.8134E+00
  7.9500E-01  9.3075E-01  8.8270E-01  1.8134E+00
  7.9600E-01  9.3093E-01  8.8259E-01  1.8135E+00
  7.9700E-01  9.3112E-01  8.8249E-01  1.8136E+00
  7.9800E-01  9.3130E-01  8.8239E-01  1.8137E+00
  7.9900E-01  9.3145E-01  8.8231E-01  1.8138E+00
