# GGADT v1.2.1
# =-=-=
# Total cross sections as a function of energy
# -----------------------------------
# Parameter values
# -----------------------------------
# a_eff:                               1.00000E-02 micron
# ephot_min:                           6.00000E-01kiloelectron-vo
# ephot_max:                           8.00000E-01kiloelectron-vo
# nephots:                                     200
# Material file:                                   lepidocrocite
# geometry:                                        ellipsoid
# angle_mode:                                      random
# ngrain:                                      128
# norientations:                                 1
# grain-axis-z:                        7.99064E-03 micron
# grain-axis-y:                        1.11869E-02 micron
# grain-axis-z:                        1.11869E-02 micron
# grid-width:                          2.23738E-02 micron
# axes-convention:                                 ddscat
# parameter_file_name:                             params_oblate_rand.ini
# -----------------------------------
 # [ephot (kiloelectron-volt)] [Q_sca] [Q_abs] [Q_ext]
  6.0000E-01  3.0892E-03  4.1537E-02  4.4626E-02
  6.0100E-01  3.0801E-03  4.1385E-02  4.4465E-02
  6.0200E-01  3.0709E-03  4.1231E-02  4.4302E-02
  6.0300E-01  3.0617E-03  4.1077E-02  4.4139E-02
  6.0400E-01  3.0525E-03  4.0922E-02  4.3975E-02
  6.0500E-01  3.0432E-03  4.0767E-02  4.3810E-02
  6.0600E-01  3.0339E-03  4.0611E-02  4.3644E-02
  6.0700E-01  3.0245E-03  4.0453E-02  4.3478E-02
  6.0800E-01  3.0150E-03  4.0297E-02  4.3312E-02
  6.0900E-01  3.0042E-03  4.0153E-02  4.3157E-02
  6.1000E-01  2.9932E-03  4.0009E-02  4.3002E-02
  6.1100E-01  2.9823E-03  3.9863E-02  4.2846E-02
  6.1200E-01  2.9713E-03  3.9718E-02  4.2689E-02
  6.1300E-01  2.9602E-03  3.9571E-02  4.2531E-02
  6.1400E-01  2.9492E-03  3.9424E-02  4.2373E-02
  6.1500E-01  2.9380E-03  3.9276E-02  4.2214E-02
  6.1600E-01  2.9268E-03  3.9127E-02  4.2054E-02
  6.1700E-01  2.9156E-03  3.8978E-02  4.1894E-02
  6.1800E-01  2.9041E-03  3.8831E-02  4.1735E-02
  6.1900E-01  2.8916E-03  3.8695E-02  4.1586E-02
  6.2000E-01  2.8791E-03  3.8557E-02  4.1436E-02
  6.2100E-01  2.8665E-03  3.8419E-02  4.1285E-02
  6.2200E-01  2.8539E-03  3.8280E-02  4.1134E-02
  6.2300E-01  2.8412E-03  3.8141E-02  4.0982E-02
  6.2400E-01  2.8285E-03  3.8000E-02  4.0829E-02
  6.2500E-01  2.8158E-03  3.7860E-02  4.0675E-02
  6.2600E-01  2.8030E-03  3.7718E-02  4.0521E-02
  6.2700E-01  2.7902E-03  3.7576E-02  4.0366E-02
  6.2800E-01  2.7770E-03  3.7436E-02  4.0213E-02
  6.2900E-01  2.7628E-03  3.7302E-02  4.0065E-02
  6.3000E-01  2.7485E-03  3.7168E-02  3.9916E-02
  6.3100E-01  2.7342E-03  3.7033E-02  3.9767E-02
  6.3200E-01  2.7199E-03  3.6897E-02  3.9617E-02
  6.3300E-01  2.7056E-03  3.6761E-02  3.9467E-02
  6.3400E-01  2.6912E-03  3.6625E-02  3.9316E-02
  6.3500E-01  2.6768E-03  3.6487E-02  3.9164E-02
  6.3600E-01  2.6623E-03  3.6349E-02  3.9012E-02
  6.3700E-01  2.6478E-03  3.6211E-02  3.8858E-02
  6.3800E-01  2.6331E-03  3.6072E-02  3.8705E-02
  6.3900E-01  2.6168E-03  3.5940E-02  3.8557E-02
  6.4000E-01  2.6004E-03  3.5808E-02  3.8408E-02
  6.4100E-01  2.5840E-03  3.5675E-02  3.8259E-02
  6.4200E-01  2.5676E-03  3.5541E-02  3.8109E-02
  6.4300E-01  2.5511E-03  3.5407E-02  3.7958E-02
  6.4400E-01  2.5347E-03  3.5272E-02  3.7807E-02
  6.4500E-01  2.5182E-03  3.5137E-02  3.7655E-02
  6.4600E-01  2.5016E-03  3.5001E-02  3.7503E-02
  6.4700E-01  2.4851E-03  3.4864E-02  3.7350E-02
  6.4800E-01  2.4685E-03  3.4727E-02  3.7196E-02
  6.4900E-01  2.4500E-03  3.4597E-02  3.7047E-02
  6.5000E-01  2.4308E-03  3.4469E-02  3.6900E-02
  6.5100E-01  2.4116E-03  3.4340E-02  3.6751E-02
  6.5200E-01  2.3924E-03  3.4210E-02  3.6603E-02
  6.5300E-01  2.3732E-03  3.4080E-02  3.6454E-02
  6.5400E-01  2.3540E-03  3.3950E-02  3.6304E-02
  6.5500E-01  2.3348E-03  3.3818E-02  3.6153E-02
  6.5600E-01  2.3156E-03  3.3687E-02  3.6002E-02
  6.5700E-01  2.2964E-03  3.3554E-02  3.5851E-02
  6.5800E-01  2.2772E-03  3.3421E-02  3.5698E-02
  6.5900E-01  2.2568E-03  3.3291E-02  3.5548E-02
  6.6000E-01  2.2335E-03  3.3170E-02  3.5404E-02
  6.6100E-01  2.2103E-03  3.3049E-02  3.5259E-02
  6.6200E-01  2.1871E-03  3.2926E-02  3.5114E-02
  6.6300E-01  2.1640E-03  3.2804E-02  3.4968E-02
  6.6400E-01  2.1408E-03  3.2680E-02  3.4821E-02
  6.6500E-01  2.1178E-03  3.2557E-02  3.4674E-02
  6.6600E-01  2.0947E-03  3.2432E-02  3.4527E-02
  6.6700E-01  2.0717E-03  3.2307E-02  3.4379E-02
  6.6800E-01  2.0487E-03  3.2182E-02  3.4231E-02
  6.6900E-01  2.0258E-03  3.2056E-02  3.4082E-02
  6.7000E-01  1.9984E-03  3.1942E-02  3.3941E-02
  6.7100E-01  1.9684E-03  3.1835E-02  3.3804E-02
  6.7200E-01  1.9386E-03  3.1728E-02  3.3666E-02
  6.7300E-01  1.9090E-03  3.1620E-02  3.3529E-02
  6.7400E-01  1.8794E-03  3.1511E-02  3.3391E-02
  6.7500E-01  1.8500E-03  3.1402E-02  3.3252E-02
  6.7600E-01  1.8208E-03  3.1293E-02  3.3114E-02
  6.7700E-01  1.7916E-03  3.1183E-02  3.2975E-02
  6.7800E-01  1.7626E-03  3.1073E-02  3.2835E-02
  6.7900E-01  1.7338E-03  3.0962E-02  3.2696E-02
  6.8000E-01  1.7051E-03  3.0851E-02  3.2556E-02
  6.8100E-01  1.6626E-03  3.0752E-02  3.2414E-02
  6.8200E-01  1.6173E-03  3.0656E-02  3.2273E-02
  6.8300E-01  1.5725E-03  3.0559E-02  3.2131E-02
  6.8400E-01  1.5282E-03  3.0462E-02  3.1990E-02
  6.8500E-01  1.4845E-03  3.0364E-02  3.1849E-02
  6.8600E-01  1.4414E-03  3.0266E-02  3.1708E-02
  6.8700E-01  1.3988E-03  3.0168E-02  3.1567E-02
  6.8800E-01  1.3568E-03  3.0069E-02  3.1426E-02
  6.8900E-01  1.3154E-03  2.9970E-02  3.1285E-02
  6.9000E-01  1.2746E-03  2.9870E-02  3.1145E-02
  6.9100E-01  1.2535E-03  3.0278E-02  3.1531E-02
  6.9200E-01  1.1871E-03  2.9490E-02  3.0677E-02
  6.9300E-01  1.1134E-03  2.9569E-02  3.0683E-02
  6.9400E-01  1.0702E-03  2.9981E-02  3.1052E-02
  6.9500E-01  9.9696E-04  2.9878E-02  3.0875E-02
  6.9600E-01  9.3260E-04  3.0183E-02  3.1116E-02
  6.9700E-01  8.4964E-04  3.0558E-02  3.1408E-02
  6.9800E-01  7.6540E-04  3.0346E-02  3.1112E-02
  6.9900E-01  6.6953E-04  2.9654E-02  3.0324E-02
  7.0000E-01  5.7238E-04  3.0504E-02  3.1077E-02
  7.0100E-01  4.6836E-04  3.0710E-02  3.1178E-02
  7.0200E-01  3.7359E-04  3.1672E-02  3.2046E-02
  7.0300E-01  2.9062E-04  3.2760E-02  3.3050E-02
  7.0400E-01  2.8797E-04  3.4600E-02  3.4888E-02
  7.0500E-01  6.9248E-04  4.1524E-02  4.2216E-02
  7.0600E-01  4.6180E-03  9.7639E-02  1.0226E-01
  7.0700E-01  7.3685E-03  1.7077E-01  1.7814E-01
  7.0800E-01  1.6000E-02  2.4346E-01  2.5946E-01
  7.0900E-01  1.7279E-02  2.0413E-01  2.2141E-01
  7.1000E-01  9.8575E-03  1.2520E-01  1.3505E-01
  7.1100E-01  6.7446E-03  9.7359E-02  1.0410E-01
  7.1200E-01  5.7736E-03  8.6168E-02  9.1942E-02
  7.1300E-01  4.8460E-03  7.2381E-02  7.7227E-02
  7.1400E-01  3.9460E-03  6.5303E-02  6.9249E-02
  7.1500E-01  3.6153E-03  6.2731E-02  6.6346E-02
  7.1600E-01  3.1207E-03  5.6721E-02  5.9842E-02
  7.1700E-01  2.4486E-03  5.2385E-02  5.4833E-02
  7.1800E-01  1.9453E-03  5.6935E-02  5.8881E-02
  7.1900E-01  1.9530E-03  7.5809E-02  7.7762E-02
  7.2000E-01  4.4797E-03  1.0832E-01  1.1280E-01
  7.2100E-01  4.1603E-03  1.0505E-01  1.0921E-01
  7.2200E-01  6.0011E-03  1.0678E-01  1.1278E-01
  7.2300E-01  5.8681E-03  8.6067E-02  9.1936E-02
  7.2400E-01  4.8211E-03  6.5269E-02  7.0090E-02
  7.2500E-01  4.0005E-03  5.7126E-02  6.1127E-02
  7.2600E-01  3.5152E-03  5.4900E-02  5.8415E-02
  7.2700E-01  3.2534E-03  5.4465E-02  5.7718E-02
  7.2800E-01  3.1294E-03  5.4987E-02  5.8116E-02
  7.2900E-01  2.9925E-03  5.3892E-02  5.6884E-02
  7.3000E-01  2.8810E-03  5.2887E-02  5.5767E-02
  7.3100E-01  2.7002E-03  5.2611E-02  5.5311E-02
  7.3200E-01  2.6192E-03  5.3974E-02  5.6593E-02
  7.3300E-01  2.5776E-03  5.5490E-02  5.8067E-02
  7.3400E-01  2.5579E-03  5.7299E-02  5.9857E-02
  7.3500E-01  2.5788E-03  5.8421E-02  6.1000E-02
  7.3600E-01  2.5787E-03  5.9180E-02  6.1759E-02
  7.3700E-01  2.5800E-03  5.9451E-02  6.2031E-02
  7.3800E-01  2.5868E-03  6.0268E-02  6.2855E-02
  7.3900E-01  2.5830E-03  6.1490E-02  6.4073E-02
  7.4000E-01  2.6210E-03  6.4122E-02  6.6743E-02
  7.4100E-01  2.6436E-03  6.3944E-02  6.6587E-02
  7.4200E-01  2.6952E-03  6.5911E-02  6.8606E-02
  7.4300E-01  2.7773E-03  6.6754E-02  6.9532E-02
  7.4400E-01  2.8348E-03  6.7290E-02  7.0125E-02
  7.4500E-01  2.8957E-03  6.8744E-02  7.1639E-02
  7.4600E-01  2.9362E-03  6.7846E-02  7.0782E-02
  7.4700E-01  3.0044E-03  6.8939E-02  7.1944E-02
  7.4800E-01  3.0070E-03  6.8203E-02  7.1210E-02
  7.4900E-01  3.0405E-03  6.8674E-02  7.1715E-02
  7.5000E-01  3.0430E-03  6.9109E-02  7.2152E-02
  7.5100E-01  3.0576E-03  6.8904E-02  7.1961E-02
  7.5200E-01  3.0725E-03  6.8697E-02  7.1770E-02
  7.5300E-01  3.0875E-03  6.8490E-02  7.1578E-02
  7.5400E-01  3.1027E-03  6.8282E-02  7.1385E-02
  7.5500E-01  3.1180E-03  6.8073E-02  7.1191E-02
  7.5600E-01  3.1335E-03  6.7863E-02  7.0997E-02
  7.5700E-01  3.1492E-03  6.7653E-02  7.0802E-02
  7.5800E-01  3.1650E-03  6.7441E-02  7.0606E-02
  7.5900E-01  3.1810E-03  6.7229E-02  7.0410E-02
  7.6000E-01  3.1972E-03  6.7016E-02  7.0213E-02
  7.6100E-01  3.2136E-03  6.6802E-02  7.0016E-02
  7.6200E-01  3.2168E-03  6.6606E-02  6.9823E-02
  7.6300E-01  3.2194E-03  6.6410E-02  6.9630E-02
  7.6400E-01  3.2220E-03  6.6213E-02  6.9435E-02
  7.6500E-01  3.2246E-03  6.6016E-02  6.9240E-02
  7.6600E-01  3.2273E-03  6.5818E-02  6.9045E-02
  7.6700E-01  3.2300E-03  6.5618E-02  6.8848E-02
  7.6800E-01  3.2327E-03  6.5419E-02  6.8651E-02
  7.6900E-01  3.2354E-03  6.5218E-02  6.8453E-02
  7.7000E-01  3.2382E-03  6.5016E-02  6.8255E-02
  7.7100E-01  3.2410E-03  6.4814E-02  6.8055E-02
  7.7200E-01  3.2438E-03  6.4611E-02  6.7855E-02
  7.7300E-01  3.2467E-03  6.4407E-02  6.7654E-02
  7.7400E-01  3.2471E-03  6.4216E-02  6.7463E-02
  7.7500E-01  3.2463E-03  6.4030E-02  6.7277E-02
  7.7600E-01  3.2454E-03  6.3844E-02  6.7089E-02
  7.7700E-01  3.2446E-03  6.3657E-02  6.6902E-02
  7.7800E-01  3.2437E-03  6.3469E-02  6.6713E-02
  7.7900E-01  3.2428E-03  6.3281E-02  6.6524E-02
  7.8000E-01  3.2420E-03  6.3092E-02  6.6334E-02
  7.8100E-01  3.2411E-03  6.2902E-02  6.6143E-02
  7.8200E-01  3.2403E-03  6.2712E-02  6.5952E-02
  7.8300E-01  3.2394E-03  6.2520E-02  6.5760E-02
  7.8400E-01  3.2386E-03  6.2328E-02  6.5567E-02
  7.8500E-01  3.2377E-03  6.2136E-02  6.5373E-02
  7.8600E-01  3.2365E-03  6.1945E-02  6.5182E-02
  7.8700E-01  3.2327E-03  6.1774E-02  6.5006E-02
  7.8800E-01  3.2288E-03  6.1602E-02  6.4830E-02
  7.8900E-01  3.2250E-03  6.1429E-02  6.4654E-02
  7.9000E-01  3.2212E-03  6.1255E-02  6.4476E-02
  7.9100E-01  3.2173E-03  6.1081E-02  6.4298E-02
  7.9200E-01  3.2134E-03  6.0906E-02  6.4120E-02
  7.9300E-01  3.2096E-03  6.0731E-02  6.3940E-02
  7.9400E-01  3.2057E-03  6.0555E-02  6.3760E-02
  7.9500E-01  3.2017E-03  6.0378E-02  6.3579E-02
  7.9600E-01  3.1978E-03  6.0200E-02  6.3398E-02
  7.9700E-01  3.1939E-03  6.0022E-02  6.3216E-02
  7.9800E-01  3.1899E-03  5.9843E-02  6.3033E-02
  7.9900E-01  3.1868E-03  5.9706E-02  6.2893E-02
