# GGADT v1.2.1
# =-=-=
# Total cross sections as a function of energy
# -----------------------------------
# Parameter values
# -----------------------------------
# a_eff:                               3.40000E-01 micron
# ephot_min:                           6.00000E-01kiloelectron-vo
# ephot_max:                           8.00000E-01kiloelectron-vo
# nephots:                                     200
# Material file:                                   lepidocrocite
# geometry:                                        ellipsoid
# angle_mode:                                      random
# ngrain:                                      128
# norientations:                                 1
# grain-axis-z:                        2.71682E-01 micron
# grain-axis-y:                        3.80354E-01 micron
# grain-axis-z:                        3.80354E-01 micron
# grid-width:                          7.60708E-01 micron
# axes-convention:                                 ddscat
# parameter_file_name:                             params_oblate_rand.ini
# -----------------------------------
 # [ephot (kiloelectron-volt)] [Q_sca] [Q_abs] [Q_ext]
  6.0000E-01  1.4087E+00  7.7000E-01  2.1787E+00
  6.0100E-01  1.4088E+00  7.6865E-01  2.1774E+00
  6.0200E-01  1.4088E+00  7.6728E-01  2.1761E+00
  6.0300E-01  1.4088E+00  7.6589E-01  2.1747E+00
  6.0400E-01  1.4088E+00  7.6450E-01  2.1733E+00
  6.0500E-01  1.4089E+00  7.6309E-01  2.1719E+00
  6.0600E-01  1.4089E+00  7.6166E-01  2.1705E+00
  6.0700E-01  1.4088E+00  7.6022E-01  2.1691E+00
  6.0800E-01  1.4088E+00  7.5878E-01  2.1676E+00
  6.0900E-01  1.4081E+00  7.5745E-01  2.1655E+00
  6.1000E-01  1.4074E+00  7.5611E-01  2.1635E+00
  6.1100E-01  1.4066E+00  7.5476E-01  2.1614E+00
  6.1200E-01  1.4059E+00  7.5340E-01  2.1593E+00
  6.1300E-01  1.4051E+00  7.5202E-01  2.1571E+00
  6.1400E-01  1.4043E+00  7.5063E-01  2.1549E+00
  6.1500E-01  1.4035E+00  7.4922E-01  2.1527E+00
  6.1600E-01  1.4027E+00  7.4781E-01  2.1505E+00
  6.1700E-01  1.4019E+00  7.4637E-01  2.1483E+00
  6.1800E-01  1.4009E+00  7.4496E-01  2.1458E+00
  6.1900E-01  1.3994E+00  7.4364E-01  2.1430E+00
  6.2000E-01  1.3979E+00  7.4230E-01  2.1402E+00
  6.2100E-01  1.3964E+00  7.4096E-01  2.1373E+00
  6.2200E-01  1.3948E+00  7.3960E-01  2.1344E+00
  6.2300E-01  1.3932E+00  7.3823E-01  2.1315E+00
  6.2400E-01  1.3916E+00  7.3684E-01  2.1285E+00
  6.2500E-01  1.3900E+00  7.3544E-01  2.1255E+00
  6.2600E-01  1.3884E+00  7.3403E-01  2.1224E+00
  6.2700E-01  1.3867E+00  7.3261E-01  2.1193E+00
  6.2800E-01  1.3849E+00  7.3120E-01  2.1161E+00
  6.2900E-01  1.3826E+00  7.2985E-01  2.1124E+00
  6.3000E-01  1.3802E+00  7.2849E-01  2.1087E+00
  6.3100E-01  1.3778E+00  7.2712E-01  2.1049E+00
  6.3200E-01  1.3754E+00  7.2573E-01  2.1011E+00
  6.3300E-01  1.3729E+00  7.2433E-01  2.0973E+00
  6.3400E-01  1.3705E+00  7.2292E-01  2.0934E+00
  6.3500E-01  1.3680E+00  7.2150E-01  2.0895E+00
  6.3600E-01  1.3654E+00  7.2006E-01  2.0855E+00
  6.3700E-01  1.3628E+00  7.1862E-01  2.0815E+00
  6.3800E-01  1.3602E+00  7.1716E-01  2.0773E+00
  6.3900E-01  1.3568E+00  7.1577E-01  2.0725E+00
  6.4000E-01  1.3533E+00  7.1437E-01  2.0677E+00
  6.4100E-01  1.3498E+00  7.1296E-01  2.0628E+00
  6.4200E-01  1.3463E+00  7.1154E-01  2.0578E+00
  6.4300E-01  1.3427E+00  7.1010E-01  2.0528E+00
  6.4400E-01  1.3391E+00  7.0865E-01  2.0477E+00
  6.4500E-01  1.3355E+00  7.0719E-01  2.0426E+00
  6.4600E-01  1.3318E+00  7.0571E-01  2.0375E+00
  6.4700E-01  1.3280E+00  7.0422E-01  2.0322E+00
  6.4800E-01  1.3243E+00  7.0272E-01  2.0270E+00
  6.4900E-01  1.3195E+00  7.0129E-01  2.0208E+00
  6.5000E-01  1.3145E+00  6.9987E-01  2.0144E+00
  6.5100E-01  1.3095E+00  6.9844E-01  2.0079E+00
  6.5200E-01  1.3043E+00  6.9700E-01  2.0013E+00
  6.5300E-01  1.2992E+00  6.9555E-01  1.9947E+00
  6.5400E-01  1.2939E+00  6.9408E-01  1.9880E+00
  6.5500E-01  1.2887E+00  6.9261E-01  1.9813E+00
  6.5600E-01  1.2833E+00  6.9112E-01  1.9745E+00
  6.5700E-01  1.2780E+00  6.8961E-01  1.9676E+00
  6.5800E-01  1.2725E+00  6.8810E-01  1.9606E+00
  6.5900E-01  1.2665E+00  6.8661E-01  1.9531E+00
  6.6000E-01  1.2591E+00  6.8522E-01  1.9443E+00
  6.6100E-01  1.2516E+00  6.8381E-01  1.9354E+00
  6.6200E-01  1.2440E+00  6.8240E-01  1.9264E+00
  6.6300E-01  1.2364E+00  6.8097E-01  1.9174E+00
  6.6400E-01  1.2287E+00  6.7953E-01  1.9082E+00
  6.6500E-01  1.2210E+00  6.7808E-01  1.8990E+00
  6.6600E-01  1.2131E+00  6.7662E-01  1.8897E+00
  6.6700E-01  1.2052E+00  6.7514E-01  1.8804E+00
  6.6800E-01  1.1973E+00  6.7365E-01  1.8709E+00
  6.6900E-01  1.1893E+00  6.7215E-01  1.8614E+00
  6.7000E-01  1.1789E+00  6.7079E-01  1.8497E+00
  6.7100E-01  1.1673E+00  6.6951E-01  1.8368E+00
  6.7200E-01  1.1555E+00  6.6821E-01  1.8237E+00
  6.7300E-01  1.1436E+00  6.6691E-01  1.8106E+00
  6.7400E-01  1.1317E+00  6.6560E-01  1.7973E+00
  6.7500E-01  1.1197E+00  6.6427E-01  1.7840E+00
  6.7600E-01  1.1076E+00  6.6294E-01  1.7706E+00
  6.7700E-01  1.0955E+00  6.6159E-01  1.7570E+00
  6.7800E-01  1.0832E+00  6.6024E-01  1.7435E+00
  6.7900E-01  1.0709E+00  6.5887E-01  1.7298E+00
  6.8000E-01  1.0585E+00  6.5749E-01  1.7160E+00
  6.8100E-01  1.0389E+00  6.5627E-01  1.6952E+00
  6.8200E-01  1.0176E+00  6.5507E-01  1.6727E+00
  6.8300E-01  9.9619E-01  6.5386E-01  1.6500E+00
  6.8400E-01  9.7473E-01  6.5264E-01  1.6274E+00
  6.8500E-01  9.5323E-01  6.5142E-01  1.6046E+00
  6.8600E-01  9.3171E-01  6.5018E-01  1.5819E+00
  6.8700E-01  9.1016E-01  6.4894E-01  1.5591E+00
  6.8800E-01  8.8861E-01  6.4768E-01  1.5363E+00
  6.8900E-01  8.6707E-01  6.4642E-01  1.5135E+00
  6.9000E-01  8.4555E-01  6.4515E-01  1.4907E+00
  6.9100E-01  8.2887E-01  6.5033E-01  1.4792E+00
  6.9200E-01  8.0029E-01  6.4025E-01  1.4405E+00
  6.9300E-01  7.5653E-01  6.4128E-01  1.3978E+00
  6.9400E-01  7.2671E-01  6.4657E-01  1.3733E+00
  6.9500E-01  6.8403E-01  6.4525E-01  1.3293E+00
  6.9600E-01  6.4208E-01  6.4913E-01  1.2912E+00
  6.9700E-01  5.8773E-01  6.5385E-01  1.2416E+00
  6.9800E-01  5.3652E-01  6.5119E-01  1.1877E+00
  6.9900E-01  4.7955E-01  6.4238E-01  1.1219E+00
  7.0000E-01  4.0977E-01  6.5318E-01  1.0630E+00
  7.0100E-01  3.3855E-01  6.5574E-01  9.9429E-01
  7.0200E-01  2.6941E-01  6.6754E-01  9.3696E-01
  7.0300E-01  2.0842E-01  6.8046E-01  8.8888E-01
  7.0400E-01  2.0130E-01  7.0132E-01  9.0262E-01
  7.0500E-01  4.1991E-01  7.6988E-01  1.1898E+00
  7.0600E-01  1.0463E+00  1.0137E+00  2.0600E+00
  7.0700E-01  9.1449E-01  1.0782E+00  1.9927E+00
  7.0800E-01  1.0223E+00  1.0946E+00  2.1169E+00
  7.0900E-01  1.1055E+00  1.0880E+00  2.1934E+00
  7.1000E-01  1.2130E+00  1.0503E+00  2.2632E+00
  7.1100E-01  1.2497E+00  1.0132E+00  2.2629E+00
  7.1200E-01  1.2686E+00  9.8936E-01  2.2580E+00
  7.1300E-01  1.3094E+00  9.4838E-01  2.2578E+00
  7.1400E-01  1.2551E+00  9.2040E-01  2.1755E+00
  7.1500E-01  1.2236E+00  9.0874E-01  2.1323E+00
  7.1600E-01  1.1891E+00  8.7785E-01  2.0670E+00
  7.1700E-01  1.0577E+00  8.5190E-01  1.9096E+00
  7.1800E-01  8.4521E-01  8.7905E-01  1.7243E+00
  7.1900E-01  6.9631E-01  9.6006E-01  1.6564E+00
  7.2000E-01  9.5558E-01  1.0308E+00  1.9863E+00
  7.2100E-01  9.3466E-01  1.0260E+00  1.9607E+00
  7.2200E-01  1.1241E+00  1.0286E+00  2.1527E+00
  7.2300E-01  1.2782E+00  9.8912E-01  2.2673E+00
  7.2400E-01  1.3929E+00  9.2025E-01  2.3131E+00
  7.2500E-01  1.3732E+00  8.8011E-01  2.2533E+00
  7.2600E-01  1.3060E+00  8.6736E-01  2.1733E+00
  7.2700E-01  1.2515E+00  8.6477E-01  2.1162E+00
  7.2800E-01  1.2140E+00  8.6787E-01  2.0819E+00
  7.2900E-01  1.1937E+00  8.6130E-01  2.0550E+00
  7.3000E-01  1.1772E+00  8.5508E-01  2.0323E+00
  7.3100E-01  1.1301E+00  8.5334E-01  1.9835E+00
  7.3200E-01  1.0895E+00  8.6180E-01  1.9513E+00
  7.3300E-01  1.0592E+00  8.7082E-01  1.9300E+00
  7.3400E-01  1.0325E+00  8.8106E-01  1.9136E+00
  7.3500E-01  1.0259E+00  8.8715E-01  1.9130E+00
  7.3600E-01  1.0174E+00  8.9115E-01  1.9086E+00
  7.3700E-01  1.0148E+00  8.9256E-01  1.9074E+00
  7.3800E-01  1.0078E+00  8.9673E-01  1.9045E+00
  7.3900E-01  9.9372E-01  9.0280E-01  1.8965E+00
  7.4000E-01  9.7677E-01  9.1515E-01  1.8919E+00
  7.4100E-01  9.8453E-01  9.1434E-01  1.8989E+00
  7.4200E-01  9.7809E-01  9.2303E-01  1.9011E+00
  7.4300E-01  9.9035E-01  9.2660E-01  1.9169E+00
  7.4400E-01  9.9909E-01  9.2883E-01  1.9279E+00
  7.4500E-01  9.9927E-01  9.3470E-01  1.9340E+00
  7.4600E-01  1.0178E+00  9.3110E-01  1.9489E+00
  7.4700E-01  1.0226E+00  9.3547E-01  1.9581E+00
  7.4800E-01  1.0306E+00  9.3254E-01  1.9632E+00
  7.4900E-01  1.0335E+00  9.3443E-01  1.9679E+00
  7.5000E-01  1.0297E+00  9.3614E-01  1.9658E+00
  7.5100E-01  1.0351E+00  9.3533E-01  1.9704E+00
  7.5200E-01  1.0405E+00  9.3452E-01  1.9750E+00
  7.5300E-01  1.0460E+00  9.3370E-01  1.9797E+00
  7.5400E-01  1.0515E+00  9.3286E-01  1.9844E+00
  7.5500E-01  1.0571E+00  9.3202E-01  1.9891E+00
  7.5600E-01  1.0628E+00  9.3117E-01  1.9939E+00
  7.5700E-01  1.0685E+00  9.3032E-01  1.9988E+00
  7.5800E-01  1.0742E+00  9.2945E-01  2.0037E+00
  7.5900E-01  1.0800E+00  9.2858E-01  2.0086E+00
  7.6000E-01  1.0859E+00  9.2769E-01  2.0136E+00
  7.6100E-01  1.0918E+00  9.2680E-01  2.0186E+00
  7.6200E-01  1.0946E+00  9.2598E-01  2.0206E+00
  7.6300E-01  1.0973E+00  9.2515E-01  2.0224E+00
  7.6400E-01  1.1000E+00  9.2432E-01  2.0243E+00
  7.6500E-01  1.1028E+00  9.2348E-01  2.0262E+00
  7.6600E-01  1.1055E+00  9.2263E-01  2.0282E+00
  7.6700E-01  1.1083E+00  9.2177E-01  2.0301E+00
  7.6800E-01  1.1111E+00  9.2090E-01  2.0320E+00
  7.6900E-01  1.1140E+00  9.2002E-01  2.0340E+00
  7.7000E-01  1.1168E+00  9.1914E-01  2.0360E+00
  7.7100E-01  1.1197E+00  9.1825E-01  2.0380E+00
  7.7200E-01  1.1227E+00  9.1734E-01  2.0400E+00
  7.7300E-01  1.1256E+00  9.1643E-01  2.0420E+00
  7.7400E-01  1.1279E+00  9.1557E-01  2.0434E+00
  7.7500E-01  1.1298E+00  9.1473E-01  2.0445E+00
  7.7600E-01  1.1317E+00  9.1389E-01  2.0456E+00
  7.7700E-01  1.1337E+00  9.1304E-01  2.0467E+00
  7.7800E-01  1.1357E+00  9.1217E-01  2.0478E+00
  7.7900E-01  1.1377E+00  9.1130E-01  2.0490E+00
  7.8000E-01  1.1397E+00  9.1043E-01  2.0501E+00
  7.8100E-01  1.1417E+00  9.0954E-01  2.0512E+00
  7.8200E-01  1.1437E+00  9.0865E-01  2.0524E+00
  7.8300E-01  1.1458E+00  9.0774E-01  2.0535E+00
  7.8400E-01  1.1478E+00  9.0683E-01  2.0547E+00
  7.8500E-01  1.1499E+00  9.0591E-01  2.0558E+00
  7.8600E-01  1.1519E+00  9.0500E-01  2.0569E+00
  7.8700E-01  1.1530E+00  9.0417E-01  2.0572E+00
  7.8800E-01  1.1542E+00  9.0334E-01  2.0576E+00
  7.8900E-01  1.1554E+00  9.0250E-01  2.0579E+00
  7.9000E-01  1.1566E+00  9.0165E-01  2.0583E+00
  7.9100E-01  1.1578E+00  9.0079E-01  2.0586E+00
  7.9200E-01  1.1590E+00  8.9993E-01  2.0590E+00
  7.9300E-01  1.1603E+00  8.9905E-01  2.0593E+00
  7.9400E-01  1.1615E+00  8.9817E-01  2.0597E+00
  7.9500E-01  1.1627E+00  8.9729E-01  2.0600E+00
  7.9600E-01  1.1640E+00  8.9639E-01  2.0604E+00
  7.9700E-01  1.1652E+00  8.9549E-01  2.0607E+00
  7.9800E-01  1.1665E+00  8.9457E-01  2.0611E+00
  7.9900E-01  1.1674E+00  8.9387E-01  2.0613E+00
